#
# A fatal error has been detected by the Java Runtime Environment:
#
#  SIGSEGV (0xb) at pc=0x0000000000975a60, pid=63064, tid=63064
#
# JRE version: OpenJDK Runtime Environment (11.0.23+9) (build 11.0.23+9-post-Ubuntu-1ubuntu122.04.1)
# Java VM: OpenJDK 64-Bit Server VM (11.0.23+9-post-Ubuntu-1ubuntu122.04.1, mixed mode, sharing, tiered, compressed oops, g1 gc, linux-amd64)
# Problematic frame:
# C  [python+0x575a60]
#
# Core dump will be written. Default location: Core dumps may be processed with "/usr/share/apport/apport -p%p -s%s -c%c -d%d -P%P -u%u -g%g -- %E" (or dumping to /home/fox/Documents/StewardIQ/stewardiq/backend/app/core.63064)
#
# If you would like to submit a bug report, please visit:
#   https://bugs.launchpad.net/ubuntu/+source/openjdk-lts
# The crash happened outside the Java Virtual Machine in native code.
# See problematic frame for where to report the bug.
#

---------------  S U M M A R Y ------------

Command Line: 

Host: 12th Gen Intel(R) Core(TM) i7-12700, 2 cores, 3G, Ubuntu 22.04.4 LTS
Time: Tue Jul  9 13:33:18 2024 PDT elapsed time: 0.316770 seconds (0d 0h 0m 0s)

---------------  T H R E A D  ---------------

Current thread (0x0000000003fa9800):  JavaThread "main" [_thread_in_native, id=63064, stack(0x00007ffde639d000,0x00007ffde649d000)]

Stack: [0x00007ffde639d000,0x00007ffde649d000],  sp=0x00007ffde6499f18,  free space=1011k
Native frames: (J=compiled Java code, A=aot compiled Java code, j=interpreted, Vv=VM code, C=native code)
C  [python+0x575a60]


siginfo: si_signo: 11 (SIGSEGV), si_code: 2 (SEGV_ACCERR), si_addr: 0x0000000000975a60

Register to memory mapping:

RAX=0x0000738075447000 points into unknown readable memory: 0x0000738075447000 | 00 70 44 75 80 73 00 00
RBX=0x000000000093d860: PyUnicode_Type+0x0000000000000000 in /home/fox/.cache/pypoetry/virtualenvs/app-nIQL6wxn-py3.11/bin/python at 0x0000000000400000
RCX=0x0 is NULL
RDX=0x0 is NULL
RSP=0x00007ffde6499f18 is pointing into the stack for thread: 0x0000000003fa9800
RBP=0x00007380712b3c30 points into unknown readable memory: 0x0000738070b24d50 | 50 4d b2 70 80 73 00 00
RSI=0x00000000000003db is an unknown value
RDI=0x00007380712b3c30 points into unknown readable memory: 0x0000738070b24d50 | 50 4d b2 70 80 73 00 00
R8 =0x00000000000003da is an unknown value
R9 =0x00007380748751d0 points into unknown readable memory: 0x00007380712b3c30 | 30 3c 2b 71 80 73 00 00
R10=0x0000000000975a60: <offset 0x0000000000575a60> in /home/fox/.cache/pypoetry/virtualenvs/app-nIQL6wxn-py3.11/bin/python at 0x0000000000400000
R11=0x0000000000a4ee58: _PyRuntime+0x000000000000e638 in /home/fox/.cache/pypoetry/virtualenvs/app-nIQL6wxn-py3.11/bin/python at 0x0000000000400000
R12=0x0000000000a691d8: _PyRuntime+0x00000000000289b8 in /home/fox/.cache/pypoetry/virtualenvs/app-nIQL6wxn-py3.11/bin/python at 0x0000000000400000
R13=0x0000000000a691d8: _PyRuntime+0x00000000000289b8 in /home/fox/.cache/pypoetry/virtualenvs/app-nIQL6wxn-py3.11/bin/python at 0x0000000000400000
R14=0x0 is NULL
R15=0x0 is NULL


Registers:
RAX=0x0000738075447000, RBX=0x000000000093d860, RCX=0x0000000000000000, RDX=0x0000000000000000
RSP=0x00007ffde6499f18, RBP=0x00007380712b3c30, RSI=0x00000000000003db, RDI=0x00007380712b3c30
R8 =0x00000000000003da, R9 =0x00007380748751d0, R10=0x0000000000975a60, R11=0x0000000000a4ee58
R12=0x0000000000a691d8, R13=0x0000000000a691d8, R14=0x0000000000000000, R15=0x0000000000000000
RIP=0x0000000000975a60, EFLAGS=0x0000000000010206, CSGSFS=0x002b000000000033, ERR=0x0000000000000015
  TRAPNO=0x000000000000000e

Top of Stack: (sp=0x00007ffde6499f18)
0x00007ffde6499f18:   0000000000576991 0000738075447000
0x00007ffde6499f28:   0000000000a691d8 00007380712b3c40
0x00007ffde6499f38:   0000000000a691d8 0000000000a691d8
0x00007ffde6499f48:   0000000000576991 0000738075447000 

Instructions: (pc=0x0000000000975a60)
0x0000000000975960:   61 6b 65 20 6c 6f 63 6b 73 20 42 20 74 68 65 6e
0x0000000000975970:   20 41 29 2e 0a 20 20 20 20 00 00 00 00 00 00 00
0x0000000000975980:   79 cd 9a 3b 00 00 00 00 60 d8 93 00 00 00 00 00
0x0000000000975990:   02 00 00 00 00 00 00 00 24 24 d8 30 f2 d5 24 4f
0x00000000009759a0:   e5 00 00 00 00 00 00 00 00 00 00 00 00 00 00 00
0x00000000009759b0:   69 64 00 00 00 00 00 00 00 00 00 00 00 00 00 00
0x00000000009759c0:   c8 cb 9a 3b 00 00 00 00 60 d8 93 00 00 00 00 00
0x00000000009759d0:   06 00 00 00 00 00 00 00 04 69 7f 7b 7c 0b ad 06
0x00000000009759e0:   e5 00 00 00 00 00 00 00 00 00 00 00 00 00 00 00
0x00000000009759f0:   66 6f 72 6d 61 74 00 00 00 00 00 00 00 00 00 00
0x0000000000975a00:   ff c9 9a 3b 00 00 00 00 60 d8 93 00 00 00 00 00
0x0000000000975a10:   17 00 00 00 00 00 00 00 ff ff ff ff ff ff ff ff
0x0000000000975a20:   e4 00 00 00 00 00 00 00 00 00 00 00 00 00 00 00
0x0000000000975a30:   5f 4d 6f 64 75 6c 65 4c 6f 63 6b 28 7b 21 72 7d
0x0000000000975a40:   29 20 61 74 20 7b 7d 00 00 00 00 00 00 00 00 00
0x0000000000975a50:   00 00 00 00 00 00 00 00 00 00 00 00 00 00 00 00
0x0000000000975a60:   b6 ca 9a 3b 00 00 00 00 60 d8 93 00 00 00 00 00
0x0000000000975a70:   0c 00 00 00 00 00 00 00 69 fd 49 e8 93 fe 18 fc
0x0000000000975a80:   e5 00 00 00 00 00 00 00 00 00 00 00 00 00 00 00
0x0000000000975a90:   52 75 6e 74 69 6d 65 45 72 72 6f 72 00 00 00 00
0x0000000000975aa0:   ff c9 9a 3b 00 00 00 00 60 d8 93 00 00 00 00 00
0x0000000000975ab0:   1f 00 00 00 00 00 00 00 ff ff ff ff ff ff ff ff
0x0000000000975ac0:   e4 00 00 00 00 00 00 00 00 00 00 00 00 00 00 00
0x0000000000975ad0:   63 61 6e 6e 6f 74 20 72 65 6c 65 61 73 65 20 75
0x0000000000975ae0:   6e 2d 61 63 71 75 69 72 65 64 20 6c 6f 63 6b 00
0x0000000000975af0:   00 00 00 00 00 00 00 00 00 00 00 00 00 00 00 00
0x0000000000975b00:   ff c9 9a 3b 00 00 00 00 60 d8 93 00 00 00 00 00
0x0000000000975b10:   17 00 00 00 00 00 00 00 ff ff ff ff ff ff ff ff
0x0000000000975b20:   e4 00 00 00 00 00 00 00 00 00 00 00 00 00 00 00
0x0000000000975b30:   64 65 61 64 6c 6f 63 6b 20 64 65 74 65 63 74 65
0x0000000000975b40:   64 20 62 79 20 25 72 00 00 00 00 00 00 00 00 00
0x0000000000975b50:   00 00 00 00 00 00 00 00 00 00 00 00 00 00 00 00 


Stack slot to memory mapping:
stack at sp + 0 slots: 0x0000000000576991: PyObject_Str+0x0000000000000161 in /home/fox/.cache/pypoetry/virtualenvs/app-nIQL6wxn-py3.11/bin/python at 0x0000000000400000
stack at sp + 1 slots: 0x0000738075447000 points into unknown readable memory: 0x0000738075447000 | 00 70 44 75 80 73 00 00
stack at sp + 2 slots: 0x0000000000a691d8: _PyRuntime+0x00000000000289b8 in /home/fox/.cache/pypoetry/virtualenvs/app-nIQL6wxn-py3.11/bin/python at 0x0000000000400000
stack at sp + 3 slots: 0x00007380712b3c40 points into unknown readable memory: 0x0000000000000004 | 04 00 00 00 00 00 00 00
stack at sp + 4 slots: 0x0000000000a691d8: _PyRuntime+0x00000000000289b8 in /home/fox/.cache/pypoetry/virtualenvs/app-nIQL6wxn-py3.11/bin/python at 0x0000000000400000
stack at sp + 5 slots: 0x0000000000a691d8: _PyRuntime+0x00000000000289b8 in /home/fox/.cache/pypoetry/virtualenvs/app-nIQL6wxn-py3.11/bin/python at 0x0000000000400000
stack at sp + 6 slots: 0x0000000000576991: PyObject_Str+0x0000000000000161 in /home/fox/.cache/pypoetry/virtualenvs/app-nIQL6wxn-py3.11/bin/python at 0x0000000000400000
stack at sp + 7 slots: 0x0000738075447000 points into unknown readable memory: 0x0000738075447000 | 00 70 44 75 80 73 00 00


---------------  P R O C E S S  ---------------

Threads class SMR info:
_java_thread_list=0x000073803c000b70, length=10, elements={
0x0000000003fa9800, 0x0000000004104800, 0x0000000004106800, 0x000000000410a800,
0x000000000410c800, 0x000000000410e800, 0x0000000004111000, 0x0000000004113000,
0x0000000004145800, 0x0000738028002000
}

Java Threads: ( => current thread )
=>0x0000000003fa9800 JavaThread "main" [_thread_in_native, id=63064, stack(0x00007ffde639d000,0x00007ffde649d000)]
  0x0000000004104800 JavaThread "Reference Handler" daemon [_thread_blocked, id=63074, stack(0x0000738054531000,0x0000738054631000)]
  0x0000000004106800 JavaThread "Finalizer" daemon [_thread_blocked, id=63075, stack(0x0000738054431000,0x0000738054531000)]
  0x000000000410a800 JavaThread "Signal Dispatcher" daemon [_thread_blocked, id=63076, stack(0x0000738054331000,0x0000738054431000)]
  0x000000000410c800 JavaThread "Service Thread" daemon [_thread_blocked, id=63077, stack(0x0000738054231000,0x0000738054331000)]
  0x000000000410e800 JavaThread "C2 CompilerThread0" daemon [_thread_blocked, id=63078, stack(0x0000738054131000,0x0000738054231000)]
  0x0000000004111000 JavaThread "C1 CompilerThread0" daemon [_thread_blocked, id=63079, stack(0x0000738054031000,0x0000738054131000)]
  0x0000000004113000 JavaThread "Sweeper thread" daemon [_thread_blocked, id=63080, stack(0x000073804c7e0000,0x000073804c8e0000)]
  0x0000000004145800 JavaThread "Common-Cleaner" daemon [_thread_blocked, id=63082, stack(0x000073804c5df000,0x000073804c6df000)]
  0x0000738028002000 JavaThread "SIGTERM handler" daemon [_thread_blocked, id=63091, stack(0x000073804c2de000,0x000073804c3de000)]

Other Threads:
  0x0000000004102000 VMThread "VM Thread" [stack: 0x0000738054632000,0x0000738054732000] [id=63073]
  0x0000000004143000 WatcherThread [stack: 0x000073804c6e0000,0x000073804c7e0000] [id=63081]
  0x0000000003fbf800 GCTaskThread "GC Thread#0" [stack: 0x000073806ff00000,0x0000738070000000] [id=63068]
  0x000073803c001800 GCTaskThread "GC Thread#1" [stack: 0x000073804c3df000,0x000073804c4df000] [id=63084]
  0x0000000003fd9800 ConcurrentGCThread "G1 Main Marker" [stack: 0x000073806f300000,0x000073806f400000] [id=63069]
  0x0000000003fdb800 ConcurrentGCThread "G1 Conc#0" [stack: 0x000073806ef00000,0x000073806f000000] [id=63070]
  0x0000000004015000 ConcurrentGCThread "G1 Refine#0" [stack: 0x0000738054834000,0x0000738054934000] [id=63071]
  0x0000000004017000 ConcurrentGCThread "G1 Young RemSet Sampling" [stack: 0x0000738054733000,0x0000738054833000] [id=63072]

Threads with active compile tasks:

VM state:not at safepoint (normal execution)

VM Mutex/Monitor currently owned by a thread: None

Heap address: 0x00000000c3800000, size: 968 MB, Compressed Oops mode: 32-bit
Narrow klass base: 0x0000000800000000, Narrow klass shift: 3
Compressed class space size: 1073741824 Address: 0x0000000840000000

Heap:
 garbage-first heap   total 17408K, used 2795K [0x00000000c3800000, 0x0000000100000000)
  region size 1024K, 1 young (1024K), 0 survivors (0K)
 Metaspace       used 1693K, capacity 4714K, committed 4864K, reserved 1056768K
  class space    used 149K, capacity 441K, committed 512K, reserved 1048576K
Heap Regions: E=young(eden), S=young(survivor), O=old, HS=humongous(starts), HC=humongous(continues), CS=collection set, F=free, A=archive, TAMS=top-at-mark-start (previous, next)
|   0|0x00000000c3800000, 0x00000000c38fa988, 0x00000000c3900000| 97%| O|  |TAMS 0x00000000c3800000, 0x00000000c3800000| Untracked 
|   1|0x00000000c3900000, 0x00000000c39ff018, 0x00000000c3a00000| 99%| O|  |TAMS 0x00000000c3900000, 0x00000000c3900000| Untracked 
|   2|0x00000000c3a00000, 0x00000000c3a0d328, 0x00000000c3b00000|  5%| O|  |TAMS 0x00000000c3a00000, 0x00000000c3a00000| Untracked 
|   3|0x00000000c3b00000, 0x00000000c3b00000, 0x00000000c3c00000|  0%| F|  |TAMS 0x00000000c3b00000, 0x00000000c3b00000| Untracked 
|   4|0x00000000c3c00000, 0x00000000c3c00000, 0x00000000c3d00000|  0%| F|  |TAMS 0x00000000c3c00000, 0x00000000c3c00000| Untracked 
|   5|0x00000000c3d00000, 0x00000000c3d00000, 0x00000000c3e00000|  0%| F|  |TAMS 0x00000000c3d00000, 0x00000000c3d00000| Untracked 
|   6|0x00000000c3e00000, 0x00000000c3e00000, 0x00000000c3f00000|  0%| F|  |TAMS 0x00000000c3e00000, 0x00000000c3e00000| Untracked 
|   7|0x00000000c3f00000, 0x00000000c3f00000, 0x00000000c4000000|  0%| F|  |TAMS 0x00000000c3f00000, 0x00000000c3f00000| Untracked 
|   8|0x00000000c4000000, 0x00000000c4000000, 0x00000000c4100000|  0%| F|  |TAMS 0x00000000c4000000, 0x00000000c4000000| Untracked 
|   9|0x00000000c4100000, 0x00000000c4100000, 0x00000000c4200000|  0%| F|  |TAMS 0x00000000c4100000, 0x00000000c4100000| Untracked 
|  10|0x00000000c4200000, 0x00000000c4200000, 0x00000000c4300000|  0%| F|  |TAMS 0x00000000c4200000, 0x00000000c4200000| Untracked 
|  11|0x00000000c4300000, 0x00000000c4300000, 0x00000000c4400000|  0%| F|  |TAMS 0x00000000c4300000, 0x00000000c4300000| Untracked 
|  12|0x00000000c4400000, 0x00000000c4400000, 0x00000000c4500000|  0%| F|  |TAMS 0x00000000c4400000, 0x00000000c4400000| Untracked 
|  13|0x00000000c4500000, 0x00000000c4500000, 0x00000000c4600000|  0%| F|  |TAMS 0x00000000c4500000, 0x00000000c4500000| Untracked 
|  14|0x00000000c4600000, 0x00000000c46b00d0, 0x00000000c4700000| 68%| E|  |TAMS 0x00000000c4600000, 0x00000000c4600000| Complete 
| 966|0x00000000ffe00000, 0x00000000ffe48000, 0x00000000fff00000| 28%|OA|  |TAMS 0x00000000ffe00000, 0x00000000ffe00000| Untracked 
| 967|0x00000000fff00000, 0x00000000fff6c000, 0x0000000100000000| 42%|CA|  |TAMS 0x00000000fff00000, 0x00000000fff00000| Untracked 

Card table byte_map: [0x0000738055a38000,0x0000738055c1c000] _byte_map_base: 0x000073805541c000

Marking Bits (Prev, Next): (CMBitMap*) 0x0000000003fd4db8, (CMBitMap*) 0x0000000003fd4df0
 Prev Bits: [0x0000738054934000, 0x0000738055854000)
 Next Bits: [0x000073804f0e0000, 0x0000738050000000)

Polling page: 0x0000738075173000

Metaspace:

Usage:
  Non-class:      4.17 MB capacity,     1.51 MB ( 36%) used,     2.66 MB ( 64%) free+waste,     2.31 KB ( <1%) overhead. 
      Class:    441.00 KB capacity,   149.89 KB ( 34%) used,   289.67 KB ( 66%) free+waste,     1.44 KB ( <1%) overhead. 
       Both:      4.60 MB capacity,     1.65 MB ( 36%) used,     2.95 MB ( 64%) free+waste,     3.75 KB ( <1%) overhead. 

Virtual space:
  Non-class space:        8.00 MB reserved,       4.25 MB ( 53%) committed 
      Class space:        1.00 GB reserved,     512.00 KB ( <1%) committed 
             Both:        1.01 GB reserved,       4.75 MB ( <1%) committed 

Chunk freelists:
   Non-Class:  15.00 KB
       Class:  7.00 KB
        Both:  22.00 KB

MaxMetaspaceSize: unlimited
CompressedClassSpaceSize: 1.00 GB
Initial GC threshold: 20.80 MB
Current GC threshold: 20.80 MB
CDS: on

CodeHeap 'non-profiled nmethods': size=120036Kb used=114Kb max_used=114Kb free=119921Kb
 bounds [0x000073805d8c7000, 0x000073805db37000, 0x0000738064e00000]
CodeHeap 'profiled nmethods': size=120032Kb used=735Kb max_used=735Kb free=119296Kb
 bounds [0x000073805638f000, 0x00007380565ff000, 0x000073805d8c7000]
CodeHeap 'non-nmethods': size=5692Kb used=1098Kb max_used=1114Kb free=4593Kb
 bounds [0x0000738055e00000, 0x0000738056070000, 0x000073805638f000]
 total_blobs=793 nmethods=449 adapters=258
 compilation: enabled
              stopped_count=0, restarted_count=0
 full_count=0

Compilation events (20 events):
Event: 0.221 Thread 0x0000000004111000 nmethod 443 0x000073805643ad10 code [0x000073805643aee0, 0x000073805643b190]
Event: 0.221 Thread 0x0000000004111000  446       3       org.jpype.manager.MethodResolution::<init> (498 bytes)
Event: 0.222 Thread 0x0000000004111000 nmethod 446 0x000073805643b290 code [0x000073805643ba80, 0x0000738056443890]
Event: 0.222 Thread 0x0000000004111000  444   !   3       sun.reflect.annotation.AnnotationParser::parseAnnotations (37 bytes)
Event: 0.222 Thread 0x0000000004111000 nmethod 444 0x0000738056444c90 code [0x0000738056444e80, 0x0000738056445180]
Event: 0.222 Thread 0x0000000004111000  445       3       java.util.Collections::emptyMap (4 bytes)
Event: 0.222 Thread 0x0000000004111000 nmethod 445 0x0000738056445310 code [0x00007380564454c0, 0x00007380564455b0]
Event: 0.222 Thread 0x0000000004111000  448       3       jdk.internal.reflect.ClassFileAssembler::emitShort (24 bytes)
Event: 0.222 Thread 0x0000000004111000 nmethod 448 0x0000738056445610 code [0x0000738056445800, 0x0000738056445af0]
Event: 0.222 Thread 0x0000000004111000  441       3       java.util.TreeMap::colorOf (13 bytes)
Event: 0.222 Thread 0x0000000004111000 nmethod 441 0x0000738056445c90 code [0x0000738056445e40, 0x0000738056445f70]
Event: 0.222 Thread 0x0000000004111000  442       3       java.nio.Buffer::nextGetIndex (32 bytes)
Event: 0.222 Thread 0x0000000004111000 nmethod 442 0x0000738056446010 code [0x00007380564461e0, 0x00007380564463c0]
Event: 0.240 Thread 0x000000000410e800 nmethod 411 0x000073805d8e1f90 code [0x000073805d8e2160, 0x000073805d8e2858]
Event: 0.241 Thread 0x000000000410e800  410       4       java.util.HashMap::getNode (148 bytes)
Event: 0.242 Thread 0x000000000410e800 nmethod 410 0x000073805d8e2d90 code [0x000073805d8e2f40, 0x000073805d8e3158]
Event: 0.242 Thread 0x000000000410e800  416       4       java.lang.PublicMethods$Key::matches (31 bytes)
Event: 0.245 Thread 0x000000000410e800 nmethod 416 0x000073805d8e3310 code [0x000073805d8e34c0, 0x000073805d8e3838]
Event: 0.304 Thread 0x0000000004111000  449       3       java.util.HashMap$HashIterator::nextNode (100 bytes)
Event: 0.304 Thread 0x0000000004111000 nmethod 449 0x0000738056446490 code [0x0000738056446680, 0x0000738056446bd0]

GC Heap History (2 events):
Event: 0.205 GC heap before
{Heap before GC invocations=0 (full 0):
 garbage-first heap   total 65536K, used 4816K [0x00000000c3800000, 0x0000000100000000)
  region size 1024K, 5 young (5120K), 0 survivors (0K)
 Metaspace       used 1679K, capacity 4711K, committed 4864K, reserved 1056768K
  class space    used 147K, capacity 440K, committed 512K, reserved 1048576K
}
Event: 0.215 GC heap after
{Heap after GC invocations=1 (full 1):
 garbage-first heap   total 17408K, used 2795K [0x00000000c3800000, 0x0000000100000000)
  region size 1024K, 0 young (0K), 0 survivors (0K)
 Metaspace       used 1679K, capacity 4711K, committed 4864K, reserved 1056768K
  class space    used 147K, capacity 440K, committed 512K, reserved 1048576K
}

Deoptimization events (20 events):
Event: 0.074 Thread 0x0000000003fa9800 DEOPT PACKING pc=0x00007380563a15d3 sp=0x00007ffde6495c90
Event: 0.074 Thread 0x0000000003fa9800 DEOPT UNPACKING pc=0x0000738055e4a64a sp=0x00007ffde6495180 mode 0
Event: 0.074 Thread 0x0000000003fa9800 DEOPT PACKING pc=0x00007380563a15d3 sp=0x00007ffde6495c90
Event: 0.074 Thread 0x0000000003fa9800 DEOPT UNPACKING pc=0x0000738055e4a64a sp=0x00007ffde6495180 mode 0
Event: 0.196 Thread 0x0000000003fa9800 Uncommon trap: trap_request=0xffffffbe fr.pc=0x000073805d8deb3c relative=0x000000000000055c
Event: 0.196 Thread 0x0000000003fa9800 Uncommon trap: reason=profile_predicate action=maybe_recompile pc=0x000073805d8deb3c method=java.lang.PublicMethods$MethodList.filter([Ljava/lang/reflect/Method;Ljava/lang/String;[Ljava/lang/Class;Z)Ljava/lang/PublicMethods$MethodList; @ 21 c2
Event: 0.196 Thread 0x0000000003fa9800 DEOPT PACKING pc=0x000073805d8deb3c sp=0x00007ffde64981e0
Event: 0.196 Thread 0x0000000003fa9800 DEOPT UNPACKING pc=0x0000738055e49ea5 sp=0x00007ffde6498198 mode 2
Event: 0.196 Thread 0x0000000003fa9800 Uncommon trap: trap_request=0xffffffbe fr.pc=0x000073805d8deb3c relative=0x000000000000055c
Event: 0.196 Thread 0x0000000003fa9800 Uncommon trap: reason=profile_predicate action=maybe_recompile pc=0x000073805d8deb3c method=java.lang.PublicMethods$MethodList.filter([Ljava/lang/reflect/Method;Ljava/lang/String;[Ljava/lang/Class;Z)Ljava/lang/PublicMethods$MethodList; @ 21 c2
Event: 0.196 Thread 0x0000000003fa9800 DEOPT PACKING pc=0x000073805d8deb3c sp=0x00007ffde6498130
Event: 0.196 Thread 0x0000000003fa9800 DEOPT UNPACKING pc=0x0000738055e49ea5 sp=0x00007ffde64980e8 mode 2
Event: 0.196 Thread 0x0000000003fa9800 Uncommon trap: trap_request=0xffffffbe fr.pc=0x000073805d8deb3c relative=0x000000000000055c
Event: 0.196 Thread 0x0000000003fa9800 Uncommon trap: reason=profile_predicate action=maybe_recompile pc=0x000073805d8deb3c method=java.lang.PublicMethods$MethodList.filter([Ljava/lang/reflect/Method;Ljava/lang/String;[Ljava/lang/Class;Z)Ljava/lang/PublicMethods$MethodList; @ 21 c2
Event: 0.196 Thread 0x0000000003fa9800 DEOPT PACKING pc=0x000073805d8deb3c sp=0x00007ffde64981e0
Event: 0.196 Thread 0x0000000003fa9800 DEOPT UNPACKING pc=0x0000738055e49ea5 sp=0x00007ffde6498198 mode 2
Event: 0.196 Thread 0x0000000003fa9800 Uncommon trap: trap_request=0xffffffbe fr.pc=0x000073805d8deb3c relative=0x000000000000055c
Event: 0.196 Thread 0x0000000003fa9800 Uncommon trap: reason=profile_predicate action=maybe_recompile pc=0x000073805d8deb3c method=java.lang.PublicMethods$MethodList.filter([Ljava/lang/reflect/Method;Ljava/lang/String;[Ljava/lang/Class;Z)Ljava/lang/PublicMethods$MethodList; @ 21 c2
Event: 0.196 Thread 0x0000000003fa9800 DEOPT PACKING pc=0x000073805d8deb3c sp=0x00007ffde6498130
Event: 0.196 Thread 0x0000000003fa9800 DEOPT UNPACKING pc=0x0000738055e49ea5 sp=0x00007ffde64980e8 mode 2

Classes redefined (0 events):
No events

Internal exceptions (4 events):
Event: 0.079 Thread 0x0000000003fa9800 Exception <a 'java/lang/NoClassDefFoundError'{0x00000000c74dda98}: org/jpype/classloader/DynamicClassLoader> (0x00000000c74dda98) thrown at [./src/hotspot/share/classfile/systemDictionary.cpp, line 219]
Event: 0.112 Thread 0x0000000003fa9800 Exception <a 'java/lang/NoSuchMethodError'{0x00000000c73781c8}: 'int java.lang.invoke.DirectMethodHandle$Holder.invokeStaticInit(java.lang.Object, java.lang.Object)'> (0x00000000c73781c8) thrown at [./src/hotspot/share/interpreter/linkResolver.cpp, line 772]
Event: 0.113 Thread 0x0000000003fa9800 Exception <a 'java/lang/NoSuchMethodError'{0x00000000c737e2a8}: 'java.lang.Object java.lang.invoke.DirectMethodHandle$Holder.invokeStaticInit(java.lang.Object, int)'> (0x00000000c737e2a8) thrown at [./src/hotspot/share/interpreter/linkResolver.cpp, line 772]
Event: 0.305 Thread 0x0000000003fa9800 Exception <a 'org/jpype/PyExceptionProxy'{0x00000000c4663af8}> (0x00000000c4663af8) thrown at [./src/hotspot/share/prims/jni.cpp, line 617]

Events (20 events):
Event: 0.188 loading class java/lang/Character$UnicodeBlock
Event: 0.188 loading class java/lang/Character$Subset
Event: 0.188 loading class java/lang/Character$Subset done
Event: 0.188 loading class java/lang/Character$UnicodeBlock done
Event: 0.192 loading class java/io/ObjectStreamException
Event: 0.192 loading class java/io/ObjectStreamException done
Event: 0.201 loading class java/lang/Short$ShortCache
Event: 0.201 loading class java/lang/Short$ShortCache done
Event: 0.204 Executing VM operation: G1CollectFull
Event: 0.215 Executing VM operation: G1CollectFull done
Event: 0.251 loading class jdk/internal/misc/Signal$1
Event: 0.272 loading class jdk/internal/misc/Signal$1 done
Event: 0.283 Thread 0x0000738028002000 Thread added: 0x0000738028002000
Event: 0.283 Protecting memory [0x000073804c2de000,0x000073804c2e2000] with protection modes 0
Event: 0.288 Thread 0x000073801c002000 Thread added: 0x000073801c002000
Event: 0.288 Protecting memory [0x000073804c1de000,0x000073804c1e2000] with protection modes 0
Event: 0.303 Executing VM operation: ThreadDump
Event: 0.303 Executing VM operation: ThreadDump done
Event: 0.303 Executing VM operation: RevokeBias
Event: 0.303 Executing VM operation: RevokeBias done


Dynamic libraries:
00400000-0041f000 r--p 00000000 08:03 3410957                            /usr/bin/python3.11
0041f000-006c4000 r-xp 0001f000 08:03 3410957                            /usr/bin/python3.11
006c4000-00929000 r--p 002c4000 08:03 3410957                            /usr/bin/python3.11
00929000-0092a000 r--p 00528000 08:03 3410957                            /usr/bin/python3.11
0092a000-00a6a000 rw-p 00529000 08:03 3410957                            /usr/bin/python3.11
00a6a000-00aaf000 rw-p 00000000 00:00 0 
02386000-0436d000 rw-p 00000000 00:00 0                                  [heap]
c3800000-c4700000 rw-p 00000000 00:00 0 
c4700000-ffe00000 ---p 00000000 00:00 0 
ffe00000-ffe48000 rw-p 00b14000 08:03 4333372                            /usr/lib/jvm/java-11-openjdk-amd64/lib/server/classes.jsa
ffe48000-fff00000 rw-p 00000000 00:00 0 
fff00000-fff6c000 rw-p 00aa8000 08:03 4333372                            /usr/lib/jvm/java-11-openjdk-amd64/lib/server/classes.jsa
fff6c000-100000000 rw-p 00000000 00:00 0 
800000000-800002000 rwxp 00001000 08:03 4333372                          /usr/lib/jvm/java-11-openjdk-amd64/lib/server/classes.jsa
800002000-8003ce000 rw-p 00003000 08:03 4333372                          /usr/lib/jvm/java-11-openjdk-amd64/lib/server/classes.jsa
8003ce000-800aa6000 r--p 003cf000 08:03 4333372                          /usr/lib/jvm/java-11-openjdk-amd64/lib/server/classes.jsa
800aa6000-800aa7000 rw-p 00aa7000 08:03 4333372                          /usr/lib/jvm/java-11-openjdk-amd64/lib/server/classes.jsa
840000000-840080000 rw-p 00000000 00:00 0 
840080000-880000000 ---p 00000000 00:00 0 
738010000000-738010021000 rw-p 00000000 00:00 0 
738010021000-738014000000 ---p 00000000 00:00 0 
738018000000-738018021000 rw-p 00000000 00:00 0 
738018021000-73801c000000 ---p 00000000 00:00 0 
73801c000000-73801c021000 rw-p 00000000 00:00 0 
73801c021000-738020000000 ---p 00000000 00:00 0 
738020000000-738020197000 rw-p 00000000 00:00 0 
738020197000-738024000000 ---p 00000000 00:00 0 
738024000000-738024196000 rw-p 00000000 00:00 0 
738024196000-738028000000 ---p 00000000 00:00 0 
738028000000-738028021000 rw-p 00000000 00:00 0 
738028021000-73802c000000 ---p 00000000 00:00 0 
73802c000000-73802c021000 rw-p 00000000 00:00 0 
73802c021000-738030000000 ---p 00000000 00:00 0 
738030000000-738030021000 rw-p 00000000 00:00 0 
738030021000-738034000000 ---p 00000000 00:00 0 
738034000000-738034021000 rw-p 00000000 00:00 0 
738034021000-738038000000 ---p 00000000 00:00 0 
738038000000-738038021000 rw-p 00000000 00:00 0 
738038021000-73803c000000 ---p 00000000 00:00 0 
73803c000000-73803c021000 rw-p 00000000 00:00 0 
73803c021000-738040000000 ---p 00000000 00:00 0 
738040000000-738040021000 rw-p 00000000 00:00 0 
738040021000-738044000000 ---p 00000000 00:00 0 
738044000000-738044021000 rw-p 00000000 00:00 0 
738044021000-738048000000 ---p 00000000 00:00 0 
738048000000-738048021000 rw-p 00000000 00:00 0 
738048021000-73804c000000 ---p 00000000 00:00 0 
73804c1de000-73804c1e2000 ---p 00000000 00:00 0 
73804c1e2000-73804c2de000 rw-p 00000000 00:00 0 
73804c2de000-73804c2e2000 ---p 00000000 00:00 0 
73804c2e2000-73804c3de000 rw-p 00000000 00:00 0 
73804c3de000-73804c3df000 ---p 00000000 00:00 0 
73804c3df000-73804c4df000 rw-p 00000000 00:00 0 
73804c4df000-73804c4e3000 ---p 00000000 00:00 0 
73804c4e3000-73804c5df000 rw-p 00000000 00:00 0 
73804c5df000-73804c5e3000 ---p 00000000 00:00 0 
73804c5e3000-73804c6df000 rw-p 00000000 00:00 0 
73804c6df000-73804c6e0000 ---p 00000000 00:00 0 
73804c6e0000-73804c7e0000 rw-p 00000000 00:00 0 
73804c7e0000-73804c7e4000 ---p 00000000 00:00 0 
73804c7e4000-73804cd20000 rw-p 00000000 00:00 0 
73804cd20000-73804d0e0000 ---p 00000000 00:00 0 
73804d0e0000-73804f11c000 rw-p 00000000 00:00 0 
73804f11c000-73804fff8000 ---p 00000000 00:00 0 
73804fff8000-738050000000 rw-p 00000000 00:00 0 
738050000000-738050021000 rw-p 00000000 00:00 0 
738050021000-738054000000 ---p 00000000 00:00 0 
738054031000-738054035000 ---p 00000000 00:00 0 
738054035000-738054131000 rw-p 00000000 00:00 0 
738054131000-738054135000 ---p 00000000 00:00 0 
738054135000-738054231000 rw-p 00000000 00:00 0 
738054231000-738054235000 ---p 00000000 00:00 0 
738054235000-738054331000 rw-p 00000000 00:00 0 
738054331000-738054335000 ---p 00000000 00:00 0 
738054335000-738054431000 rw-p 00000000 00:00 0 
738054431000-738054435000 ---p 00000000 00:00 0 
738054435000-738054531000 rw-p 00000000 00:00 0 
738054531000-738054535000 ---p 00000000 00:00 0 
738054535000-738054631000 rw-p 00000000 00:00 0 
738054631000-738054632000 ---p 00000000 00:00 0 
738054632000-738054732000 rw-p 00000000 00:00 0 
738054732000-738054733000 ---p 00000000 00:00 0 
738054733000-738054833000 rw-p 00000000 00:00 0 
738054833000-738054834000 ---p 00000000 00:00 0 
738054834000-738054970000 rw-p 00000000 00:00 0 
738054970000-73805584c000 ---p 00000000 00:00 0 
73805584c000-73805585c000 rw-p 00000000 00:00 0 
73805585c000-738055a37000 ---p 00000000 00:00 0 
738055a37000-738055a40000 rw-p 00000000 00:00 0 
738055a40000-738055c1b000 ---p 00000000 00:00 0 
738055c1b000-738055c24000 rw-p 00000000 00:00 0 
738055c24000-738055dff000 ---p 00000000 00:00 0 
738055dff000-738055e00000 rw-p 00000000 00:00 0 
738055e00000-738056070000 rwxp 00000000 00:00 0 
738056070000-73805638f000 ---p 00000000 00:00 0 
73805638f000-7380565ff000 rwxp 00000000 00:00 0 
7380565ff000-73805d8c7000 ---p 00000000 00:00 0 
73805d8c7000-73805db37000 rwxp 00000000 00:00 0 
73805db37000-738064e00000 ---p 00000000 00:00 0 
738064e00000-73806d630000 r--s 00000000 08:03 4326957                    /usr/lib/jvm/java-11-openjdk-amd64/lib/modules
73806d6ff000-73806d800000 rw-p 00000000 00:00 0 
73806d800000-73806da82000 r--p 00000000 08:03 4326960                    /usr/lib/jvm/java-11-openjdk-amd64/lib/server/libjvm.so
73806da82000-73806e720000 r-xp 00282000 08:03 4326960                    /usr/lib/jvm/java-11-openjdk-amd64/lib/server/libjvm.so
73806e720000-73806e97c000 r--p 00f20000 08:03 4326960                    /usr/lib/jvm/java-11-openjdk-amd64/lib/server/libjvm.so
73806e97c000-73806ea40000 r--p 0117b000 08:03 4326960                    /usr/lib/jvm/java-11-openjdk-amd64/lib/server/libjvm.so
73806ea40000-73806ea7b000 rw-p 0123f000 08:03 4326960                    /usr/lib/jvm/java-11-openjdk-amd64/lib/server/libjvm.so
73806ea7b000-73806ead2000 rw-p 00000000 00:00 0 
73806eaff000-73806ec00000 rw-p 00000000 00:00 0 
73806ec00000-73806ec60000 r-xp 00000000 08:03 4090719                    /home/fox/.cache/pypoetry/virtualenvs/app-nIQL6wxn-py3.11/lib/python3.11/site-packages/psycopg2_binary.libs/libpcre-9513aab5.so.1.2.0
73806ec60000-73806ee60000 ---p 00060000 08:03 4090719                    /home/fox/.cache/pypoetry/virtualenvs/app-nIQL6wxn-py3.11/lib/python3.11/site-packages/psycopg2_binary.libs/libpcre-9513aab5.so.1.2.0
73806ee60000-73806ee61000 r--p 00060000 08:03 4090719                    /home/fox/.cache/pypoetry/virtualenvs/app-nIQL6wxn-py3.11/lib/python3.11/site-packages/psycopg2_binary.libs/libpcre-9513aab5.so.1.2.0
73806ee61000-73806ee62000 rw-p 00061000 08:03 4090719                    /home/fox/.cache/pypoetry/virtualenvs/app-nIQL6wxn-py3.11/lib/python3.11/site-packages/psycopg2_binary.libs/libpcre-9513aab5.so.1.2.0
73806ee62000-73806ee63000 rw-p 00063000 08:03 4090719                    /home/fox/.cache/pypoetry/virtualenvs/app-nIQL6wxn-py3.11/lib/python3.11/site-packages/psycopg2_binary.libs/libpcre-9513aab5.so.1.2.0
73806eeff000-73806ef00000 ---p 00000000 00:00 0 
73806ef00000-73806f000000 rw-p 00000000 00:00 0 
73806f000000-73806f024000 r-xp 00000000 08:03 4090715                    /home/fox/.cache/pypoetry/virtualenvs/app-nIQL6wxn-py3.11/lib/python3.11/site-packages/psycopg2_binary.libs/libselinux-0922c95c.so.1
73806f024000-73806f223000 ---p 00024000 08:03 4090715                    /home/fox/.cache/pypoetry/virtualenvs/app-nIQL6wxn-py3.11/lib/python3.11/site-packages/psycopg2_binary.libs/libselinux-0922c95c.so.1
73806f223000-73806f224000 r--p 00023000 08:03 4090715                    /home/fox/.cache/pypoetry/virtualenvs/app-nIQL6wxn-py3.11/lib/python3.11/site-packages/psycopg2_binary.libs/libselinux-0922c95c.so.1
73806f224000-73806f225000 rw-p 00024000 08:03 4090715                    /home/fox/.cache/pypoetry/virtualenvs/app-nIQL6wxn-py3.11/lib/python3.11/site-packages/psycopg2_binary.libs/libselinux-0922c95c.so.1
73806f225000-73806f227000 rw-p 00000000 00:00 0 
73806f227000-73806f22c000 rw-p 00027000 08:03 4090715                    /home/fox/.cache/pypoetry/virtualenvs/app-nIQL6wxn-py3.11/lib/python3.11/site-packages/psycopg2_binary.libs/libselinux-0922c95c.so.1
73806f2ff000-73806f300000 ---p 00000000 00:00 0 
73806f300000-73806f400000 rw-p 00000000 00:00 0 
73806f400000-73806f403000 r-xp 00000000 08:03 4090712                    /home/fox/.cache/pypoetry/virtualenvs/app-nIQL6wxn-py3.11/lib/python3.11/site-packages/psycopg2_binary.libs/libkeyutils-dfe70bd6.so.1.5
73806f403000-73806f602000 ---p 00003000 08:03 4090712                    /home/fox/.cache/pypoetry/virtualenvs/app-nIQL6wxn-py3.11/lib/python3.11/site-packages/psycopg2_binary.libs/libkeyutils-dfe70bd6.so.1.5
73806f602000-73806f603000 r--p 00002000 08:03 4090712                    /home/fox/.cache/pypoetry/virtualenvs/app-nIQL6wxn-py3.11/lib/python3.11/site-packages/psycopg2_binary.libs/libkeyutils-dfe70bd6.so.1.5
73806f603000-73806f605000 rw-p 00003000 08:03 4090712                    /home/fox/.cache/pypoetry/virtualenvs/app-nIQL6wxn-py3.11/lib/python3.11/site-packages/psycopg2_binary.libs/libkeyutils-dfe70bd6.so.1.5
73806f6ff000-73806f800000 rw-p 00000000 00:00 0 
73806f800000-73806f80e000 r-xp 00000000 08:03 4090714                    /home/fox/.cache/pypoetry/virtualenvs/app-nIQL6wxn-py3.11/lib/python3.11/site-packages/psycopg2_binary.libs/libkrb5support-d0bcff84.so.0.1
73806f80e000-73806fa0e000 ---p 0000e000 08:03 4090714                    /home/fox/.cache/pypoetry/virtualenvs/app-nIQL6wxn-py3.11/lib/python3.11/site-packages/psycopg2_binary.libs/libkrb5support-d0bcff84.so.0.1
73806fa0e000-73806fa0f000 r--p 0000e000 08:03 4090714                    /home/fox/.cache/pypoetry/virtualenvs/app-nIQL6wxn-py3.11/lib/python3.11/site-packages/psycopg2_binary.libs/libkrb5support-d0bcff84.so.0.1
73806fa0f000-73806fa10000 rw-p 0000f000 08:03 4090714                    /home/fox/.cache/pypoetry/virtualenvs/app-nIQL6wxn-py3.11/lib/python3.11/site-packages/psycopg2_binary.libs/libkrb5support-d0bcff84.so.0.1
73806fa10000-73806fa12000 rw-p 00011000 08:03 4090714                    /home/fox/.cache/pypoetry/virtualenvs/app-nIQL6wxn-py3.11/lib/python3.11/site-packages/psycopg2_binary.libs/libkrb5support-d0bcff84.so.0.1
73806faff000-73806fc00000 rw-p 00000000 00:00 0 
73806fc00000-73806fc03000 r-xp 00000000 08:03 4090718                    /home/fox/.cache/pypoetry/virtualenvs/app-nIQL6wxn-py3.11/lib/python3.11/site-packages/psycopg2_binary.libs/libcom_err-2abe824b.so.2.1
73806fc03000-73806fe02000 ---p 00003000 08:03 4090718                    /home/fox/.cache/pypoetry/virtualenvs/app-nIQL6wxn-py3.11/lib/python3.11/site-packages/psycopg2_binary.libs/libcom_err-2abe824b.so.2.1
73806fe02000-73806fe03000 r--p 00002000 08:03 4090718                    /home/fox/.cache/pypoetry/virtualenvs/app-nIQL6wxn-py3.11/lib/python3.11/site-packages/psycopg2_binary.libs/libcom_err-2abe824b.so.2.1
73806fe03000-73806fe05000 rw-p 00003000 08:03 4090718                    /home/fox/.cache/pypoetry/virtualenvs/app-nIQL6wxn-py3.11/lib/python3.11/site-packages/psycopg2_binary.libs/libcom_err-2abe824b.so.2.1
73806feff000-73806ff00000 ---p 00000000 00:00 0 
73806ff00000-738070000000 rw-p 00000000 00:00 0 
738070000000-738070031000 r-xp 00000000 08:03 4090720                    /home/fox/.cache/pypoetry/virtualenvs/app-nIQL6wxn-py3.11/lib/python3.11/site-packages/psycopg2_binary.libs/libk5crypto-b1f99d5c.so.3.1
738070031000-738070230000 ---p 00031000 08:03 4090720                    /home/fox/.cache/pypoetry/virtualenvs/app-nIQL6wxn-py3.11/lib/python3.11/site-packages/psycopg2_binary.libs/libk5crypto-b1f99d5c.so.3.1
738070230000-738070232000 r--p 00030000 08:03 4090720                    /home/fox/.cache/pypoetry/virtualenvs/app-nIQL6wxn-py3.11/lib/python3.11/site-packages/psycopg2_binary.libs/libk5crypto-b1f99d5c.so.3.1
738070232000-738070233000 rw-p 00032000 08:03 4090720                    /home/fox/.cache/pypoetry/virtualenvs/app-nIQL6wxn-py3.11/lib/python3.11/site-packages/psycopg2_binary.libs/libk5crypto-b1f99d5c.so.3.1
738070233000-738070235000 rw-p 00034000 08:03 4090720                    /home/fox/.cache/pypoetry/virtualenvs/app-nIQL6wxn-py3.11/lib/python3.11/site-packages/psycopg2_binary.libs/libk5crypto-b1f99d5c.so.3.1
738070315000-73807031a000 rw-p 00000000 00:00 0 
73807031a000-738070400000 ---p 00000000 00:00 0 
738070400000-7380704d9000 r-xp 00000000 08:03 4090741                    /home/fox/.cache/pypoetry/virtualenvs/app-nIQL6wxn-py3.11/lib/python3.11/site-packages/psycopg2_binary.libs/libkrb5-fcafa220.so.3.3
7380704d9000-7380706d8000 ---p 000d9000 08:03 4090741                    /home/fox/.cache/pypoetry/virtualenvs/app-nIQL6wxn-py3.11/lib/python3.11/site-packages/psycopg2_binary.libs/libkrb5-fcafa220.so.3.3
7380706d8000-7380706e6000 r--p 000d8000 08:03 4090741                    /home/fox/.cache/pypoetry/virtualenvs/app-nIQL6wxn-py3.11/lib/python3.11/site-packages/psycopg2_binary.libs/libkrb5-fcafa220.so.3.3
7380706e6000-7380706e9000 rw-p 000e6000 08:03 4090741                    /home/fox/.cache/pypoetry/virtualenvs/app-nIQL6wxn-py3.11/lib/python3.11/site-packages/psycopg2_binary.libs/libkrb5-fcafa220.so.3.3
7380706e9000-7380706f5000 rw-p 000ed000 08:03 4090741                    /home/fox/.cache/pypoetry/virtualenvs/app-nIQL6wxn-py3.11/lib/python3.11/site-packages/psycopg2_binary.libs/libkrb5-fcafa220.so.3.3
7380706fd000-738070701000 r--p 00000000 08:03 4326947                    /usr/lib/jvm/java-11-openjdk-amd64/lib/libnet.so
738070701000-73807070f000 r-xp 00004000 08:03 4326947                    /usr/lib/jvm/java-11-openjdk-amd64/lib/libnet.so
73807070f000-738070713000 r--p 00012000 08:03 4326947                    /usr/lib/jvm/java-11-openjdk-amd64/lib/libnet.so
738070713000-738070714000 r--p 00015000 08:03 4326947                    /usr/lib/jvm/java-11-openjdk-amd64/lib/libnet.so
738070714000-738070715000 rw-p 00016000 08:03 4326947                    /usr/lib/jvm/java-11-openjdk-amd64/lib/libnet.so
738070715000-73807071a000 rw-p 00000000 00:00 0 
73807071a000-738070800000 ---p 00000000 00:00 0 
738070800000-73807084a000 r-xp 00000000 08:03 4090722                    /home/fox/.cache/pypoetry/virtualenvs/app-nIQL6wxn-py3.11/lib/python3.11/site-packages/psycopg2_binary.libs/libgssapi_krb5-497db0c6.so.2.2
73807084a000-738070a4a000 ---p 0004a000 08:03 4090722                    /home/fox/.cache/pypoetry/virtualenvs/app-nIQL6wxn-py3.11/lib/python3.11/site-packages/psycopg2_binary.libs/libgssapi_krb5-497db0c6.so.2.2
738070a4a000-738070a4b000 r--p 0004a000 08:03 4090722                    /home/fox/.cache/pypoetry/virtualenvs/app-nIQL6wxn-py3.11/lib/python3.11/site-packages/psycopg2_binary.libs/libgssapi_krb5-497db0c6.so.2.2
738070a4b000-738070a4d000 rw-p 0004b000 08:03 4090722                    /home/fox/.cache/pypoetry/virtualenvs/app-nIQL6wxn-py3.11/lib/python3.11/site-packages/psycopg2_binary.libs/libgssapi_krb5-497db0c6.so.2.2
738070a4d000-738070a53000 rw-p 0004f000 08:03 4090722                    /home/fox/.cache/pypoetry/virtualenvs/app-nIQL6wxn-py3.11/lib/python3.11/site-packages/psycopg2_binary.libs/libgssapi_krb5-497db0c6.so.2.2
738070a5e000-738070c00000 rw-p 00000000 00:00 0 
738070c00000-738070c77000 r--p 00000000 08:03 4090724                    /home/fox/.cache/pypoetry/virtualenvs/app-nIQL6wxn-py3.11/lib/python3.11/site-packages/psycopg2_binary.libs/libcrypto-7d0e8add.so.1.1
738070c77000-738070e22000 r-xp 00077000 08:03 4090724                    /home/fox/.cache/pypoetry/virtualenvs/app-nIQL6wxn-py3.11/lib/python3.11/site-packages/psycopg2_binary.libs/libcrypto-7d0e8add.so.1.1
738070e22000-738070eb0000 r--p 00222000 08:03 4090724                    /home/fox/.cache/pypoetry/virtualenvs/app-nIQL6wxn-py3.11/lib/python3.11/site-packages/psycopg2_binary.libs/libcrypto-7d0e8add.so.1.1
738070eb0000-738070eb1000 ---p 002b0000 08:03 4090724                    /home/fox/.cache/pypoetry/virtualenvs/app-nIQL6wxn-py3.11/lib/python3.11/site-packages/psycopg2_binary.libs/libcrypto-7d0e8add.so.1.1
738070eb1000-738070edc000 r--p 002b0000 08:03 4090724                    /home/fox/.cache/pypoetry/virtualenvs/app-nIQL6wxn-py3.11/lib/python3.11/site-packages/psycopg2_binary.libs/libcrypto-7d0e8add.so.1.1
738070edc000-738070edf000 rw-p 002db000 08:03 4090724                    /home/fox/.cache/pypoetry/virtualenvs/app-nIQL6wxn-py3.11/lib/python3.11/site-packages/psycopg2_binary.libs/libcrypto-7d0e8add.so.1.1
738070edf000-738070ee3000 rw-p 00000000 00:00 0 
738070ee3000-738070f02000 rw-p 002de000 08:03 4090724                    /home/fox/.cache/pypoetry/virtualenvs/app-nIQL6wxn-py3.11/lib/python3.11/site-packages/psycopg2_binary.libs/libcrypto-7d0e8add.so.1.1
738070f0b000-738070f12000 r--p 00000000 08:03 4326948                    /usr/lib/jvm/java-11-openjdk-amd64/lib/libnio.so
738070f12000-738070f1a000 r-xp 00007000 08:03 4326948                    /usr/lib/jvm/java-11-openjdk-amd64/lib/libnio.so
738070f1a000-738070f1d000 r--p 0000f000 08:03 4326948                    /usr/lib/jvm/java-11-openjdk-amd64/lib/libnio.so
738070f1d000-738070f1e000 r--p 00011000 08:03 4326948                    /usr/lib/jvm/java-11-openjdk-amd64/lib/libnio.so
738070f1e000-738070f1f000 rw-p 00012000 08:03 4326948                    /usr/lib/jvm/java-11-openjdk-amd64/lib/libnio.so
738070f1f000-738070f24000 rw-p 00000000 00:00 0 
738070f24000-738070f2b000 ---p 00000000 00:00 0 
738070f2b000-738070f2d000 r--p 00000000 08:03 4326956                    /usr/lib/jvm/java-11-openjdk-amd64/lib/libzip.so
738070f2d000-738070f32000 r-xp 00002000 08:03 4326956                    /usr/lib/jvm/java-11-openjdk-amd64/lib/libzip.so
738070f32000-738070f34000 r--p 00007000 08:03 4326956                    /usr/lib/jvm/java-11-openjdk-amd64/lib/libzip.so
738070f34000-738070f35000 r--p 00008000 08:03 4326956                    /usr/lib/jvm/java-11-openjdk-amd64/lib/libzip.so
738070f35000-738070f36000 rw-p 00009000 08:03 4326956                    /usr/lib/jvm/java-11-openjdk-amd64/lib/libzip.so
738070f36000-738070f44000 r--p 00000000 08:03 4326936                    /usr/lib/jvm/java-11-openjdk-amd64/lib/libjava.so
738070f44000-738070f5a000 r-xp 0000e000 08:03 4326936                    /usr/lib/jvm/java-11-openjdk-amd64/lib/libjava.so
738070f5a000-738070f61000 r--p 00024000 08:03 4326936                    /usr/lib/jvm/java-11-openjdk-amd64/lib/libjava.so
738070f61000-738070f62000 r--p 0002a000 08:03 4326936                    /usr/lib/jvm/java-11-openjdk-amd64/lib/libjava.so
738070f62000-738070f63000 rw-p 0002b000 08:03 4326936                    /usr/lib/jvm/java-11-openjdk-amd64/lib/libjava.so
738070f63000-738070f64000 rw-p 00000000 00:00 0 
738070f64000-738070f9f000 r--p 00000000 08:03 4090609                    /home/fox/.cache/pypoetry/virtualenvs/app-nIQL6wxn-py3.11/lib/python3.11/site-packages/_jpype.cpython-311-x86_64-linux-gnu.so
738070f9f000-738070ff3000 r-xp 0003b000 08:03 4090609                    /home/fox/.cache/pypoetry/virtualenvs/app-nIQL6wxn-py3.11/lib/python3.11/site-packages/_jpype.cpython-311-x86_64-linux-gnu.so
738070ff3000-73807101b000 r--p 0008f000 08:03 4090609                    /home/fox/.cache/pypoetry/virtualenvs/app-nIQL6wxn-py3.11/lib/python3.11/site-packages/_jpype.cpython-311-x86_64-linux-gnu.so
73807101b000-73807101c000 ---p 000b7000 08:03 4090609                    /home/fox/.cache/pypoetry/virtualenvs/app-nIQL6wxn-py3.11/lib/python3.11/site-packages/_jpype.cpython-311-x86_64-linux-gnu.so
73807101c000-738071020000 r--p 000b7000 08:03 4090609                    /home/fox/.cache/pypoetry/virtualenvs/app-nIQL6wxn-py3.11/lib/python3.11/site-packages/_jpype.cpython-311-x86_64-linux-gnu.so
738071020000-738071024000 rw-p 000bb000 08:03 4090609                    /home/fox/.cache/pypoetry/virtualenvs/app-nIQL6wxn-py3.11/lib/python3.11/site-packages/_jpype.cpython-311-x86_64-linux-gnu.so
738071024000-738071028000 r--p 00000000 08:03 4090713                    /home/fox/.cache/pypoetry/virtualenvs/app-nIQL6wxn-py3.11/lib/python3.11/site-packages/psycopg2_binary.libs/libsasl2-883649fd.so.3.0.0
738071028000-738071039000 r-xp 00004000 08:03 4090713                    /home/fox/.cache/pypoetry/virtualenvs/app-nIQL6wxn-py3.11/lib/python3.11/site-packages/psycopg2_binary.libs/libsasl2-883649fd.so.3.0.0
738071039000-73807103f000 r--p 00015000 08:03 4090713                    /home/fox/.cache/pypoetry/virtualenvs/app-nIQL6wxn-py3.11/lib/python3.11/site-packages/psycopg2_binary.libs/libsasl2-883649fd.so.3.0.0
73807103f000-738071040000 r--p 0001a000 08:03 4090713                    /home/fox/.cache/pypoetry/virtualenvs/app-nIQL6wxn-py3.11/lib/python3.11/site-packages/psycopg2_binary.libs/libsasl2-883649fd.so.3.0.0
738071040000-738071043000 rw-p 0001b000 08:03 4090713                    /home/fox/.cache/pypoetry/virtualenvs/app-nIQL6wxn-py3.11/lib/python3.11/site-packages/psycopg2_binary.libs/libsasl2-883649fd.so.3.0.0
738071043000-738071053000 r--p 00000000 08:03 4090717                    /home/fox/.cache/pypoetry/virtualenvs/app-nIQL6wxn-py3.11/lib/python3.11/site-packages/psycopg2_binary.libs/libldap-1b002981.so.2.0.200
738071053000-73807108c000 r-xp 00010000 08:03 4090717                    /home/fox/.cache/pypoetry/virtualenvs/app-nIQL6wxn-py3.11/lib/python3.11/site-packages/psycopg2_binary.libs/libldap-1b002981.so.2.0.200
73807108c000-73807109e000 r--p 00049000 08:03 4090717                    /home/fox/.cache/pypoetry/virtualenvs/app-nIQL6wxn-py3.11/lib/python3.11/site-packages/psycopg2_binary.libs/libldap-1b002981.so.2.0.200
73807109e000-73807109f000 r--p 0005a000 08:03 4090717                    /home/fox/.cache/pypoetry/virtualenvs/app-nIQL6wxn-py3.11/lib/python3.11/site-packages/psycopg2_binary.libs/libldap-1b002981.so.2.0.200
73807109f000-7380710a1000 rw-p 0005b000 08:03 4090717                    /home/fox/.cache/pypoetry/virtualenvs/app-nIQL6wxn-py3.11/lib/python3.11/site-packages/psycopg2_binary.libs/libldap-1b002981.so.2.0.200
7380710a1000-7380710a3000 rw-p 00000000 00:00 0 
7380710a3000-7380710b3000 rw-p 0005e000 08:03 4090717                    /home/fox/.cache/pypoetry/virtualenvs/app-nIQL6wxn-py3.11/lib/python3.11/site-packages/psycopg2_binary.libs/libldap-1b002981.so.2.0.200
7380710b3000-7380710cf000 r--p 00000000 08:03 4090716                    /home/fox/.cache/pypoetry/virtualenvs/app-nIQL6wxn-py3.11/lib/python3.11/site-packages/psycopg2_binary.libs/libssl-3e69114b.so.1.1
7380710cf000-73807111f000 r-xp 0001c000 08:03 4090716                    /home/fox/.cache/pypoetry/virtualenvs/app-nIQL6wxn-py3.11/lib/python3.11/site-packages/psycopg2_binary.libs/libssl-3e69114b.so.1.1
73807111f000-738071139000 r--p 0006c000 08:03 4090716                    /home/fox/.cache/pypoetry/virtualenvs/app-nIQL6wxn-py3.11/lib/python3.11/site-packages/psycopg2_binary.libs/libssl-3e69114b.so.1.1
738071139000-73807113a000 ---p 00086000 08:03 4090716                    /home/fox/.cache/pypoetry/virtualenvs/app-nIQL6wxn-py3.11/lib/python3.11/site-packages/psycopg2_binary.libs/libssl-3e69114b.so.1.1
73807113a000-738071142000 r--p 00086000 08:03 4090716                    /home/fox/.cache/pypoetry/virtualenvs/app-nIQL6wxn-py3.11/lib/python3.11/site-packages/psycopg2_binary.libs/libssl-3e69114b.so.1.1
738071142000-738071152000 rw-p 0008e000 08:03 4090716                    /home/fox/.cache/pypoetry/virtualenvs/app-nIQL6wxn-py3.11/lib/python3.11/site-packages/psycopg2_binary.libs/libssl-3e69114b.so.1.1
738071152000-73807115d000 r--p 00000000 08:03 4090721                    /home/fox/.cache/pypoetry/virtualenvs/app-nIQL6wxn-py3.11/lib/python3.11/site-packages/psycopg2_binary.libs/libpq-e8a033dd.so.5.16
73807115d000-738071180000 r-xp 0000b000 08:03 4090721                    /home/fox/.cache/pypoetry/virtualenvs/app-nIQL6wxn-py3.11/lib/python3.11/site-packages/psycopg2_binary.libs/libpq-e8a033dd.so.5.16
738071180000-7380711a2000 r--p 0002e000 08:03 4090721                    /home/fox/.cache/pypoetry/virtualenvs/app-nIQL6wxn-py3.11/lib/python3.11/site-packages/psycopg2_binary.libs/libpq-e8a033dd.so.5.16
7380711a2000-7380711a3000 ---p 00050000 08:03 4090721                    /home/fox/.cache/pypoetry/virtualenvs/app-nIQL6wxn-py3.11/lib/python3.11/site-packages/psycopg2_binary.libs/libpq-e8a033dd.so.5.16
7380711a3000-7380711a6000 r--p 00050000 08:03 4090721                    /home/fox/.cache/pypoetry/virtualenvs/app-nIQL6wxn-py3.11/lib/python3.11/site-packages/psycopg2_binary.libs/libpq-e8a033dd.so.5.16
7380711a6000-7380711a7000 rw-p 00053000 08:03 4090721                    /home/fox/.cache/pypoetry/virtualenvs/app-nIQL6wxn-py3.11/lib/python3.11/site-packages/psycopg2_binary.libs/libpq-e8a033dd.so.5.16
7380711a7000-7380711ad000 rw-p 00055000 08:03 4090721                    /home/fox/.cache/pypoetry/virtualenvs/app-nIQL6wxn-py3.11/lib/python3.11/site-packages/psycopg2_binary.libs/libpq-e8a033dd.so.5.16
7380711ad000-7380711bd000 r--p 00000000 08:03 4090775                    /home/fox/.cache/pypoetry/virtualenvs/app-nIQL6wxn-py3.11/lib/python3.11/site-packages/psycopg2/_psycopg.cpython-311-x86_64-linux-gnu.so
7380711bd000-7380711db000 r-xp 00010000 08:03 4090775                    /home/fox/.cache/pypoetry/virtualenvs/app-nIQL6wxn-py3.11/lib/python3.11/site-packages/psycopg2/_psycopg.cpython-311-x86_64-linux-gnu.so
7380711db000-7380711f1000 r--p 0002e000 08:03 4090775                    /home/fox/.cache/pypoetry/virtualenvs/app-nIQL6wxn-py3.11/lib/python3.11/site-packages/psycopg2/_psycopg.cpython-311-x86_64-linux-gnu.so
7380711f1000-7380711f3000 r--p 00043000 08:03 4090775                    /home/fox/.cache/pypoetry/virtualenvs/app-nIQL6wxn-py3.11/lib/python3.11/site-packages/psycopg2/_psycopg.cpython-311-x86_64-linux-gnu.so
7380711f3000-7380711fa000 rw-p 00045000 08:03 4090775                    /home/fox/.cache/pypoetry/virtualenvs/app-nIQL6wxn-py3.11/lib/python3.11/site-packages/psycopg2/_psycopg.cpython-311-x86_64-linux-gnu.so
7380711fa000-7380711ff000 rw-p 0004d000 08:03 4090775                    /home/fox/.cache/pypoetry/virtualenvs/app-nIQL6wxn-py3.11/lib/python3.11/site-packages/psycopg2/_psycopg.cpython-311-x86_64-linux-gnu.so
7380711ff000-738071cff000 rw-p 00000000 00:00 0 
738071cff000-738071d10000 r--p 00000000 08:03 4090626                    /home/fox/.cache/pypoetry/virtualenvs/app-nIQL6wxn-py3.11/lib/python3.11/site-packages/asyncpg/protocol/protocol.cpython-311-x86_64-linux-gnu.so
738071d10000-738071db0000 r-xp 00011000 08:03 4090626                    /home/fox/.cache/pypoetry/virtualenvs/app-nIQL6wxn-py3.11/lib/python3.11/site-packages/asyncpg/protocol/protocol.cpython-311-x86_64-linux-gnu.so
738071db0000-738071dc6000 r--p 000b1000 08:03 4090626                    /home/fox/.cache/pypoetry/virtualenvs/app-nIQL6wxn-py3.11/lib/python3.11/site-packages/asyncpg/protocol/protocol.cpython-311-x86_64-linux-gnu.so
738071dc6000-738071dc7000 r--p 000c6000 08:03 4090626                    /home/fox/.cache/pypoetry/virtualenvs/app-nIQL6wxn-py3.11/lib/python3.11/site-packages/asyncpg/protocol/protocol.cpython-311-x86_64-linux-gnu.so
738071dc7000-738071dd4000 rw-p 000c7000 08:03 4090626                    /home/fox/.cache/pypoetry/virtualenvs/app-nIQL6wxn-py3.11/lib/python3.11/site-packages/asyncpg/protocol/protocol.cpython-311-x86_64-linux-gnu.so
738071dd4000-738072600000 rw-p 00000000 00:00 0 
738072600000-73807269a000 r--p 00000000 08:03 3431238                    /usr/lib/x86_64-linux-gnu/libstdc++.so.6.0.30
73807269a000-7380727ab000 r-xp 0009a000 08:03 3431238                    /usr/lib/x86_64-linux-gnu/libstdc++.so.6.0.30
7380727ab000-73807281a000 r--p 001ab000 08:03 3431238                    /usr/lib/x86_64-linux-gnu/libstdc++.so.6.0.30
73807281a000-73807281b000 ---p 0021a000 08:03 3431238                    /usr/lib/x86_64-linux-gnu/libstdc++.so.6.0.30
73807281b000-738072826000 r--p 0021a000 08:03 3431238                    /usr/lib/x86_64-linux-gnu/libstdc++.so.6.0.30
738072826000-738072829000 rw-p 00225000 08:03 3431238                    /usr/lib/x86_64-linux-gnu/libstdc++.so.6.0.30
738072829000-73807282c000 rw-p 00000000 00:00 0 
738072831000-738072839000 rw-s 00000000 08:03 1048639                    /tmp/hsperfdata_fox/63064
738072839000-73807283c000 r--p 00000000 08:03 4090723                    /home/fox/.cache/pypoetry/virtualenvs/app-nIQL6wxn-py3.11/lib/python3.11/site-packages/psycopg2_binary.libs/liblber-1c2d2bfc.so.2.0.200
73807283c000-738072843000 r-xp 00003000 08:03 4090723                    /home/fox/.cache/pypoetry/virtualenvs/app-nIQL6wxn-py3.11/lib/python3.11/site-packages/psycopg2_binary.libs/liblber-1c2d2bfc.so.2.0.200
738072843000-738072846000 r--p 0000a000 08:03 4090723                    /home/fox/.cache/pypoetry/virtualenvs/app-nIQL6wxn-py3.11/lib/python3.11/site-packages/psycopg2_binary.libs/liblber-1c2d2bfc.so.2.0.200
738072846000-738072847000 r--p 0000c000 08:03 4090723                    /home/fox/.cache/pypoetry/virtualenvs/app-nIQL6wxn-py3.11/lib/python3.11/site-packages/psycopg2_binary.libs/liblber-1c2d2bfc.so.2.0.200
738072847000-738072849000 rw-p 0000d000 08:03 4090723                    /home/fox/.cache/pypoetry/virtualenvs/app-nIQL6wxn-py3.11/lib/python3.11/site-packages/psycopg2_binary.libs/liblber-1c2d2bfc.so.2.0.200
738072849000-73807284c000 r--p 00000000 08:03 3410096                    /usr/lib/x86_64-linux-gnu/libresolv.so.2
73807284c000-738072856000 r-xp 00003000 08:03 3410096                    /usr/lib/x86_64-linux-gnu/libresolv.so.2
738072856000-738072859000 r--p 0000d000 08:03 3410096                    /usr/lib/x86_64-linux-gnu/libresolv.so.2
738072859000-73807285a000 r--p 0000f000 08:03 3410096                    /usr/lib/x86_64-linux-gnu/libresolv.so.2
73807285a000-73807285b000 rw-p 00010000 08:03 3410096                    /usr/lib/x86_64-linux-gnu/libresolv.so.2
73807285b000-73807285d000 rw-p 00000000 00:00 0 
73807285e000-738072863000 r--p 00000000 08:03 4326955                    /usr/lib/jvm/java-11-openjdk-amd64/lib/libverify.so
738072863000-73807286a000 r-xp 00005000 08:03 4326955                    /usr/lib/jvm/java-11-openjdk-amd64/lib/libverify.so
73807286a000-73807286c000 r--p 0000c000 08:03 4326955                    /usr/lib/jvm/java-11-openjdk-amd64/lib/libverify.so
73807286c000-73807286e000 r--p 0000d000 08:03 4326955                    /usr/lib/jvm/java-11-openjdk-amd64/lib/libverify.so
73807286e000-73807286f000 rw-p 0000f000 08:03 4326955                    /usr/lib/jvm/java-11-openjdk-amd64/lib/libverify.so
73807286f000-73807287c000 r--p 00000000 08:03 4083962                    /home/fox/.cache/pypoetry/virtualenvs/app-nIQL6wxn-py3.11/lib/python3.11/site-packages/charset_normalizer/md__mypyc.cpython-311-x86_64-linux-gnu.so
73807287c000-738072897000 r-xp 0000d000 08:03 4083962                    /home/fox/.cache/pypoetry/virtualenvs/app-nIQL6wxn-py3.11/lib/python3.11/site-packages/charset_normalizer/md__mypyc.cpython-311-x86_64-linux-gnu.so
738072897000-7380728a0000 r--p 00028000 08:03 4083962                    /home/fox/.cache/pypoetry/virtualenvs/app-nIQL6wxn-py3.11/lib/python3.11/site-packages/charset_normalizer/md__mypyc.cpython-311-x86_64-linux-gnu.so
7380728a0000-7380728a1000 ---p 00031000 08:03 4083962                    /home/fox/.cache/pypoetry/virtualenvs/app-nIQL6wxn-py3.11/lib/python3.11/site-packages/charset_normalizer/md__mypyc.cpython-311-x86_64-linux-gnu.so
7380728a1000-7380728a2000 r--p 00031000 08:03 4083962                    /home/fox/.cache/pypoetry/virtualenvs/app-nIQL6wxn-py3.11/lib/python3.11/site-packages/charset_normalizer/md__mypyc.cpython-311-x86_64-linux-gnu.so
7380728a2000-7380728a7000 rw-p 00032000 08:03 4083962                    /home/fox/.cache/pypoetry/virtualenvs/app-nIQL6wxn-py3.11/lib/python3.11/site-packages/charset_normalizer/md__mypyc.cpython-311-x86_64-linux-gnu.so
7380728a7000-7380728ae000 r--p 00000000 08:03 4090589                    /home/fox/.cache/pypoetry/virtualenvs/app-nIQL6wxn-py3.11/lib/python3.11/site-packages/asyncpg/pgproto/pgproto.cpython-311-x86_64-linux-gnu.so
7380728ae000-7380728e0000 r-xp 00007000 08:03 4090589                    /home/fox/.cache/pypoetry/virtualenvs/app-nIQL6wxn-py3.11/lib/python3.11/site-packages/asyncpg/pgproto/pgproto.cpython-311-x86_64-linux-gnu.so
7380728e0000-7380728ea000 r--p 00039000 08:03 4090589                    /home/fox/.cache/pypoetry/virtualenvs/app-nIQL6wxn-py3.11/lib/python3.11/site-packages/asyncpg/pgproto/pgproto.cpython-311-x86_64-linux-gnu.so
7380728ea000-7380728eb000 ---p 00043000 08:03 4090589                    /home/fox/.cache/pypoetry/virtualenvs/app-nIQL6wxn-py3.11/lib/python3.11/site-packages/asyncpg/pgproto/pgproto.cpython-311-x86_64-linux-gnu.so
7380728eb000-7380728ec000 r--p 00043000 08:03 4090589                    /home/fox/.cache/pypoetry/virtualenvs/app-nIQL6wxn-py3.11/lib/python3.11/site-packages/asyncpg/pgproto/pgproto.cpython-311-x86_64-linux-gnu.so
7380728ec000-7380728f0000 rw-p 00044000 08:03 4090589                    /home/fox/.cache/pypoetry/virtualenvs/app-nIQL6wxn-py3.11/lib/python3.11/site-packages/asyncpg/pgproto/pgproto.cpython-311-x86_64-linux-gnu.so
7380728f0000-7380729f3000 rw-p 00000000 00:00 0 
7380729f3000-7380729fc000 r--p 00000000 08:03 4080988                    /home/fox/.cache/pypoetry/virtualenvs/app-nIQL6wxn-py3.11/lib/python3.11/site-packages/greenlet/_greenlet.cpython-311-x86_64-linux-gnu.so
7380729fc000-738072a0c000 r-xp 00009000 08:03 4080988                    /home/fox/.cache/pypoetry/virtualenvs/app-nIQL6wxn-py3.11/lib/python3.11/site-packages/greenlet/_greenlet.cpython-311-x86_64-linux-gnu.so
738072a0c000-738072a12000 r--p 00019000 08:03 4080988                    /home/fox/.cache/pypoetry/virtualenvs/app-nIQL6wxn-py3.11/lib/python3.11/site-packages/greenlet/_greenlet.cpython-311-x86_64-linux-gnu.so
738072a12000-738072a13000 ---p 0001f000 08:03 4080988                    /home/fox/.cache/pypoetry/virtualenvs/app-nIQL6wxn-py3.11/lib/python3.11/site-packages/greenlet/_greenlet.cpython-311-x86_64-linux-gnu.so
738072a13000-738072a14000 r--p 0001f000 08:03 4080988                    /home/fox/.cache/pypoetry/virtualenvs/app-nIQL6wxn-py3.11/lib/python3.11/site-packages/greenlet/_greenlet.cpython-311-x86_64-linux-gnu.so
738072a14000-738072a15000 rw-p 00020000 08:03 4080988                    /home/fox/.cache/pypoetry/virtualenvs/app-nIQL6wxn-py3.11/lib/python3.11/site-packages/greenlet/_greenlet.cpython-311-x86_64-linux-gnu.so
738072a15000-738073200000 rw-p 00000000 00:00 0 
738073200000-73807324b000 r--p 00000000 08:03 4081337                    /home/fox/.cache/pypoetry/virtualenvs/app-nIQL6wxn-py3.11/lib/python3.11/site-packages/pydantic_core/_pydantic_core.cpython-311-x86_64-linux-gnu.so
73807324b000-7380735ef000 r-xp 0004b000 08:03 4081337                    /home/fox/.cache/pypoetry/virtualenvs/app-nIQL6wxn-py3.11/lib/python3.11/site-packages/pydantic_core/_pydantic_core.cpython-311-x86_64-linux-gnu.so
7380735ef000-738073706000 r--p 003ef000 08:03 4081337                    /home/fox/.cache/pypoetry/virtualenvs/app-nIQL6wxn-py3.11/lib/python3.11/site-packages/pydantic_core/_pydantic_core.cpython-311-x86_64-linux-gnu.so
738073706000-738073707000 ---p 00506000 08:03 4081337                    /home/fox/.cache/pypoetry/virtualenvs/app-nIQL6wxn-py3.11/lib/python3.11/site-packages/pydantic_core/_pydantic_core.cpython-311-x86_64-linux-gnu.so
738073707000-73807373c000 r--p 00506000 08:03 4081337                    /home/fox/.cache/pypoetry/virtualenvs/app-nIQL6wxn-py3.11/lib/python3.11/site-packages/pydantic_core/_pydantic_core.cpython-311-x86_64-linux-gnu.so
73807373c000-73807373e000 rw-p 0053b000 08:03 4081337                    /home/fox/.cache/pypoetry/virtualenvs/app-nIQL6wxn-py3.11/lib/python3.11/site-packages/pydantic_core/_pydantic_core.cpython-311-x86_64-linux-gnu.so
73807373e000-738073742000 r--p 00000000 08:03 4090064                    /home/fox/.cache/pypoetry/virtualenvs/app-nIQL6wxn-py3.11/lib/python3.11/site-packages/sqlalchemy/cyextension/util.cpython-311-x86_64-linux-gnu.so
738073742000-738073753000 r-xp 00004000 08:03 4090064                    /home/fox/.cache/pypoetry/virtualenvs/app-nIQL6wxn-py3.11/lib/python3.11/site-packages/sqlalchemy/cyextension/util.cpython-311-x86_64-linux-gnu.so
738073753000-738073756000 r--p 00015000 08:03 4090064                    /home/fox/.cache/pypoetry/virtualenvs/app-nIQL6wxn-py3.11/lib/python3.11/site-packages/sqlalchemy/cyextension/util.cpython-311-x86_64-linux-gnu.so
738073756000-738073757000 ---p 00018000 08:03 4090064                    /home/fox/.cache/pypoetry/virtualenvs/app-nIQL6wxn-py3.11/lib/python3.11/site-packages/sqlalchemy/cyextension/util.cpython-311-x86_64-linux-gnu.so
738073757000-738073758000 r--p 00018000 08:03 4090064                    /home/fox/.cache/pypoetry/virtualenvs/app-nIQL6wxn-py3.11/lib/python3.11/site-packages/sqlalchemy/cyextension/util.cpython-311-x86_64-linux-gnu.so
738073758000-738073759000 rw-p 00019000 08:03 4090064                    /home/fox/.cache/pypoetry/virtualenvs/app-nIQL6wxn-py3.11/lib/python3.11/site-packages/sqlalchemy/cyextension/util.cpython-311-x86_64-linux-gnu.so
738073759000-73807375a000 rw-p 00000000 00:00 0 
73807375a000-73807375e000 r--p 00000000 08:03 4090066                    /home/fox/.cache/pypoetry/virtualenvs/app-nIQL6wxn-py3.11/lib/python3.11/site-packages/sqlalchemy/cyextension/resultproxy.cpython-311-x86_64-linux-gnu.so
73807375e000-73807376a000 r-xp 00004000 08:03 4090066                    /home/fox/.cache/pypoetry/virtualenvs/app-nIQL6wxn-py3.11/lib/python3.11/site-packages/sqlalchemy/cyextension/resultproxy.cpython-311-x86_64-linux-gnu.so
73807376a000-73807376d000 r--p 00010000 08:03 4090066                    /home/fox/.cache/pypoetry/virtualenvs/app-nIQL6wxn-py3.11/lib/python3.11/site-packages/sqlalchemy/cyextension/resultproxy.cpython-311-x86_64-linux-gnu.so
73807376d000-73807376e000 r--p 00012000 08:03 4090066                    /home/fox/.cache/pypoetry/virtualenvs/app-nIQL6wxn-py3.11/lib/python3.11/site-packages/sqlalchemy/cyextension/resultproxy.cpython-311-x86_64-linux-gnu.so
73807376e000-73807376f000 rw-p 00013000 08:03 4090066                    /home/fox/.cache/pypoetry/virtualenvs/app-nIQL6wxn-py3.11/lib/python3.11/site-packages/sqlalchemy/cyextension/resultproxy.cpython-311-x86_64-linux-gnu.so
73807376f000-738073770000 rw-p 00000000 00:00 0 
738073770000-738073773000 r--p 00000000 08:03 4090060                    /home/fox/.cache/pypoetry/virtualenvs/app-nIQL6wxn-py3.11/lib/python3.11/site-packages/sqlalchemy/cyextension/processors.cpython-311-x86_64-linux-gnu.so
738073773000-73807377e000 r-xp 00003000 08:03 4090060                    /home/fox/.cache/pypoetry/virtualenvs/app-nIQL6wxn-py3.11/lib/python3.11/site-packages/sqlalchemy/cyextension/processors.cpython-311-x86_64-linux-gnu.so
73807377e000-738073781000 r--p 0000e000 08:03 4090060                    /home/fox/.cache/pypoetry/virtualenvs/app-nIQL6wxn-py3.11/lib/python3.11/site-packages/sqlalchemy/cyextension/processors.cpython-311-x86_64-linux-gnu.so
738073781000-738073782000 r--p 00010000 08:03 4090060                    /home/fox/.cache/pypoetry/virtualenvs/app-nIQL6wxn-py3.11/lib/python3.11/site-packages/sqlalchemy/cyextension/processors.cpython-311-x86_64-linux-gnu.so
738073782000-738073783000 rw-p 00011000 08:03 4090060                    /home/fox/.cache/pypoetry/virtualenvs/app-nIQL6wxn-py3.11/lib/python3.11/site-packages/sqlalchemy/cyextension/processors.cpython-311-x86_64-linux-gnu.so
738073783000-738073883000 rw-p 00000000 00:00 0 
738073883000-73807388a000 r--p 00000000 08:03 3410788                    /usr/lib/python3.11/lib-dynload/_decimal.cpython-311-x86_64-linux-gnu.so
73807388a000-7380738ba000 r-xp 00007000 08:03 3410788                    /usr/lib/python3.11/lib-dynload/_decimal.cpython-311-x86_64-linux-gnu.so
7380738ba000-7380738ca000 r--p 00037000 08:03 3410788                    /usr/lib/python3.11/lib-dynload/_decimal.cpython-311-x86_64-linux-gnu.so
7380738ca000-7380738cb000 r--p 00046000 08:03 3410788                    /usr/lib/python3.11/lib-dynload/_decimal.cpython-311-x86_64-linux-gnu.so
7380738cb000-7380738ce000 rw-p 00047000 08:03 3410788                    /usr/lib/python3.11/lib-dynload/_decimal.cpython-311-x86_64-linux-gnu.so
7380738ce000-7380738d1000 r--p 00000000 08:03 3430450                    /usr/lib/x86_64-linux-gnu/libgcc_s.so.1
7380738d1000-7380738e8000 r-xp 00003000 08:03 3430450                    /usr/lib/x86_64-linux-gnu/libgcc_s.so.1
7380738e8000-7380738ec000 r--p 0001a000 08:03 3430450                    /usr/lib/x86_64-linux-gnu/libgcc_s.so.1
7380738ec000-7380738ed000 r--p 0001d000 08:03 3430450                    /usr/lib/x86_64-linux-gnu/libgcc_s.so.1
7380738ed000-7380738ee000 rw-p 0001e000 08:03 3430450                    /usr/lib/x86_64-linux-gnu/libgcc_s.so.1
7380738f2000-7380738f5000 r--p 00000000 08:03 3410792                    /usr/lib/python3.11/lib-dynload/_multibytecodec.cpython-311-x86_64-linux-gnu.so
7380738f5000-7380738fc000 r-xp 00003000 08:03 3410792                    /usr/lib/python3.11/lib-dynload/_multibytecodec.cpython-311-x86_64-linux-gnu.so
7380738fc000-7380738fe000 r--p 0000a000 08:03 3410792                    /usr/lib/python3.11/lib-dynload/_multibytecodec.cpython-311-x86_64-linux-gnu.so
7380738fe000-7380738ff000 r--p 0000b000 08:03 3410792                    /usr/lib/python3.11/lib-dynload/_multibytecodec.cpython-311-x86_64-linux-gnu.so
7380738ff000-738073900000 rw-p 0000c000 08:03 3410792                    /usr/lib/python3.11/lib-dynload/_multibytecodec.cpython-311-x86_64-linux-gnu.so
738073900000-738074000000 rw-p 00000000 00:00 0 
738074000000-7380740b2000 r--p 00000000 08:03 3411035                    /usr/lib/x86_64-linux-gnu/libcrypto.so.3
7380740b2000-738074311000 r-xp 000b2000 08:03 3411035                    /usr/lib/x86_64-linux-gnu/libcrypto.so.3
738074311000-7380743e3000 r--p 00311000 08:03 3411035                    /usr/lib/x86_64-linux-gnu/libcrypto.so.3
7380743e3000-73807443e000 r--p 003e2000 08:03 3411035                    /usr/lib/x86_64-linux-gnu/libcrypto.so.3
73807443e000-738074441000 rw-p 0043d000 08:03 3411035                    /usr/lib/x86_64-linux-gnu/libcrypto.so.3
738074441000-738074444000 rw-p 00000000 00:00 0 
738074447000-738074449000 r--p 00000000 08:03 4326939                    /usr/lib/jvm/java-11-openjdk-amd64/lib/libjimage.so
738074449000-73807444c000 r-xp 00002000 08:03 4326939                    /usr/lib/jvm/java-11-openjdk-amd64/lib/libjimage.so
73807444c000-73807444d000 r--p 00005000 08:03 4326939                    /usr/lib/jvm/java-11-openjdk-amd64/lib/libjimage.so
73807444d000-73807444e000 ---p 00006000 08:03 4326939                    /usr/lib/jvm/java-11-openjdk-amd64/lib/libjimage.so
73807444e000-73807444f000 r--p 00006000 08:03 4326939                    /usr/lib/jvm/java-11-openjdk-amd64/lib/libjimage.so
73807444f000-738074450000 rw-p 00007000 08:03 4326939                    /usr/lib/jvm/java-11-openjdk-amd64/lib/libjimage.so
738074450000-738074453000 r--p 00000000 08:03 3430799                    /usr/lib/x86_64-linux-gnu/liblzma.so.5.2.5
738074453000-73807446e000 r-xp 00003000 08:03 3430799                    /usr/lib/x86_64-linux-gnu/liblzma.so.5.2.5
73807446e000-738074479000 r--p 0001e000 08:03 3430799                    /usr/lib/x86_64-linux-gnu/liblzma.so.5.2.5
738074479000-73807447a000 r--p 00028000 08:03 3430799                    /usr/lib/x86_64-linux-gnu/liblzma.so.5.2.5
73807447a000-73807447b000 rw-p 00029000 08:03 3430799                    /usr/lib/x86_64-linux-gnu/liblzma.so.5.2.5
73807447c000-738074480000 r--p 00000000 08:03 3411124                    /usr/lib/python3.11/lib-dynload/_hashlib.cpython-311-x86_64-linux-gnu.so
738074480000-738074486000 r-xp 00004000 08:03 3411124                    /usr/lib/python3.11/lib-dynload/_hashlib.cpython-311-x86_64-linux-gnu.so
738074486000-73807448a000 r--p 0000a000 08:03 3411124                    /usr/lib/python3.11/lib-dynload/_hashlib.cpython-311-x86_64-linux-gnu.so
73807448a000-73807448b000 r--p 0000d000 08:03 3411124                    /usr/lib/python3.11/lib-dynload/_hashlib.cpython-311-x86_64-linux-gnu.so
73807448b000-73807448d000 rw-p 0000e000 08:03 3411124                    /usr/lib/python3.11/lib-dynload/_hashlib.cpython-311-x86_64-linux-gnu.so
73807448e000-73807448f000 r--p 00000000 08:03 3410043                    /usr/lib/x86_64-linux-gnu/libdl.so.2
73807448f000-738074490000 r-xp 00001000 08:03 3410043                    /usr/lib/x86_64-linux-gnu/libdl.so.2
738074490000-738074491000 r--p 00002000 08:03 3410043                    /usr/lib/x86_64-linux-gnu/libdl.so.2
738074491000-738074492000 r--p 00002000 08:03 3410043                    /usr/lib/x86_64-linux-gnu/libdl.so.2
738074492000-738074493000 rw-p 00003000 08:03 3410043                    /usr/lib/x86_64-linux-gnu/libdl.so.2
738074493000-738074496000 r--p 00000000 08:03 3410814                    /usr/lib/python3.11/lib-dynload/termios.cpython-311-x86_64-linux-gnu.so
738074496000-738074498000 r-xp 00003000 08:03 3410814                    /usr/lib/python3.11/lib-dynload/termios.cpython-311-x86_64-linux-gnu.so
738074498000-73807449a000 r--p 00005000 08:03 3410814                    /usr/lib/python3.11/lib-dynload/termios.cpython-311-x86_64-linux-gnu.so
73807449a000-73807449b000 r--p 00006000 08:03 3410814                    /usr/lib/python3.11/lib-dynload/termios.cpython-311-x86_64-linux-gnu.so
73807449b000-73807449d000 rw-p 00007000 08:03 3410814                    /usr/lib/python3.11/lib-dynload/termios.cpython-311-x86_64-linux-gnu.so
73807449d000-7380744a1000 r--p 00000000 08:03 4090063                    /home/fox/.cache/pypoetry/virtualenvs/app-nIQL6wxn-py3.11/lib/python3.11/site-packages/sqlalchemy/cyextension/immutabledict.cpython-311-x86_64-linux-gnu.so
7380744a1000-7380744b0000 r-xp 00004000 08:03 4090063                    /home/fox/.cache/pypoetry/virtualenvs/app-nIQL6wxn-py3.11/lib/python3.11/site-packages/sqlalchemy/cyextension/immutabledict.cpython-311-x86_64-linux-gnu.so
7380744b0000-7380744b3000 r--p 00013000 08:03 4090063                    /home/fox/.cache/pypoetry/virtualenvs/app-nIQL6wxn-py3.11/lib/python3.11/site-packages/sqlalchemy/cyextension/immutabledict.cpython-311-x86_64-linux-gnu.so
7380744b3000-7380744b4000 ---p 00016000 08:03 4090063                    /home/fox/.cache/pypoetry/virtualenvs/app-nIQL6wxn-py3.11/lib/python3.11/site-packages/sqlalchemy/cyextension/immutabledict.cpython-311-x86_64-linux-gnu.so
7380744b4000-7380744b5000 r--p 00016000 08:03 4090063                    /home/fox/.cache/pypoetry/virtualenvs/app-nIQL6wxn-py3.11/lib/python3.11/site-packages/sqlalchemy/cyextension/immutabledict.cpython-311-x86_64-linux-gnu.so
7380744b5000-7380744b6000 rw-p 00017000 08:03 4090063                    /home/fox/.cache/pypoetry/virtualenvs/app-nIQL6wxn-py3.11/lib/python3.11/site-packages/sqlalchemy/cyextension/immutabledict.cpython-311-x86_64-linux-gnu.so
7380744b6000-7380744b7000 rw-p 00000000 00:00 0 
7380744b7000-7380744bd000 r--p 00000000 08:03 4090059                    /home/fox/.cache/pypoetry/virtualenvs/app-nIQL6wxn-py3.11/lib/python3.11/site-packages/sqlalchemy/cyextension/collections.cpython-311-x86_64-linux-gnu.so
7380744bd000-7380744e7000 r-xp 00006000 08:03 4090059                    /home/fox/.cache/pypoetry/virtualenvs/app-nIQL6wxn-py3.11/lib/python3.11/site-packages/sqlalchemy/cyextension/collections.cpython-311-x86_64-linux-gnu.so
7380744e7000-7380744ef000 r--p 00030000 08:03 4090059                    /home/fox/.cache/pypoetry/virtualenvs/app-nIQL6wxn-py3.11/lib/python3.11/site-packages/sqlalchemy/cyextension/collections.cpython-311-x86_64-linux-gnu.so
7380744ef000-7380744f0000 r--p 00037000 08:03 4090059                    /home/fox/.cache/pypoetry/virtualenvs/app-nIQL6wxn-py3.11/lib/python3.11/site-packages/sqlalchemy/cyextension/collections.cpython-311-x86_64-linux-gnu.so
7380744f0000-7380744f3000 rw-p 00038000 08:03 4090059                    /home/fox/.cache/pypoetry/virtualenvs/app-nIQL6wxn-py3.11/lib/python3.11/site-packages/sqlalchemy/cyextension/collections.cpython-311-x86_64-linux-gnu.so
7380744f3000-7380745f3000 rw-p 00000000 00:00 0 
7380745f3000-738074611000 r--p 00000000 08:03 3411036                    /usr/lib/x86_64-linux-gnu/libssl.so.3
738074611000-73807466c000 r-xp 0001e000 08:03 3411036                    /usr/lib/x86_64-linux-gnu/libssl.so.3
73807466c000-738074689000 r--p 00079000 08:03 3411036                    /usr/lib/x86_64-linux-gnu/libssl.so.3
738074689000-738074693000 r--p 00095000 08:03 3411036                    /usr/lib/x86_64-linux-gnu/libssl.so.3
738074693000-738074697000 rw-p 0009f000 08:03 3411036                    /usr/lib/x86_64-linux-gnu/libssl.so.3
738074697000-7380746a9000 r--p 00000000 08:03 3411125                    /usr/lib/python3.11/lib-dynload/_ssl.cpython-311-x86_64-linux-gnu.so
7380746a9000-7380746b5000 r-xp 00012000 08:03 3411125                    /usr/lib/python3.11/lib-dynload/_ssl.cpython-311-x86_64-linux-gnu.so
7380746b5000-7380746c3000 r--p 0001e000 08:03 3411125                    /usr/lib/python3.11/lib-dynload/_ssl.cpython-311-x86_64-linux-gnu.so
7380746c3000-7380746c4000 r--p 0002b000 08:03 3411125                    /usr/lib/python3.11/lib-dynload/_ssl.cpython-311-x86_64-linux-gnu.so
7380746c4000-7380746cd000 rw-p 0002c000 08:03 3411125                    /usr/lib/python3.11/lib-dynload/_ssl.cpython-311-x86_64-linux-gnu.so
7380746cd000-7380748cd000 rw-p 00000000 00:00 0 
7380748cd000-7380748ce000 r--p 00000000 08:03 4083959                    /home/fox/.cache/pypoetry/virtualenvs/app-nIQL6wxn-py3.11/lib/python3.11/site-packages/charset_normalizer/md.cpython-311-x86_64-linux-gnu.so
7380748ce000-7380748cf000 r-xp 00001000 08:03 4083959                    /home/fox/.cache/pypoetry/virtualenvs/app-nIQL6wxn-py3.11/lib/python3.11/site-packages/charset_normalizer/md.cpython-311-x86_64-linux-gnu.so
7380748cf000-7380748d0000 r--p 00002000 08:03 4083959                    /home/fox/.cache/pypoetry/virtualenvs/app-nIQL6wxn-py3.11/lib/python3.11/site-packages/charset_normalizer/md.cpython-311-x86_64-linux-gnu.so
7380748d0000-7380748d1000 r--p 00002000 08:03 4083959                    /home/fox/.cache/pypoetry/virtualenvs/app-nIQL6wxn-py3.11/lib/python3.11/site-packages/charset_normalizer/md.cpython-311-x86_64-linux-gnu.so
7380748d1000-7380748d2000 rw-p 00003000 08:03 4083959                    /home/fox/.cache/pypoetry/virtualenvs/app-nIQL6wxn-py3.11/lib/python3.11/site-packages/charset_normalizer/md.cpython-311-x86_64-linux-gnu.so
7380748d2000-7380748d4000 r--p 00000000 08:03 3422877                    /usr/lib/x86_64-linux-gnu/libuuid.so.1.3.0
7380748d4000-7380748d8000 r-xp 00002000 08:03 3422877                    /usr/lib/x86_64-linux-gnu/libuuid.so.1.3.0
7380748d8000-7380748d9000 r--p 00006000 08:03 3422877                    /usr/lib/x86_64-linux-gnu/libuuid.so.1.3.0
7380748d9000-7380748da000 r--p 00006000 08:03 3422877                    /usr/lib/x86_64-linux-gnu/libuuid.so.1.3.0
7380748da000-7380748db000 rw-p 00007000 08:03 3422877                    /usr/lib/x86_64-linux-gnu/libuuid.so.1.3.0
7380748db000-7380748dd000 r--p 00000000 08:03 3430150                    /usr/lib/x86_64-linux-gnu/libbz2.so.1.0.4
7380748dd000-7380748ea000 r-xp 00002000 08:03 3430150                    /usr/lib/x86_64-linux-gnu/libbz2.so.1.0.4
7380748ea000-7380748ec000 r--p 0000f000 08:03 3430150                    /usr/lib/x86_64-linux-gnu/libbz2.so.1.0.4
7380748ec000-7380748ed000 r--p 00010000 08:03 3430150                    /usr/lib/x86_64-linux-gnu/libbz2.so.1.0.4
7380748ed000-7380748ee000 rw-p 00011000 08:03 3430150                    /usr/lib/x86_64-linux-gnu/libbz2.so.1.0.4
7380748ee000-7380748ef000 r--p 00000000 08:03 3410804                    /usr/lib/python3.11/lib-dynload/_uuid.cpython-311-x86_64-linux-gnu.so
7380748ef000-7380748f0000 r-xp 00001000 08:03 3410804                    /usr/lib/python3.11/lib-dynload/_uuid.cpython-311-x86_64-linux-gnu.so
7380748f0000-7380748f1000 r--p 00002000 08:03 3410804                    /usr/lib/python3.11/lib-dynload/_uuid.cpython-311-x86_64-linux-gnu.so
7380748f1000-7380748f2000 r--p 00002000 08:03 3410804                    /usr/lib/python3.11/lib-dynload/_uuid.cpython-311-x86_64-linux-gnu.so
7380748f2000-7380748f3000 rw-p 00003000 08:03 3410804                    /usr/lib/python3.11/lib-dynload/_uuid.cpython-311-x86_64-linux-gnu.so
7380748f3000-7380748f6000 r--p 00000000 08:03 3410791                    /usr/lib/python3.11/lib-dynload/_lzma.cpython-311-x86_64-linux-gnu.so
7380748f6000-7380748fb000 r-xp 00003000 08:03 3410791                    /usr/lib/python3.11/lib-dynload/_lzma.cpython-311-x86_64-linux-gnu.so
7380748fb000-7380748fe000 r--p 00008000 08:03 3410791                    /usr/lib/python3.11/lib-dynload/_lzma.cpython-311-x86_64-linux-gnu.so
7380748fe000-7380748ff000 r--p 0000a000 08:03 3410791                    /usr/lib/python3.11/lib-dynload/_lzma.cpython-311-x86_64-linux-gnu.so
7380748ff000-738074900000 rw-p 0000b000 08:03 3410791                    /usr/lib/python3.11/lib-dynload/_lzma.cpython-311-x86_64-linux-gnu.so
738074900000-738074c00000 rw-p 00000000 00:00 0 
738074c00000-738075173000 r--p 00000000 08:03 3408152                    /usr/lib/locale/locale-archive
738075173000-738075174000 ---p 00000000 00:00 0 
738075174000-738075175000 r--p 00000000 00:00 0 
738075175000-738075176000 r--p 00000000 08:03 3410091                    /usr/lib/x86_64-linux-gnu/libpthread.so.0
738075176000-738075177000 r-xp 00001000 08:03 3410091                    /usr/lib/x86_64-linux-gnu/libpthread.so.0
738075177000-738075178000 r--p 00002000 08:03 3410091                    /usr/lib/x86_64-linux-gnu/libpthread.so.0
738075178000-738075179000 r--p 00002000 08:03 3410091                    /usr/lib/x86_64-linux-gnu/libpthread.so.0
738075179000-73807517a000 rw-p 00003000 08:03 3410091                    /usr/lib/x86_64-linux-gnu/libpthread.so.0
73807517a000-73807517b000 r--p 00000000 08:03 3410097                    /usr/lib/x86_64-linux-gnu/librt.so.1
73807517b000-73807517c000 r-xp 00001000 08:03 3410097                    /usr/lib/x86_64-linux-gnu/librt.so.1
73807517c000-73807517d000 r--p 00002000 08:03 3410097                    /usr/lib/x86_64-linux-gnu/librt.so.1
73807517d000-73807517e000 r--p 00002000 08:03 3410097                    /usr/lib/x86_64-linux-gnu/librt.so.1
73807517e000-73807517f000 rw-p 00003000 08:03 3410097                    /usr/lib/x86_64-linux-gnu/librt.so.1
73807517f000-738075181000 r--p 00000000 08:03 3410774                    /usr/lib/python3.11/lib-dynload/_bz2.cpython-311-x86_64-linux-gnu.so
738075181000-738075184000 r-xp 00002000 08:03 3410774                    /usr/lib/python3.11/lib-dynload/_bz2.cpython-311-x86_64-linux-gnu.so
738075184000-738075186000 r--p 00005000 08:03 3410774                    /usr/lib/python3.11/lib-dynload/_bz2.cpython-311-x86_64-linux-gnu.so
738075186000-738075187000 r--p 00006000 08:03 3410774                    /usr/lib/python3.11/lib-dynload/_bz2.cpython-311-x86_64-linux-gnu.so
738075187000-738075188000 rw-p 00007000 08:03 3410774                    /usr/lib/python3.11/lib-dynload/_bz2.cpython-311-x86_64-linux-gnu.so
738075188000-73807518a000 r--p 00000000 08:03 3410795                    /usr/lib/python3.11/lib-dynload/_queue.cpython-311-x86_64-linux-gnu.so
73807518a000-73807518b000 r-xp 00002000 08:03 3410795                    /usr/lib/python3.11/lib-dynload/_queue.cpython-311-x86_64-linux-gnu.so
73807518b000-73807518c000 r--p 00003000 08:03 3410795                    /usr/lib/python3.11/lib-dynload/_queue.cpython-311-x86_64-linux-gnu.so
73807518c000-73807518d000 r--p 00003000 08:03 3410795                    /usr/lib/python3.11/lib-dynload/_queue.cpython-311-x86_64-linux-gnu.so
73807518d000-73807518e000 rw-p 00004000 08:03 3410795                    /usr/lib/python3.11/lib-dynload/_queue.cpython-311-x86_64-linux-gnu.so
73807518e000-738075192000 r--p 00000000 08:03 3410773                    /usr/lib/python3.11/lib-dynload/_asyncio.cpython-311-x86_64-linux-gnu.so
738075192000-738075197000 r-xp 00004000 08:03 3410773                    /usr/lib/python3.11/lib-dynload/_asyncio.cpython-311-x86_64-linux-gnu.so
738075197000-73807519b000 r--p 00009000 08:03 3410773                    /usr/lib/python3.11/lib-dynload/_asyncio.cpython-311-x86_64-linux-gnu.so
73807519b000-73807519c000 r--p 0000c000 08:03 3410773                    /usr/lib/python3.11/lib-dynload/_asyncio.cpython-311-x86_64-linux-gnu.so
73807519c000-73807519e000 rw-p 0000d000 08:03 3410773                    /usr/lib/python3.11/lib-dynload/_asyncio.cpython-311-x86_64-linux-gnu.so
73807519e000-738075200000 rw-p 00000000 00:00 0 
738075200000-738075228000 r--p 00000000 08:03 3410017                    /usr/lib/x86_64-linux-gnu/libc.so.6
738075228000-7380753bd000 r-xp 00028000 08:03 3410017                    /usr/lib/x86_64-linux-gnu/libc.so.6
7380753bd000-738075415000 r--p 001bd000 08:03 3410017                    /usr/lib/x86_64-linux-gnu/libc.so.6
738075415000-738075416000 ---p 00215000 08:03 3410017                    /usr/lib/x86_64-linux-gnu/libc.so.6
738075416000-73807541a000 r--p 00215000 08:03 3410017                    /usr/lib/x86_64-linux-gnu/libc.so.6
73807541a000-73807541c000 rw-p 00219000 08:03 3410017                    /usr/lib/x86_64-linux-gnu/libc.so.6
73807541c000-738075429000 rw-p 00000000 00:00 0 
73807542a000-73807542c000 r--p 00000000 08:03 3410789                    /usr/lib/python3.11/lib-dynload/_json.cpython-311-x86_64-linux-gnu.so
73807542c000-738075433000 r-xp 00002000 08:03 3410789                    /usr/lib/python3.11/lib-dynload/_json.cpython-311-x86_64-linux-gnu.so
738075433000-738075435000 r--p 00009000 08:03 3410789                    /usr/lib/python3.11/lib-dynload/_json.cpython-311-x86_64-linux-gnu.so
738075435000-738075436000 r--p 0000a000 08:03 3410789                    /usr/lib/python3.11/lib-dynload/_json.cpython-311-x86_64-linux-gnu.so
738075436000-738075437000 rw-p 0000b000 08:03 3410789                    /usr/lib/python3.11/lib-dynload/_json.cpython-311-x86_64-linux-gnu.so
738075437000-738075438000 r--p 00000000 08:03 3410781                    /usr/lib/python3.11/lib-dynload/_contextvars.cpython-311-x86_64-linux-gnu.so
738075438000-738075439000 r-xp 00001000 08:03 3410781                    /usr/lib/python3.11/lib-dynload/_contextvars.cpython-311-x86_64-linux-gnu.so
738075439000-73807543a000 r--p 00002000 08:03 3410781                    /usr/lib/python3.11/lib-dynload/_contextvars.cpython-311-x86_64-linux-gnu.so
73807543a000-73807543b000 r--p 00002000 08:03 3410781                    /usr/lib/python3.11/lib-dynload/_contextvars.cpython-311-x86_64-linux-gnu.so
73807543b000-73807543c000 rw-p 00003000 08:03 3410781                    /usr/lib/python3.11/lib-dynload/_contextvars.cpython-311-x86_64-linux-gnu.so
73807543c000-73807543d000 r--p 00000000 08:03 3410803                    /usr/lib/python3.11/lib-dynload/_typing.cpython-311-x86_64-linux-gnu.so
73807543d000-73807543e000 r-xp 00001000 08:03 3410803                    /usr/lib/python3.11/lib-dynload/_typing.cpython-311-x86_64-linux-gnu.so
73807543e000-73807543f000 r--p 00002000 08:03 3410803                    /usr/lib/python3.11/lib-dynload/_typing.cpython-311-x86_64-linux-gnu.so
73807543f000-738075440000 r--p 00002000 08:03 3410803                    /usr/lib/python3.11/lib-dynload/_typing.cpython-311-x86_64-linux-gnu.so
738075440000-738075441000 rw-p 00003000 08:03 3410803                    /usr/lib/python3.11/lib-dynload/_typing.cpython-311-x86_64-linux-gnu.so
738075441000-738075442000 r--p 00000000 08:03 3410794                    /usr/lib/python3.11/lib-dynload/_posixshmem.cpython-311-x86_64-linux-gnu.so
738075442000-738075443000 r-xp 00001000 08:03 3410794                    /usr/lib/python3.11/lib-dynload/_posixshmem.cpython-311-x86_64-linux-gnu.so
738075443000-738075444000 r--p 00002000 08:03 3410794                    /usr/lib/python3.11/lib-dynload/_posixshmem.cpython-311-x86_64-linux-gnu.so
738075444000-738075445000 r--p 00002000 08:03 3410794                    /usr/lib/python3.11/lib-dynload/_posixshmem.cpython-311-x86_64-linux-gnu.so
738075445000-738075446000 rw-p 00003000 08:03 3410794                    /usr/lib/python3.11/lib-dynload/_posixshmem.cpython-311-x86_64-linux-gnu.so
738075446000-738075448000 rw-p 00000000 00:00 0 
738075448000-73807544c000 r--p 00000000 08:03 3410412                    /usr/lib/x86_64-linux-gnu/libexpat.so.1.8.7
73807544c000-73807546b000 r-xp 00004000 08:03 3410412                    /usr/lib/x86_64-linux-gnu/libexpat.so.1.8.7
73807546b000-738075475000 r--p 00023000 08:03 3410412                    /usr/lib/x86_64-linux-gnu/libexpat.so.1.8.7
738075475000-738075476000 ---p 0002d000 08:03 3410412                    /usr/lib/x86_64-linux-gnu/libexpat.so.1.8.7
738075476000-738075478000 r--p 0002d000 08:03 3410412                    /usr/lib/x86_64-linux-gnu/libexpat.so.1.8.7
738075478000-738075479000 rw-p 0002f000 08:03 3410412                    /usr/lib/x86_64-linux-gnu/libexpat.so.1.8.7
738075479000-73807547b000 r--p 00000000 08:03 3431509                    /usr/lib/x86_64-linux-gnu/libz.so.1.2.11
73807547b000-73807548c000 r-xp 00002000 08:03 3431509                    /usr/lib/x86_64-linux-gnu/libz.so.1.2.11
73807548c000-738075492000 r--p 00013000 08:03 3431509                    /usr/lib/x86_64-linux-gnu/libz.so.1.2.11
738075492000-738075493000 ---p 00019000 08:03 3431509                    /usr/lib/x86_64-linux-gnu/libz.so.1.2.11
738075493000-738075494000 r--p 00019000 08:03 3431509                    /usr/lib/x86_64-linux-gnu/libz.so.1.2.11
738075494000-738075495000 rw-p 0001a000 08:03 3431509                    /usr/lib/x86_64-linux-gnu/libz.so.1.2.11
738075495000-7380754a3000 r--p 00000000 08:03 3410050                    /usr/lib/x86_64-linux-gnu/libm.so.6
7380754a3000-73807551f000 r-xp 0000e000 08:03 3410050                    /usr/lib/x86_64-linux-gnu/libm.so.6
73807551f000-73807557a000 r--p 0008a000 08:03 3410050                    /usr/lib/x86_64-linux-gnu/libm.so.6
73807557a000-73807557b000 r--p 000e4000 08:03 3410050                    /usr/lib/x86_64-linux-gnu/libm.so.6
73807557b000-73807557c000 rw-p 000e5000 08:03 3410050                    /usr/lib/x86_64-linux-gnu/libm.so.6
73807557c000-73807557e000 r--p 00000000 08:03 3410793                    /usr/lib/python3.11/lib-dynload/_multiprocessing.cpython-311-x86_64-linux-gnu.so
73807557e000-738075580000 r-xp 00002000 08:03 3410793                    /usr/lib/python3.11/lib-dynload/_multiprocessing.cpython-311-x86_64-linux-gnu.so
738075580000-738075581000 r--p 00004000 08:03 3410793                    /usr/lib/python3.11/lib-dynload/_multiprocessing.cpython-311-x86_64-linux-gnu.so
738075581000-738075582000 r--p 00004000 08:03 3410793                    /usr/lib/python3.11/lib-dynload/_multiprocessing.cpython-311-x86_64-linux-gnu.so
738075582000-738075583000 rw-p 00005000 08:03 3410793                    /usr/lib/python3.11/lib-dynload/_multiprocessing.cpython-311-x86_64-linux-gnu.so
738075583000-738075587000 rw-p 00000000 00:00 0 
738075587000-73807558e000 r--s 00000000 08:03 3447446                    /usr/lib/x86_64-linux-gnu/gconv/gconv-modules.cache
73807558e000-738075590000 rw-p 00000000 00:00 0 
738075590000-738075592000 r--p 00000000 08:03 3407946                    /usr/lib/x86_64-linux-gnu/ld-linux-x86-64.so.2
738075592000-7380755bc000 r-xp 00002000 08:03 3407946                    /usr/lib/x86_64-linux-gnu/ld-linux-x86-64.so.2
7380755bc000-7380755c7000 r--p 0002c000 08:03 3407946                    /usr/lib/x86_64-linux-gnu/ld-linux-x86-64.so.2
7380755c7000-7380755c8000 r--p 00000000 00:00 0 
7380755c8000-7380755ca000 r--p 00037000 08:03 3407946                    /usr/lib/x86_64-linux-gnu/ld-linux-x86-64.so.2
7380755ca000-7380755cc000 rw-p 00039000 08:03 3407946                    /usr/lib/x86_64-linux-gnu/ld-linux-x86-64.so.2
7ffde639d000-7ffde63a1000 ---p 00000000 00:00 0 
7ffde63a1000-7ffde649d000 rw-p 00000000 00:00 0                          [stack]
7ffde659b000-7ffde659f000 r--p 00000000 00:00 0                          [vvar]
7ffde659f000-7ffde65a1000 r-xp 00000000 00:00 0                          [vdso]
ffffffffff600000-ffffffffff601000 --xp 00000000 00:00 0                  [vsyscall]


VM Arguments:
java_command: <unknown>
java_class_path (initial): /home/fox/.cache/pypoetry/virtualenvs/app-nIQL6wxn-py3.11/lib/python3.11/site-packages/mpxj/lib/FastInfoset-1.2.16.jar:/home/fox/.cache/pypoetry/virtualenvs/app-nIQL6wxn-py3.11/lib/python3.11/site-packages/mpxj/lib/jaxb-runtime-2.3.2.jar:/home/fox/.cache/pypoetry/virtualenvs/app-nIQL6wxn-py3.11/lib/python3.11/site-packages/mpxj/lib/jgoodies-common-1.8.1.jar:/home/fox/.cache/pypoetry/virtualenvs/app-nIQL6wxn-py3.11/lib/python3.11/site-packages/mpxj/lib/jakarta.xml.bind-api-2.3.2.jar:/home/fox/.cache/pypoetry/virtualenvs/app-nIQL6wxn-py3.11/lib/python3.11/site-packages/mpxj/lib/txw2-2.3.2.jar:/home/fox/.cache/pypoetry/virtualenvs/app-nIQL6wxn-py3.11/lib/python3.11/site-packages/mpxj/lib/commons-logging-1.2.jar:/home/fox/.cache/pypoetry/virtualenvs/app-nIQL6wxn-py3.11/lib/python3.11/site-packages/mpxj/lib/jackcess-4.0.1.jar:/home/fox/.cache/pypoetry/virtualenvs/app-nIQL6wxn-py3.11/lib/python3.11/site-packages/mpxj/lib/commons-codec-1.15.jar:/home/fox/.cache/pypoetry/virtualenvs/app-nIQL6wxn-py3.11/lib/python3.11/site-packages/mpxj/lib/jakarta.activation-api-1.2.1.jar:/home/fox/.cache/pypoetry/virtualenvs/app-nIQL6wxn-py3.11/lib/python3.11/site-packages/mpxj/lib/jgoodies-binding-2.13.0.jar:/home/fox/.cache/pypoetry/virtualenvs/app-nIQL6wxn-py3.11/lib/python3.11/site-packages/mpxj/lib/hamcrest-core-1.3.jar:/home/fox/.cache/pypoetry/virtualenvs/app-nIQL6wxn-py3.11/lib/python3.11/site-packages/mpxj/lib/mpxj.jar:/home/fox/.cache/pypoetry/virtualenvs/app-nIQL6wxn-py3.11/lib/python3.11/site-packages/mpxj/lib/log4j-api-2.17.2.jar:/home/fox/.cache/pypoetry/virtualenvs/app-nIQL6wxn-py3.11/lib/python3.11/site-packages/mpxj/lib/commons-lang3-3.10.jar:/home/fox/.cache/pypoetry/virtualenvs/app-nIQL6wxn-py3.11/lib/python3.11/site-packages/mpxj/lib/sqlite-jdbc-3.42.0.0.jar:/home/fox/.cache/pypoetry/virtualenvs/app-nIQL6wxn-py3.11/lib/python3.11/site-packages/mpxj/lib/rtfparserkit-1.16.0.jar:/home/fox/.cache/pypoetry/virtualenvs/app-nIQL6wxn-py3.11/lib/pyth
Launcher Type: generic

[Global flags]
     intx CICompilerCount                          = 2                                         {product} {ergonomic}
     uint ConcGCThreads                            = 1                                         {product} {ergonomic}
     uint G1ConcRefinementThreads                  = 2                                         {product} {ergonomic}
   size_t G1HeapRegionSize                         = 1048576                                   {product} {ergonomic}
    uintx GCDrainStackTargetSize                   = 64                                        {product} {ergonomic}
   size_t InitialHeapSize                          = 65011712                                  {product} {ergonomic}
   size_t MarkStackSize                            = 4194304                                   {product} {ergonomic}
   size_t MaxHeapSize                              = 1015021568                                {product} {ergonomic}
   size_t MaxNewSize                               = 608174080                                 {product} {ergonomic}
   size_t MinHeapDeltaBytes                        = 1048576                                   {product} {ergonomic}
    uintx NonNMethodCodeHeapSize                   = 5825164                                {pd product} {ergonomic}
    uintx NonProfiledCodeHeapSize                  = 122916538                              {pd product} {ergonomic}
    uintx ProfiledCodeHeapSize                     = 122916538                              {pd product} {ergonomic}
    uintx ReservedCodeCacheSize                    = 251658240                              {pd product} {ergonomic}
     bool SegmentedCodeCache                       = true                                      {product} {ergonomic}
     bool UseCompressedClassPointers               = true                                 {lp64_product} {ergonomic}
     bool UseCompressedOops                        = true                                 {lp64_product} {ergonomic}
     bool UseG1GC                                  = true                                      {product} {ergonomic}

Logging:
Log output configuration:
 #0: stdout all=warning uptime,level,tags
 #1: stderr all=off uptime,level,tags

Environment Variables:
JAVA_HOME=/usr/lib/jvm/java-11-openjdk-amd64
PATH=/home/fox/.cache/pypoetry/virtualenvs/app-nIQL6wxn-py3.11/bin:/home/fox/.cargo/bin:/home/fox/go/bin:/usr/local/go/bin:/home/fox/.nvm/versions/node/v18.20.2/bin:/home/fox/.local/bin:/usr/local/sbin:/usr/local/bin:/usr/sbin:/usr/bin:/sbin:/bin:/usr/games:/usr/local/games:/snap/bin:/snap/bin:/usr/local/go/bin
USERNAME=fox
SHELL=/bin/bash
DISPLAY=:0
LANG=en_US.UTF-8
TERM=xterm-256color

Signal Handlers:
SIGSEGV: [libjvm.so+0xeadc00], sa_mask[0]=11111111011111111101111111111110, sa_flags=SA_RESTART|SA_SIGINFO
SIGBUS: [libjvm.so+0xeadc00], sa_mask[0]=11111111011111111101111111111110, sa_flags=SA_RESTART|SA_SIGINFO
SIGFPE: [libjvm.so+0xeadc00], sa_mask[0]=11111111011111111101111111111110, sa_flags=SA_RESTART|SA_SIGINFO
SIGPIPE: [libjvm.so+0xbeff10], sa_mask[0]=11111111011111111101111111111110, sa_flags=SA_RESTART|SA_SIGINFO
SIGXFSZ: [libjvm.so+0xbeff10], sa_mask[0]=11111111011111111101111111111110, sa_flags=SA_RESTART|SA_SIGINFO
SIGILL: [libjvm.so+0xeadc00], sa_mask[0]=11111111011111111101111111111110, sa_flags=SA_RESTART|SA_SIGINFO
SIGUSR2: [libjvm.so+0xbefdb0], sa_mask[0]=00100000000000000000000000000000, sa_flags=SA_RESTART|SA_SIGINFO
SIGHUP: [libjvm.so+0xbf0570], sa_mask[0]=11111111011111111101111111111110, sa_flags=SA_RESTART|SA_SIGINFO
SIGINT: [libjvm.so+0xbf0570], sa_mask[0]=11111111011111111101111111111110, sa_flags=SA_RESTART|SA_SIGINFO
SIGTERM: [libjvm.so+0xbf0570], sa_mask[0]=11111111011111111101111111111110, sa_flags=SA_RESTART|SA_SIGINFO
SIGQUIT: [libjvm.so+0xbf0570], sa_mask[0]=11111111011111111101111111111110, sa_flags=SA_RESTART|SA_SIGINFO


---------------  S Y S T E M  ---------------

OS:DISTRIB_ID=Ubuntu
DISTRIB_RELEASE=22.04
DISTRIB_CODENAME=jammy
DISTRIB_DESCRIPTION="Ubuntu 22.04.4 LTS"
uname:Linux 6.5.0-41-generic #41~22.04.2-Ubuntu SMP PREEMPT_DYNAMIC Mon Jun  3 11:32:55 UTC 2 x86_64
OS uptime: 0 days 5:12 hours
libc:glibc 2.35 NPTL 2.35 
rlimit (soft/hard): STACK 8192k/infinity , CORE 0k/infinity , NPROC 15180/15180 , NOFILE 1048576/1048576 , AS infinity/infinity , CPU infinity/infinity , DATA infinity/infinity , FSIZE infinity/infinity , MEMLOCK 495452k/495452k
load average:2.00 1.37 1.10

/proc/meminfo:
MemTotal:        3963616 kB
MemFree:          252820 kB
MemAvailable:    1102020 kB
Buffers:           45916 kB
Cached:          1085192 kB
SwapCached:        61580 kB
Active:          1643720 kB
Inactive:        1414944 kB
Active(anon):    1435992 kB
Inactive(anon):   617752 kB
Active(file):     207728 kB
Inactive(file):   797192 kB
Unevictable:          48 kB
Mlocked:              48 kB
SwapTotal:       3991548 kB
SwapFree:        2965404 kB
Zswap:                 0 kB
Zswapped:              0 kB
Dirty:              1208 kB
Writeback:             0 kB
AnonPages:       1915796 kB
Mapped:           764940 kB
Shmem:            125988 kB
KReclaimable:      96988 kB
Slab:             265996 kB
SReclaimable:      96988 kB
SUnreclaim:       169008 kB
KernelStack:       18548 kB
PageTables:        41584 kB
SecPageTables:         0 kB
NFS_Unstable:          0 kB
Bounce:                0 kB
WritebackTmp:          0 kB
CommitLimit:     5973356 kB
Committed_AS:   11818628 kB
VmallocTotal:   34359738367 kB
VmallocUsed:       40316 kB
VmallocChunk:          0 kB
Percpu:           108544 kB
HardwareCorrupted:     0 kB
AnonHugePages:         0 kB
ShmemHugePages:        0 kB
ShmemPmdMapped:        0 kB
FileHugePages:         0 kB
FilePmdMapped:         0 kB
Unaccepted:            0 kB
HugePages_Total:       0
HugePages_Free:        0
HugePages_Rsvd:        0
HugePages_Surp:        0
Hugepagesize:       2048 kB
Hugetlb:               0 kB
DirectMap4k:      157568 kB
DirectMap2M:     2988032 kB
DirectMap1G:     3145728 kB

/sys/kernel/mm/transparent_hugepage/enabled:
always [madvise] never
/sys/kernel/mm/transparent_hugepage/defrag (defrag/compaction efforts parameter):
always defer defer+madvise [madvise] never

Process Memory:
Virtual Size: 3677856K (peak: 12433156K)
Resident Set Size: 137236K (peak: 140848K) (anon: 93076K, file: 44160K, shmem: 0K)
Swapped out: 0K
C-Heap outstanding allocations: 41182K, retained: 2413K
glibc malloc tunables: (default)

/proc/sys/kernel/threads-max (system-wide limit on the number of threads):
30361
/proc/sys/vm/max_map_count (maximum number of memory map areas a process may have):
65530
/proc/sys/kernel/pid_max (system-wide limit on number of process identifiers):
4194304

container (cgroup) information:
container_type: cgroupv2
cpu_cpuset_cpus: not supported
cpu_memory_nodes: not supported
active_processor_count: 2
cpu_quota: not supported
cpu_period: not supported
cpu_shares: not supported
memory_limit_in_bytes: unlimited
memory_and_swap_limit_in_bytes: unlimited
memory_soft_limit_in_bytes: unlimited
memory_usage_in_bytes: 263680 k
memory_max_usage_in_bytes: not supported
memory_swap_current_in_bytes: 65804 k
memory_swap_max_limit_in_bytes: unlimited
maximum number of tasks: 4554
current number of tasks: 40

VMWare virtualization detected
Steal ticks since vm start: 0
Steal ticks percentage since vm start:  0.000

CPU:total 2 (initial active 2) (1 cores per cpu, 1 threads per core) family 6 model 151 stepping 2 microcode 0x15, cmov, cx8, fxsr, mmx, sse, sse2, sse3, ssse3, sse4.1, sse4.2, popcnt, avx, avx2, aes, clmul, erms, 3dnowpref, lzcnt, tsc, tscinvbit, bmi1, bmi2, adx, sha, fma
CPU Model and flags from /proc/cpuinfo:
model name	: 12th Gen Intel(R) Core(TM) i7-12700
flags		: fpu vme de pse tsc msr pae mce cx8 apic sep mtrr pge mca cmov pat pse36 clflush mmx fxsr sse sse2 ss syscall nx pdpe1gb rdtscp lm constant_tsc arch_perfmon rep_good nopl xtopology tsc_reliable nonstop_tsc cpuid tsc_known_freq pni pclmulqdq ssse3 fma cx16 sse4_1 sse4_2 x2apic movbe popcnt tsc_deadline_timer aes xsave avx f16c rdrand hypervisor lahf_lm abm 3dnowprefetch ssbd ibrs ibpb stibp ibrs_enhanced fsgsbase tsc_adjust bmi1 avx2 smep bmi2 erms invpcid rdseed adx smap clflushopt clwb sha_ni xsaveopt xsavec xgetbv1 xsaves avx_vnni arat umip pku ospke gfni vaes vpclmulqdq rdpid movdiri movdir64b fsrm md_clear serialize flush_l1d arch_capabilities
Online cpus:
0-1
Offline cpus:
2-127
BIOS frequency limitation:
<Not Available>
Frequency switch latency (ns):
<Not Available>
Available cpu frequencies:
<Not Available>
Current governor:
<Not Available>
Core performance/turbo boost:
<Not Available>

Memory: 4k page, physical 3963616k(252820k free), swap 3991548k(2965404k free)

vm_info: OpenJDK 64-Bit Server VM (11.0.23+9-post-Ubuntu-1ubuntu122.04.1) for linux-amd64 JRE (11.0.23+9-post-Ubuntu-1ubuntu122.04.1), built on May 30 2024 05:25:53 by "unknown" with gcc 11.4.0

END.
