#
# A fatal error has been detected by the Java Runtime Environment:
#
#  SIGSEGV (0xb) at pc=0x0000000000975de0, pid=137272, tid=137272
#
# JRE version: OpenJDK Runtime Environment (11.0.23+9) (build 11.0.23+9-post-Ubuntu-1ubuntu122.04.1)
# Java VM: OpenJDK 64-Bit Server VM (11.0.23+9-post-Ubuntu-1ubuntu122.04.1, mixed mode, sharing, tiered, compressed oops, g1 gc, linux-amd64)
# Problematic frame:
# C  [python+0x575de0]  _PyUnicode_FormatAdvancedWriter+0x1c0
#
# Core dump will be written. Default location: Core dumps may be processed with "/usr/share/apport/apport -p%p -s%s -c%c -d%d -P%P -u%u -g%g -- %E" (or dumping to /home/fox/Documents/StewardIQ/stewardiq/backend/app/core.137272)
#
# If you would like to submit a bug report, please visit:
#   https://bugs.launchpad.net/ubuntu/+source/openjdk-lts
# The crash happened outside the Java Virtual Machine in native code.
# See problematic frame for where to report the bug.
#

---------------  S U M M A R Y ------------

Command Line: 

Host: 12th Gen Intel(R) Core(TM) i7-12700, 2 cores, 3G, Ubuntu 22.04.4 LTS
Time: Tue Jul  9 02:17:54 2024 PDT elapsed time: 0.173692 seconds (0d 0h 0m 0s)

---------------  T H R E A D  ---------------

Current thread (0x0000000003702000):  JavaThread "main" [_thread_in_native, id=137272, stack(0x00007fff1cc11000,0x00007fff1cd11000)]

Stack: [0x00007fff1cc11000,0x00007fff1cd11000],  sp=0x00007fff1cd0d318,  free space=1008k
Native frames: (J=compiled Java code, A=aot compiled Java code, j=interpreted, Vv=VM code, C=native code)
C  [python+0x575de0]  _PyUnicode_FormatAdvancedWriter+0x1c0


siginfo: si_signo: 11 (SIGSEGV), si_code: 2 (SEGV_ACCERR), si_addr: 0x0000000000975de0

Register to memory mapping:

RAX=0x00007b5d341de000 points into unknown readable memory: 0x00007b5d341de000 | 00 e0 1d 34 5d 7b 00 00
RBX=0x000000000093d860: PyUnicode_Type+0x0000000000000000 in /home/fox/.cache/pypoetry/virtualenvs/app-nIQL6wxn-py3.11/bin/python at 0x0000000000400000
RCX=0x0 is NULL
RDX=0x0 is NULL
RSP=0x00007fff1cd0d318 is pointing into the stack for thread: 0x0000000003702000
RBP=0x00007b5d2ffb3330 points into unknown readable memory: 0x00007b5d335a9110 | 10 91 5a 33 5d 7b 00 00
RSI=0x00000000000003db is an unknown value
RDI=0x00007b5d2ffb3330 points into unknown readable memory: 0x00007b5d335a9110 | 10 91 5a 33 5d 7b 00 00
R8 =0x00000000000003da is an unknown value
R9 =0x00007b5d2ff17c90 points into unknown readable memory: 0x00007b5d2ffb3330 | 30 33 fb 2f 5d 7b 00 00
R10=0x0000000000975de0: <offset 0x0000000000575de0> in /home/fox/.cache/pypoetry/virtualenvs/app-nIQL6wxn-py3.11/bin/python at 0x0000000000400000
R11=0x0000000000a4ee58: _PyRuntime+0x000000000000e638 in /home/fox/.cache/pypoetry/virtualenvs/app-nIQL6wxn-py3.11/bin/python at 0x0000000000400000
R12=0x0000000000a691d8: _PyRuntime+0x00000000000289b8 in /home/fox/.cache/pypoetry/virtualenvs/app-nIQL6wxn-py3.11/bin/python at 0x0000000000400000
R13=0x0000000000a691d8: _PyRuntime+0x00000000000289b8 in /home/fox/.cache/pypoetry/virtualenvs/app-nIQL6wxn-py3.11/bin/python at 0x0000000000400000
R14=0x0 is NULL
R15=0x0 is NULL


Registers:
RAX=0x00007b5d341de000, RBX=0x000000000093d860, RCX=0x0000000000000000, RDX=0x0000000000000000
RSP=0x00007fff1cd0d318, RBP=0x00007b5d2ffb3330, RSI=0x00000000000003db, RDI=0x00007b5d2ffb3330
R8 =0x00000000000003da, R9 =0x00007b5d2ff17c90, R10=0x0000000000975de0, R11=0x0000000000a4ee58
R12=0x0000000000a691d8, R13=0x0000000000a691d8, R14=0x0000000000000000, R15=0x0000000000000000
RIP=0x0000000000975de0, EFLAGS=0x0000000000010202, CSGSFS=0x002b000000000033, ERR=0x0000000000000015
  TRAPNO=0x000000000000000e

Top of Stack: (sp=0x00007fff1cd0d318)
0x00007fff1cd0d318:   0000000000576991 00007b5d341de000
0x00007fff1cd0d328:   0000000000a691d8 00007b5d2ffb3340
0x00007fff1cd0d338:   0000000000a691d8 0000000000a691d8
0x00007fff1cd0d348:   0000000000576991 00007b5d341de000 

Instructions: (pc=0x0000000000975de0)
0x0000000000975ce0:   01 ca 9a 3b 00 00 00 00 60 d8 93 00 00 00 00 00
0x0000000000975cf0:   02 00 00 00 00 00 00 00 07 06 f4 f7 b9 84 08 43
0x0000000000975d00:   e5 00 00 00 00 00 00 00 00 00 00 00 00 00 00 00
0x0000000000975d10:   6d 65 00 00 00 00 00 00 00 00 00 00 00 00 00 00
0x0000000000975d20:   00 ca 9a 3b 00 00 00 00 60 d8 93 00 00 00 00 00
0x0000000000975d30:   0c 00 00 00 00 00 00 00 ce 7a 84 12 77 14 e0 b6
0x0000000000975d40:   e5 00 00 00 00 00 00 00 00 00 00 00 00 00 00 00
0x0000000000975d50:   5f 62 6c 6f 63 6b 69 6e 67 5f 6f 6e 00 00 00 00
0x0000000000975d60:   bf cc 9a 3b 00 00 00 00 60 d8 93 00 00 00 00 00
0x0000000000975d70:   03 00 00 00 00 00 00 00 03 1e 30 f6 0a b8 0a bf
0x0000000000975d80:   e5 00 00 00 00 00 00 00 00 00 00 00 00 00 00 00
0x0000000000975d90:   73 65 74 00 00 00 00 00 00 00 00 00 00 00 00 00
0x0000000000975da0:   15 ca 9a 3b 00 00 00 00 60 d8 93 00 00 00 00 00
0x0000000000975db0:   09 00 00 00 00 00 00 00 b7 e3 e9 cc 11 9e 71 b3
0x0000000000975dc0:   e5 00 00 00 00 00 00 00 00 00 00 00 00 00 00 00
0x0000000000975dd0:   67 65 74 5f 69 64 65 6e 74 00 00 00 00 00 00 00
0x0000000000975de0:   bb eb 9a 3b 00 00 00 00 60 d8 93 00 00 00 00 00
0x0000000000975df0:   04 00 00 00 00 00 00 00 a3 a4 5d 76 4b 54 03 bc
0x0000000000975e00:   e5 00 00 00 00 00 00 00 00 00 00 00 00 00 00 00
0x0000000000975e10:   73 65 6c 66 00 00 00 00 00 00 00 00 00 00 00 00
0x0000000000975e20:   03 ca 9a 3b 00 00 00 00 60 d8 93 00 00 00 00 00
0x0000000000975e30:   07 00 00 00 00 00 00 00 9b a3 62 c3 52 8e dc 6b
0x0000000000975e40:   e5 00 00 00 00 00 00 00 00 00 00 00 00 00 00 00
0x0000000000975e50:   77 61 69 74 65 72 73 00 00 00 00 00 00 00 00 00
0x0000000000975e60:   48 ca 9a 3b 00 00 00 00 60 d8 93 00 00 00 00 00
0x0000000000975e70:   05 00 00 00 00 00 00 00 eb 26 f5 99 dc ed bf 60
0x0000000000975e80:   e5 00 00 00 00 00 00 00 00 00 00 00 00 00 00 00
0x0000000000975e90:   6f 77 6e 65 72 00 00 00 00 00 00 00 00 00 00 00
0x0000000000975ea0:   00 ca 9a 3b 00 00 00 00 60 d8 93 00 00 00 00 00
0x0000000000975eb0:   06 00 00 00 00 00 00 00 d5 3d f7 b1 4c f6 87 9d
0x0000000000975ec0:   e5 00 00 00 00 00 00 00 00 00 00 00 00 00 00 00
0x0000000000975ed0:   77 61 6b 65 75 70 00 00 00 00 00 00 00 00 00 00 


Stack slot to memory mapping:
stack at sp + 0 slots: 0x0000000000576991: PyObject_Str+0x0000000000000161 in /home/fox/.cache/pypoetry/virtualenvs/app-nIQL6wxn-py3.11/bin/python at 0x0000000000400000
stack at sp + 1 slots: 0x00007b5d341de000 points into unknown readable memory: 0x00007b5d341de000 | 00 e0 1d 34 5d 7b 00 00
stack at sp + 2 slots: 0x0000000000a691d8: _PyRuntime+0x00000000000289b8 in /home/fox/.cache/pypoetry/virtualenvs/app-nIQL6wxn-py3.11/bin/python at 0x0000000000400000
stack at sp + 3 slots: 0x00007b5d2ffb3340 points into unknown readable memory: 0x0000000000000004 | 04 00 00 00 00 00 00 00
stack at sp + 4 slots: 0x0000000000a691d8: _PyRuntime+0x00000000000289b8 in /home/fox/.cache/pypoetry/virtualenvs/app-nIQL6wxn-py3.11/bin/python at 0x0000000000400000
stack at sp + 5 slots: 0x0000000000a691d8: _PyRuntime+0x00000000000289b8 in /home/fox/.cache/pypoetry/virtualenvs/app-nIQL6wxn-py3.11/bin/python at 0x0000000000400000
stack at sp + 6 slots: 0x0000000000576991: PyObject_Str+0x0000000000000161 in /home/fox/.cache/pypoetry/virtualenvs/app-nIQL6wxn-py3.11/bin/python at 0x0000000000400000
stack at sp + 7 slots: 0x00007b5d341de000 points into unknown readable memory: 0x00007b5d341de000 | 00 e0 1d 34 5d 7b 00 00


---------------  P R O C E S S  ---------------

Threads class SMR info:
_java_thread_list=0x0000000003a2d670, length=9, elements={
0x0000000003702000, 0x000000000385d800, 0x000000000385f800, 0x0000000003865800,
0x0000000003867800, 0x0000000003869800, 0x000000000386b800, 0x00000000038be800,
0x00007b5ce4001800
}

Java Threads: ( => current thread )
=>0x0000000003702000 JavaThread "main" [_thread_in_native, id=137272, stack(0x00007fff1cc11000,0x00007fff1cd11000)]
  0x000000000385d800 JavaThread "Reference Handler" daemon [_thread_blocked, id=137285, stack(0x00007b5d14251000,0x00007b5d14351000)]
  0x000000000385f800 JavaThread "Finalizer" daemon [_thread_blocked, id=137286, stack(0x00007b5d14151000,0x00007b5d14251000)]
  0x0000000003865800 JavaThread "Service Thread" daemon [_thread_blocked, id=137288, stack(0x00007b5d0c0c0000,0x00007b5d0c1c0000)]
  0x0000000003867800 JavaThread "C2 CompilerThread0" daemon [_thread_blocked, id=137289, stack(0x00007b5cff700000,0x00007b5cff800000)]
  0x0000000003869800 JavaThread "C1 CompilerThread0" daemon [_thread_blocked, id=137290, stack(0x00007b5cff600000,0x00007b5cff700000)]
  0x000000000386b800 JavaThread "Sweeper thread" daemon [_thread_blocked, id=137291, stack(0x00007b5cff500000,0x00007b5cff600000)]
  0x00000000038be800 JavaThread "Common-Cleaner" daemon [_thread_blocked, id=137293, stack(0x00007b5cff2ff000,0x00007b5cff3ff000)]
  0x00007b5ce4001800 JavaThread "SIGTERM handler" daemon [_thread_blocked, id=137295, stack(0x00007b5cff0ff000,0x00007b5cff1ff000)]

Other Threads:
  0x000000000385b000 VMThread "VM Thread" [stack: 0x00007b5d14352000,0x00007b5d14452000] [id=137284] _threads_hazard_ptr=0x0000000003a2d670
  0x0000000003718800 GCTaskThread "GC Thread#0" [stack: 0x00007b5d2ed00000,0x00007b5d2ee00000] [id=137279]
  0x00007b5cf4001800 GCTaskThread "GC Thread#1" [stack: 0x00007b5cfeeff000,0x00007b5cfefff000] [id=137297]
  0x0000000003732800 ConcurrentGCThread "G1 Main Marker" [stack: 0x00007b5d2e100000,0x00007b5d2e200000] [id=137280]
  0x0000000003734000 ConcurrentGCThread "G1 Conc#0" [stack: 0x00007b5d2dd00000,0x00007b5d2de00000] [id=137281]
  0x000000000376e000 ConcurrentGCThread "G1 Refine#0" [stack: 0x00007b5d14554000,0x00007b5d14654000] [id=137282]
  0x000000000376f800 ConcurrentGCThread "G1 Young RemSet Sampling" [stack: 0x00007b5d14453000,0x00007b5d14553000] [id=137283]

Threads with active compile tasks:

VM state:at safepoint (normal execution)

VM Mutex/Monitor currently owned by a thread:  ([mutex/lock_event])
[0x0000000003700260] Threads_lock - owner thread: 0x000000000385b000

Heap address: 0x00000000c3800000, size: 968 MB, Compressed Oops mode: 32-bit
Narrow klass base: 0x0000000800000000, Narrow klass shift: 3
Compressed class space size: 1073741824 Address: 0x0000000840000000

Heap:
 garbage-first heap   total 17408K, used 2523K [0x00000000c3800000, 0x0000000100000000)
  region size 1024K, 1 young (1024K), 0 survivors (0K)
 Metaspace       used 1611K, capacity 4711K, committed 4864K, reserved 1056768K
  class space    used 146K, capacity 440K, committed 512K, reserved 1048576K
Heap Regions: E=young(eden), S=young(survivor), O=old, HS=humongous(starts), HC=humongous(continues), CS=collection set, F=free, A=archive, TAMS=top-at-mark-start (previous, next)
|   0|0x00000000c3800000, 0x00000000c384c878, 0x00000000c3900000| 29%| O|  |TAMS 0x00000000c3800000, 0x00000000c3800000| Untracked 
|   1|0x00000000c3900000, 0x00000000c3900000, 0x00000000c3a00000|  0%| F|  |TAMS 0x00000000c3900000, 0x00000000c3900000| Untracked 
|   2|0x00000000c3a00000, 0x00000000c3a00000, 0x00000000c3b00000|  0%| F|  |TAMS 0x00000000c3a00000, 0x00000000c3a00000| Untracked 
|   3|0x00000000c3b00000, 0x00000000c3bfe3b8, 0x00000000c3c00000| 99%| O|  |TAMS 0x00000000c3b00000, 0x00000000c3b00000| Untracked 
|   4|0x00000000c3c00000, 0x00000000c3c00000, 0x00000000c3d00000|  0%| F|  |TAMS 0x00000000c3c00000, 0x00000000c3c00000| Untracked 
|   5|0x00000000c3d00000, 0x00000000c3d00000, 0x00000000c3e00000|  0%| F|  |TAMS 0x00000000c3d00000, 0x00000000c3d00000| Untracked 
|   6|0x00000000c3e00000, 0x00000000c3e782a8, 0x00000000c3f00000| 46%| O|  |TAMS 0x00000000c3e00000, 0x00000000c3e00000| Untracked 
|   7|0x00000000c3f00000, 0x00000000c3f00000, 0x00000000c4000000|  0%| F|  |TAMS 0x00000000c3f00000, 0x00000000c3f00000| Untracked 
|   8|0x00000000c4000000, 0x00000000c4000000, 0x00000000c4100000|  0%| F|  |TAMS 0x00000000c4000000, 0x00000000c4000000| Untracked 
|   9|0x00000000c4100000, 0x00000000c4100000, 0x00000000c4200000|  0%| F|  |TAMS 0x00000000c4100000, 0x00000000c4100000| Untracked 
|  10|0x00000000c4200000, 0x00000000c4200000, 0x00000000c4300000|  0%| F|  |TAMS 0x00000000c4200000, 0x00000000c4200000| Untracked 
|  11|0x00000000c4300000, 0x00000000c4300000, 0x00000000c4400000|  0%| F|  |TAMS 0x00000000c4300000, 0x00000000c4300000| Untracked 
|  12|0x00000000c4400000, 0x00000000c4400000, 0x00000000c4500000|  0%| F|  |TAMS 0x00000000c4400000, 0x00000000c4400000| Untracked 
|  13|0x00000000c4500000, 0x00000000c4500000, 0x00000000c4600000|  0%| F|  |TAMS 0x00000000c4500000, 0x00000000c4500000| Untracked 
|  14|0x00000000c4600000, 0x00000000c4677268, 0x00000000c4700000| 46%| E|  |TAMS 0x00000000c4600000, 0x00000000c4600000| Complete 
| 966|0x00000000ffe00000, 0x00000000ffe48000, 0x00000000fff00000| 28%|OA|  |TAMS 0x00000000ffe00000, 0x00000000ffe00000| Untracked 
| 967|0x00000000fff00000, 0x00000000fff6c000, 0x0000000100000000| 42%|CA|  |TAMS 0x00000000fff00000, 0x00000000fff00000| Untracked 

Card table byte_map: [0x00007b5d14838000,0x00007b5d14a1c000] _byte_map_base: 0x00007b5d1421c000

Marking Bits (Prev, Next): (CMBitMap*) 0x000000000372dcd8, (CMBitMap*) 0x000000000372dd10
 Prev Bits: [0x00007b5d0f0e0000, 0x00007b5d10000000)
 Next Bits: [0x00007b5d0e1c0000, 0x00007b5d0f0e0000)

Polling page: 0x00007b5d33d73000

Metaspace:

Usage:
  Non-class:      4.17 MB capacity,     1.43 MB ( 34%) used,     2.74 MB ( 66%) free+waste,     2.19 KB ( <1%) overhead. 
      Class:    440.00 KB capacity,   146.77 KB ( 33%) used,   291.85 KB ( 66%) free+waste,     1.38 KB ( <1%) overhead. 
       Both:      4.60 MB capacity,     1.57 MB ( 34%) used,     3.02 MB ( 66%) free+waste,     3.56 KB ( <1%) overhead. 

Virtual space:
  Non-class space:        8.00 MB reserved,       4.25 MB ( 53%) committed 
      Class space:        1.00 GB reserved,     512.00 KB ( <1%) committed 
             Both:        1.01 GB reserved,       4.75 MB ( <1%) committed 

Chunk freelists:
   Non-Class:  17.00 KB
       Class:  8.00 KB
        Both:  25.00 KB

MaxMetaspaceSize: unlimited
CompressedClassSpaceSize: 1.00 GB
Initial GC threshold: 20.80 MB
Current GC threshold: 20.80 MB
CDS: on

CodeHeap 'non-profiled nmethods': size=120036Kb used=95Kb max_used=95Kb free=119940Kb
 bounds [0x00007b5d1c6c7000, 0x00007b5d1c937000, 0x00007b5d23c00000]
CodeHeap 'profiled nmethods': size=120032Kb used=482Kb max_used=482Kb free=119549Kb
 bounds [0x00007b5d1518f000, 0x00007b5d153ff000, 0x00007b5d1c6c7000]
CodeHeap 'non-nmethods': size=5692Kb used=1096Kb max_used=1110Kb free=4595Kb
 bounds [0x00007b5d14c00000, 0x00007b5d14e70000, 0x00007b5d1518f000]
 total_blobs=710 nmethods=367 adapters=257
 compilation: enabled
              stopped_count=0, restarted_count=0
 full_count=0

Compilation events (20 events):
Event: 0.089 Thread 0x0000000003869800  351       3       java.lang.Class::getMethod0 (31 bytes)
Event: 0.089 Thread 0x0000000003869800 nmethod 351 0x00007b5d15204f90 code [0x00007b5d15205160, 0x00007b5d15205390]
Event: 0.089 Thread 0x0000000003869800  352       3       java.lang.PublicMethods$MethodList::getMostSpecific (63 bytes)
Event: 0.089 Thread 0x0000000003869800 nmethod 352 0x00007b5d15205490 code [0x00007b5d15205660, 0x00007b5d15205960]
Event: 0.089 Thread 0x0000000003869800  353   !   3       org.jpype.manager.TypeManager::isOverridden (28 bytes)
Event: 0.089 Thread 0x0000000003869800 nmethod 353 0x00007b5d15205b10 code [0x00007b5d15205d00, 0x00007b5d15206140]
Event: 0.089 Thread 0x0000000003869800  354       3       java.lang.reflect.Method::equals (69 bytes)
Event: 0.089 Thread 0x0000000003869800 nmethod 354 0x00007b5d15206390 code [0x00007b5d15206580, 0x00007b5d15206c80]
Event: 0.089 Thread 0x0000000003869800  366       3       java.lang.reflect.Method::getRoot (5 bytes)
Event: 0.089 Thread 0x0000000003869800 nmethod 366 0x00007b5d15206d90 code [0x00007b5d15206f40, 0x00007b5d15207070]
Event: 0.089 Thread 0x0000000003869800  345       1       java.lang.reflect.Field::getModifiers (5 bytes)
Event: 0.089 Thread 0x0000000003869800 nmethod 345 0x00007b5d1c6dd190 code [0x00007b5d1c6dd340, 0x00007b5d1c6dd410]
Event: 0.089 Thread 0x0000000003869800  322       1       java.lang.invoke.MethodType::form (5 bytes)
Event: 0.089 Thread 0x0000000003869800 nmethod 322 0x00007b5d1c6dd490 code [0x00007b5d1c6dd640, 0x00007b5d1c6dd710]
Event: 0.096 Thread 0x0000000003867800  349       4       java.lang.PublicMethods$MethodList::filter (104 bytes)
Event: 0.096 Thread 0x0000000003869800  367       3       java.util.HashMap$HashIterator::nextNode (100 bytes)
Event: 0.096 Thread 0x0000000003869800 nmethod 367 0x00007b5d15207110 code [0x00007b5d15207300, 0x00007b5d15207850]
Event: 0.103 Thread 0x0000000003867800 nmethod 349 0x00007b5d1c6dd790 code [0x00007b5d1c6dd960, 0x00007b5d1c6de2b8]
Event: 0.103 Thread 0x0000000003867800  360       4       java.lang.AbstractStringBuilder::ensureCapacityInternal (39 bytes)
Event: 0.104 Thread 0x0000000003867800 nmethod 360 0x00007b5d1c6de790 code [0x00007b5d1c6de940, 0x00007b5d1c6ded38]

GC Heap History (2 events):
Event: 0.083 GC heap before
{Heap before GC invocations=0 (full 0):
 garbage-first heap   total 65536K, used 3792K [0x00000000c3800000, 0x0000000100000000)
  region size 1024K, 5 young (5120K), 0 survivors (0K)
 Metaspace       used 1502K, capacity 4711K, committed 4864K, reserved 1056768K
  class space    used 144K, capacity 440K, committed 512K, reserved 1048576K
}
Event: 0.086 GC heap after
{Heap after GC invocations=1 (full 1):
 garbage-first heap   total 17408K, used 2523K [0x00000000c3800000, 0x0000000100000000)
  region size 1024K, 0 young (0K), 0 survivors (0K)
 Metaspace       used 1502K, capacity 4711K, committed 4864K, reserved 1056768K
  class space    used 144K, capacity 440K, committed 512K, reserved 1048576K
}

Deoptimization events (20 events):
Event: 0.028 Thread 0x0000000003702000 DEOPT PACKING pc=0x00007b5d151a2443 sp=0x00007fff1cd09090
Event: 0.028 Thread 0x0000000003702000 DEOPT UNPACKING pc=0x00007b5d14c4a64a sp=0x00007fff1cd08580 mode 0
Event: 0.028 Thread 0x0000000003702000 DEOPT PACKING pc=0x00007b5d151a2a8b sp=0x00007fff1cd090c0
Event: 0.028 Thread 0x0000000003702000 DEOPT UNPACKING pc=0x00007b5d14c4a64a sp=0x00007fff1cd08580 mode 0
Event: 0.028 Thread 0x0000000003702000 DEOPT PACKING pc=0x00007b5d151a2443 sp=0x00007fff1cd09090
Event: 0.028 Thread 0x0000000003702000 DEOPT UNPACKING pc=0x00007b5d14c4a64a sp=0x00007fff1cd08580 mode 0
Event: 0.028 Thread 0x0000000003702000 DEOPT PACKING pc=0x00007b5d151a2a8b sp=0x00007fff1cd090c0
Event: 0.028 Thread 0x0000000003702000 DEOPT UNPACKING pc=0x00007b5d14c4a64a sp=0x00007fff1cd08580 mode 0
Event: 0.028 Thread 0x0000000003702000 DEOPT PACKING pc=0x00007b5d151a2443 sp=0x00007fff1cd09090
Event: 0.028 Thread 0x0000000003702000 DEOPT UNPACKING pc=0x00007b5d14c4a64a sp=0x00007fff1cd08580 mode 0
Event: 0.028 Thread 0x0000000003702000 DEOPT PACKING pc=0x00007b5d151a2a8b sp=0x00007fff1cd090c0
Event: 0.028 Thread 0x0000000003702000 DEOPT UNPACKING pc=0x00007b5d14c4a64a sp=0x00007fff1cd08580 mode 0
Event: 0.028 Thread 0x0000000003702000 DEOPT PACKING pc=0x00007b5d151a2443 sp=0x00007fff1cd09090
Event: 0.028 Thread 0x0000000003702000 DEOPT UNPACKING pc=0x00007b5d14c4a64a sp=0x00007fff1cd08580 mode 0
Event: 0.028 Thread 0x0000000003702000 DEOPT PACKING pc=0x00007b5d151a2a8b sp=0x00007fff1cd090c0
Event: 0.028 Thread 0x0000000003702000 DEOPT UNPACKING pc=0x00007b5d14c4a64a sp=0x00007fff1cd08580 mode 0
Event: 0.029 Thread 0x0000000003702000 DEOPT PACKING pc=0x00007b5d151a2a8b sp=0x00007fff1cd090c0
Event: 0.029 Thread 0x0000000003702000 DEOPT UNPACKING pc=0x00007b5d14c4a64a sp=0x00007fff1cd08580 mode 0
Event: 0.029 Thread 0x0000000003702000 DEOPT PACKING pc=0x00007b5d151a2a8b sp=0x00007fff1cd090c0
Event: 0.029 Thread 0x0000000003702000 DEOPT UNPACKING pc=0x00007b5d14c4a64a sp=0x00007fff1cd08580 mode 0

Classes redefined (0 events):
No events

Internal exceptions (4 events):
Event: 0.032 Thread 0x0000000003702000 Exception <a 'java/lang/NoClassDefFoundError'{0x00000000c7301fe8}: org/jpype/classloader/DynamicClassLoader> (0x00000000c7301fe8) thrown at [./src/hotspot/share/classfile/systemDictionary.cpp, line 219]
Event: 0.048 Thread 0x0000000003702000 Exception <a 'java/lang/NoSuchMethodError'{0x00000000c739c0f0}: 'int java.lang.invoke.DirectMethodHandle$Holder.invokeStaticInit(java.lang.Object, java.lang.Object)'> (0x00000000c739c0f0) thrown at [./src/hotspot/share/interpreter/linkResolver.cpp, line 772]
Event: 0.049 Thread 0x0000000003702000 Exception <a 'java/lang/NoSuchMethodError'{0x00000000c73a21d0}: 'java.lang.Object java.lang.invoke.DirectMethodHandle$Holder.invokeStaticInit(java.lang.Object, int)'> (0x00000000c73a21d0) thrown at [./src/hotspot/share/interpreter/linkResolver.cpp, line 772]
Event: 0.120 Thread 0x0000000003702000 Exception <a 'org/jpype/PyExceptionProxy'{0x00000000c4654a88}> (0x00000000c4654a88) thrown at [./src/hotspot/share/prims/jni.cpp, line 617]

Events (20 events):
Event: 0.076 Protecting memory [0x00007b5cff0ff000,0x00007b5cff103000] with protection modes 0
Event: 0.076 Executing VM operation: RevokeBias
Event: 0.076 Executing VM operation: RevokeBias done
Event: 0.077 loading class org/jpype/JPypeSignal
Event: 0.077 loading class org/jpype/JPypeSignal done
Event: 0.078 Thread 0x00007b5ccc002000 Thread added: 0x00007b5ccc002000
Event: 0.079 Protecting memory [0x00007b5cfefff000,0x00007b5cff003000] with protection modes 0
Event: 0.083 Executing VM operation: G1CollectFull
Event: 0.086 Executing VM operation: G1CollectFull done
Event: 0.091 Executing VM operation: ThreadDump
Event: 0.091 Executing VM operation: ThreadDump done
Event: 0.100 loading class java/lang/Character$UnicodeScript
Event: 0.100 loading class java/lang/Character$UnicodeScript done
Event: 0.100 loading class java/lang/Character$UnicodeBlock
Event: 0.100 loading class java/lang/Character$Subset
Event: 0.100 loading class java/lang/Character$Subset done
Event: 0.100 loading class java/lang/Character$UnicodeBlock done
Event: 0.119 Executing VM operation: RevokeBias
Event: 0.119 Executing VM operation: RevokeBias done
Event: 0.120 Thread 0x00007b5ccc002000 Thread exited: 0x00007b5ccc002000


Dynamic libraries:
00400000-0041f000 r--p 00000000 08:03 3410957                            /usr/bin/python3.11
0041f000-006c4000 r-xp 0001f000 08:03 3410957                            /usr/bin/python3.11
006c4000-00929000 r--p 002c4000 08:03 3410957                            /usr/bin/python3.11
00929000-0092a000 r--p 00528000 08:03 3410957                            /usr/bin/python3.11
0092a000-00a6a000 rw-p 00529000 08:03 3410957                            /usr/bin/python3.11
00a6a000-00aaf000 rw-p 00000000 00:00 0 
01b08000-03ac4000 rw-p 00000000 00:00 0                                  [heap]
c3800000-c4700000 rw-p 00000000 00:00 0 
c4700000-ffe00000 ---p 00000000 00:00 0 
ffe00000-ffe48000 rw-p 00b14000 08:03 4333372                            /usr/lib/jvm/java-11-openjdk-amd64/lib/server/classes.jsa
ffe48000-fff00000 rw-p 00000000 00:00 0 
fff00000-fff6c000 rw-p 00aa8000 08:03 4333372                            /usr/lib/jvm/java-11-openjdk-amd64/lib/server/classes.jsa
fff6c000-100000000 rw-p 00000000 00:00 0 
800000000-800002000 rwxp 00001000 08:03 4333372                          /usr/lib/jvm/java-11-openjdk-amd64/lib/server/classes.jsa
800002000-8003ce000 rw-p 00003000 08:03 4333372                          /usr/lib/jvm/java-11-openjdk-amd64/lib/server/classes.jsa
8003ce000-800aa6000 r--p 003cf000 08:03 4333372                          /usr/lib/jvm/java-11-openjdk-amd64/lib/server/classes.jsa
800aa6000-800aa7000 rw-p 00aa7000 08:03 4333372                          /usr/lib/jvm/java-11-openjdk-amd64/lib/server/classes.jsa
840000000-840080000 rw-p 00000000 00:00 0 
840080000-880000000 ---p 00000000 00:00 0 
7b5ccc000000-7b5ccc021000 rw-p 00000000 00:00 0 
7b5ccc021000-7b5cd0000000 ---p 00000000 00:00 0 
7b5cd4000000-7b5cd4021000 rw-p 00000000 00:00 0 
7b5cd4021000-7b5cd8000000 ---p 00000000 00:00 0 
7b5cd8000000-7b5cd8021000 rw-p 00000000 00:00 0 
7b5cd8021000-7b5cdc000000 ---p 00000000 00:00 0 
7b5cdc000000-7b5cdc126000 rw-p 00000000 00:00 0 
7b5cdc126000-7b5ce0000000 ---p 00000000 00:00 0 
7b5ce0000000-7b5ce00ce000 rw-p 00000000 00:00 0 
7b5ce00ce000-7b5ce4000000 ---p 00000000 00:00 0 
7b5ce4000000-7b5ce4021000 rw-p 00000000 00:00 0 
7b5ce4021000-7b5ce8000000 ---p 00000000 00:00 0 
7b5ce8000000-7b5ce8021000 rw-p 00000000 00:00 0 
7b5ce8021000-7b5cec000000 ---p 00000000 00:00 0 
7b5cec000000-7b5cec021000 rw-p 00000000 00:00 0 
7b5cec021000-7b5cf0000000 ---p 00000000 00:00 0 
7b5cf0000000-7b5cf0021000 rw-p 00000000 00:00 0 
7b5cf0021000-7b5cf4000000 ---p 00000000 00:00 0 
7b5cf4000000-7b5cf4021000 rw-p 00000000 00:00 0 
7b5cf4021000-7b5cf8000000 ---p 00000000 00:00 0 
7b5cf8000000-7b5cf8021000 rw-p 00000000 00:00 0 
7b5cf8021000-7b5cfc000000 ---p 00000000 00:00 0 
7b5cfeefe000-7b5cfeeff000 ---p 00000000 00:00 0 
7b5cfeeff000-7b5cfefff000 rw-p 00000000 00:00 0 
7b5cfefff000-7b5cff003000 ---p 00000000 00:00 0 
7b5cff003000-7b5cff0ff000 rw-p 00000000 00:00 0 
7b5cff0ff000-7b5cff103000 ---p 00000000 00:00 0 
7b5cff103000-7b5cff1ff000 rw-p 00000000 00:00 0 
7b5cff1ff000-7b5cff203000 ---p 00000000 00:00 0 
7b5cff203000-7b5cff2ff000 rw-p 00000000 00:00 0 
7b5cff2ff000-7b5cff303000 ---p 00000000 00:00 0 
7b5cff303000-7b5cff3ff000 rw-p 00000000 00:00 0 
7b5cff3ff000-7b5cff400000 ---p 00000000 00:00 0 
7b5cff400000-7b5cff500000 rw-p 00000000 00:00 0 
7b5cff500000-7b5cff504000 ---p 00000000 00:00 0 
7b5cff504000-7b5cff600000 rw-p 00000000 00:00 0 
7b5cff600000-7b5cff604000 ---p 00000000 00:00 0 
7b5cff604000-7b5cff700000 rw-p 00000000 00:00 0 
7b5cff700000-7b5cff704000 ---p 00000000 00:00 0 
7b5cff704000-7b5cffc40000 rw-p 00000000 00:00 0 
7b5cffc40000-7b5d00000000 ---p 00000000 00:00 0 
7b5d00000000-7b5d00021000 rw-p 00000000 00:00 0 
7b5d00021000-7b5d04000000 ---p 00000000 00:00 0 
7b5d04000000-7b5d04021000 rw-p 00000000 00:00 0 
7b5d04021000-7b5d08000000 ---p 00000000 00:00 0 
7b5d08000000-7b5d08021000 rw-p 00000000 00:00 0 
7b5d08021000-7b5d0c000000 ---p 00000000 00:00 0 
7b5d0c0c0000-7b5d0c0c4000 ---p 00000000 00:00 0 
7b5d0c0c4000-7b5d0e1fc000 rw-p 00000000 00:00 0 
7b5d0e1fc000-7b5d0f0d8000 ---p 00000000 00:00 0 
7b5d0f0d8000-7b5d0f11c000 rw-p 00000000 00:00 0 
7b5d0f11c000-7b5d0fff8000 ---p 00000000 00:00 0 
7b5d0fff8000-7b5d10000000 rw-p 00000000 00:00 0 
7b5d10000000-7b5d10021000 rw-p 00000000 00:00 0 
7b5d10021000-7b5d14000000 ---p 00000000 00:00 0 
7b5d14051000-7b5d14055000 ---p 00000000 00:00 0 
7b5d14055000-7b5d14151000 rw-p 00000000 00:00 0 
7b5d14151000-7b5d14155000 ---p 00000000 00:00 0 
7b5d14155000-7b5d14251000 rw-p 00000000 00:00 0 
7b5d14251000-7b5d14255000 ---p 00000000 00:00 0 
7b5d14255000-7b5d14351000 rw-p 00000000 00:00 0 
7b5d14351000-7b5d14352000 ---p 00000000 00:00 0 
7b5d14352000-7b5d14452000 rw-p 00000000 00:00 0 
7b5d14452000-7b5d14453000 ---p 00000000 00:00 0 
7b5d14453000-7b5d14553000 rw-p 00000000 00:00 0 
7b5d14553000-7b5d14554000 ---p 00000000 00:00 0 
7b5d14554000-7b5d1465c000 rw-p 00000000 00:00 0 
7b5d1465c000-7b5d14837000 ---p 00000000 00:00 0 
7b5d14837000-7b5d14840000 rw-p 00000000 00:00 0 
7b5d14840000-7b5d14a1b000 ---p 00000000 00:00 0 
7b5d14a1b000-7b5d14a24000 rw-p 00000000 00:00 0 
7b5d14a24000-7b5d14bff000 ---p 00000000 00:00 0 
7b5d14bff000-7b5d14c00000 rw-p 00000000 00:00 0 
7b5d14c00000-7b5d14e70000 rwxp 00000000 00:00 0 
7b5d14e70000-7b5d1518f000 ---p 00000000 00:00 0 
7b5d1518f000-7b5d153ff000 rwxp 00000000 00:00 0 
7b5d153ff000-7b5d1c6c7000 ---p 00000000 00:00 0 
7b5d1c6c7000-7b5d1c937000 rwxp 00000000 00:00 0 
7b5d1c937000-7b5d23c00000 ---p 00000000 00:00 0 
7b5d23c00000-7b5d2c430000 r--s 00000000 08:03 4326957                    /usr/lib/jvm/java-11-openjdk-amd64/lib/modules
7b5d2c4ff000-7b5d2c600000 rw-p 00000000 00:00 0 
7b5d2c600000-7b5d2c882000 r--p 00000000 08:03 4326960                    /usr/lib/jvm/java-11-openjdk-amd64/lib/server/libjvm.so
7b5d2c882000-7b5d2d520000 r-xp 00282000 08:03 4326960                    /usr/lib/jvm/java-11-openjdk-amd64/lib/server/libjvm.so
7b5d2d520000-7b5d2d77c000 r--p 00f20000 08:03 4326960                    /usr/lib/jvm/java-11-openjdk-amd64/lib/server/libjvm.so
7b5d2d77c000-7b5d2d840000 r--p 0117b000 08:03 4326960                    /usr/lib/jvm/java-11-openjdk-amd64/lib/server/libjvm.so
7b5d2d840000-7b5d2d87b000 rw-p 0123f000 08:03 4326960                    /usr/lib/jvm/java-11-openjdk-amd64/lib/server/libjvm.so
7b5d2d87b000-7b5d2d8d2000 rw-p 00000000 00:00 0 
7b5d2d8ff000-7b5d2da00000 rw-p 00000000 00:00 0 
7b5d2da00000-7b5d2da60000 r-xp 00000000 08:03 4090719                    /home/fox/.cache/pypoetry/virtualenvs/app-nIQL6wxn-py3.11/lib/python3.11/site-packages/psycopg2_binary.libs/libpcre-9513aab5.so.1.2.0
7b5d2da60000-7b5d2dc60000 ---p 00060000 08:03 4090719                    /home/fox/.cache/pypoetry/virtualenvs/app-nIQL6wxn-py3.11/lib/python3.11/site-packages/psycopg2_binary.libs/libpcre-9513aab5.so.1.2.0
7b5d2dc60000-7b5d2dc61000 r--p 00060000 08:03 4090719                    /home/fox/.cache/pypoetry/virtualenvs/app-nIQL6wxn-py3.11/lib/python3.11/site-packages/psycopg2_binary.libs/libpcre-9513aab5.so.1.2.0
7b5d2dc61000-7b5d2dc62000 rw-p 00061000 08:03 4090719                    /home/fox/.cache/pypoetry/virtualenvs/app-nIQL6wxn-py3.11/lib/python3.11/site-packages/psycopg2_binary.libs/libpcre-9513aab5.so.1.2.0
7b5d2dc62000-7b5d2dc63000 rw-p 00063000 08:03 4090719                    /home/fox/.cache/pypoetry/virtualenvs/app-nIQL6wxn-py3.11/lib/python3.11/site-packages/psycopg2_binary.libs/libpcre-9513aab5.so.1.2.0
7b5d2dcff000-7b5d2dd00000 ---p 00000000 00:00 0 
7b5d2dd00000-7b5d2de00000 rw-p 00000000 00:00 0 
7b5d2de00000-7b5d2de24000 r-xp 00000000 08:03 4090715                    /home/fox/.cache/pypoetry/virtualenvs/app-nIQL6wxn-py3.11/lib/python3.11/site-packages/psycopg2_binary.libs/libselinux-0922c95c.so.1
7b5d2de24000-7b5d2e023000 ---p 00024000 08:03 4090715                    /home/fox/.cache/pypoetry/virtualenvs/app-nIQL6wxn-py3.11/lib/python3.11/site-packages/psycopg2_binary.libs/libselinux-0922c95c.so.1
7b5d2e023000-7b5d2e024000 r--p 00023000 08:03 4090715                    /home/fox/.cache/pypoetry/virtualenvs/app-nIQL6wxn-py3.11/lib/python3.11/site-packages/psycopg2_binary.libs/libselinux-0922c95c.so.1
7b5d2e024000-7b5d2e025000 rw-p 00024000 08:03 4090715                    /home/fox/.cache/pypoetry/virtualenvs/app-nIQL6wxn-py3.11/lib/python3.11/site-packages/psycopg2_binary.libs/libselinux-0922c95c.so.1
7b5d2e025000-7b5d2e027000 rw-p 00000000 00:00 0 
7b5d2e027000-7b5d2e02c000 rw-p 00027000 08:03 4090715                    /home/fox/.cache/pypoetry/virtualenvs/app-nIQL6wxn-py3.11/lib/python3.11/site-packages/psycopg2_binary.libs/libselinux-0922c95c.so.1
7b5d2e0ff000-7b5d2e100000 ---p 00000000 00:00 0 
7b5d2e100000-7b5d2e200000 rw-p 00000000 00:00 0 
7b5d2e200000-7b5d2e203000 r-xp 00000000 08:03 4090712                    /home/fox/.cache/pypoetry/virtualenvs/app-nIQL6wxn-py3.11/lib/python3.11/site-packages/psycopg2_binary.libs/libkeyutils-dfe70bd6.so.1.5
7b5d2e203000-7b5d2e402000 ---p 00003000 08:03 4090712                    /home/fox/.cache/pypoetry/virtualenvs/app-nIQL6wxn-py3.11/lib/python3.11/site-packages/psycopg2_binary.libs/libkeyutils-dfe70bd6.so.1.5
7b5d2e402000-7b5d2e403000 r--p 00002000 08:03 4090712                    /home/fox/.cache/pypoetry/virtualenvs/app-nIQL6wxn-py3.11/lib/python3.11/site-packages/psycopg2_binary.libs/libkeyutils-dfe70bd6.so.1.5
7b5d2e403000-7b5d2e405000 rw-p 00003000 08:03 4090712                    /home/fox/.cache/pypoetry/virtualenvs/app-nIQL6wxn-py3.11/lib/python3.11/site-packages/psycopg2_binary.libs/libkeyutils-dfe70bd6.so.1.5
7b5d2e4ff000-7b5d2e600000 rw-p 00000000 00:00 0 
7b5d2e600000-7b5d2e60e000 r-xp 00000000 08:03 4090714                    /home/fox/.cache/pypoetry/virtualenvs/app-nIQL6wxn-py3.11/lib/python3.11/site-packages/psycopg2_binary.libs/libkrb5support-d0bcff84.so.0.1
7b5d2e60e000-7b5d2e80e000 ---p 0000e000 08:03 4090714                    /home/fox/.cache/pypoetry/virtualenvs/app-nIQL6wxn-py3.11/lib/python3.11/site-packages/psycopg2_binary.libs/libkrb5support-d0bcff84.so.0.1
7b5d2e80e000-7b5d2e80f000 r--p 0000e000 08:03 4090714                    /home/fox/.cache/pypoetry/virtualenvs/app-nIQL6wxn-py3.11/lib/python3.11/site-packages/psycopg2_binary.libs/libkrb5support-d0bcff84.so.0.1
7b5d2e80f000-7b5d2e810000 rw-p 0000f000 08:03 4090714                    /home/fox/.cache/pypoetry/virtualenvs/app-nIQL6wxn-py3.11/lib/python3.11/site-packages/psycopg2_binary.libs/libkrb5support-d0bcff84.so.0.1
7b5d2e810000-7b5d2e812000 rw-p 00011000 08:03 4090714                    /home/fox/.cache/pypoetry/virtualenvs/app-nIQL6wxn-py3.11/lib/python3.11/site-packages/psycopg2_binary.libs/libkrb5support-d0bcff84.so.0.1
7b5d2e8ff000-7b5d2ea00000 rw-p 00000000 00:00 0 
7b5d2ea00000-7b5d2ea03000 r-xp 00000000 08:03 4090718                    /home/fox/.cache/pypoetry/virtualenvs/app-nIQL6wxn-py3.11/lib/python3.11/site-packages/psycopg2_binary.libs/libcom_err-2abe824b.so.2.1
7b5d2ea03000-7b5d2ec02000 ---p 00003000 08:03 4090718                    /home/fox/.cache/pypoetry/virtualenvs/app-nIQL6wxn-py3.11/lib/python3.11/site-packages/psycopg2_binary.libs/libcom_err-2abe824b.so.2.1
7b5d2ec02000-7b5d2ec03000 r--p 00002000 08:03 4090718                    /home/fox/.cache/pypoetry/virtualenvs/app-nIQL6wxn-py3.11/lib/python3.11/site-packages/psycopg2_binary.libs/libcom_err-2abe824b.so.2.1
7b5d2ec03000-7b5d2ec05000 rw-p 00003000 08:03 4090718                    /home/fox/.cache/pypoetry/virtualenvs/app-nIQL6wxn-py3.11/lib/python3.11/site-packages/psycopg2_binary.libs/libcom_err-2abe824b.so.2.1
7b5d2ecff000-7b5d2ed00000 ---p 00000000 00:00 0 
7b5d2ed00000-7b5d2ee00000 rw-p 00000000 00:00 0 
7b5d2ee00000-7b5d2ee31000 r-xp 00000000 08:03 4090720                    /home/fox/.cache/pypoetry/virtualenvs/app-nIQL6wxn-py3.11/lib/python3.11/site-packages/psycopg2_binary.libs/libk5crypto-b1f99d5c.so.3.1
7b5d2ee31000-7b5d2f030000 ---p 00031000 08:03 4090720                    /home/fox/.cache/pypoetry/virtualenvs/app-nIQL6wxn-py3.11/lib/python3.11/site-packages/psycopg2_binary.libs/libk5crypto-b1f99d5c.so.3.1
7b5d2f030000-7b5d2f032000 r--p 00030000 08:03 4090720                    /home/fox/.cache/pypoetry/virtualenvs/app-nIQL6wxn-py3.11/lib/python3.11/site-packages/psycopg2_binary.libs/libk5crypto-b1f99d5c.so.3.1
7b5d2f032000-7b5d2f033000 rw-p 00032000 08:03 4090720                    /home/fox/.cache/pypoetry/virtualenvs/app-nIQL6wxn-py3.11/lib/python3.11/site-packages/psycopg2_binary.libs/libk5crypto-b1f99d5c.so.3.1
7b5d2f033000-7b5d2f035000 rw-p 00034000 08:03 4090720                    /home/fox/.cache/pypoetry/virtualenvs/app-nIQL6wxn-py3.11/lib/python3.11/site-packages/psycopg2_binary.libs/libk5crypto-b1f99d5c.so.3.1
7b5d2f094000-7b5d2f11a000 rw-p 00000000 00:00 0 
7b5d2f11a000-7b5d2f200000 ---p 00000000 00:00 0 
7b5d2f200000-7b5d2f2d9000 r-xp 00000000 08:03 4090741                    /home/fox/.cache/pypoetry/virtualenvs/app-nIQL6wxn-py3.11/lib/python3.11/site-packages/psycopg2_binary.libs/libkrb5-fcafa220.so.3.3
7b5d2f2d9000-7b5d2f4d8000 ---p 000d9000 08:03 4090741                    /home/fox/.cache/pypoetry/virtualenvs/app-nIQL6wxn-py3.11/lib/python3.11/site-packages/psycopg2_binary.libs/libkrb5-fcafa220.so.3.3
7b5d2f4d8000-7b5d2f4e6000 r--p 000d8000 08:03 4090741                    /home/fox/.cache/pypoetry/virtualenvs/app-nIQL6wxn-py3.11/lib/python3.11/site-packages/psycopg2_binary.libs/libkrb5-fcafa220.so.3.3
7b5d2f4e6000-7b5d2f4e9000 rw-p 000e6000 08:03 4090741                    /home/fox/.cache/pypoetry/virtualenvs/app-nIQL6wxn-py3.11/lib/python3.11/site-packages/psycopg2_binary.libs/libkrb5-fcafa220.so.3.3
7b5d2f4e9000-7b5d2f4f5000 rw-p 000ed000 08:03 4090741                    /home/fox/.cache/pypoetry/virtualenvs/app-nIQL6wxn-py3.11/lib/python3.11/site-packages/psycopg2_binary.libs/libkrb5-fcafa220.so.3.3
7b5d2f515000-7b5d2f51a000 rw-p 00000000 00:00 0 
7b5d2f51a000-7b5d2f600000 ---p 00000000 00:00 0 
7b5d2f600000-7b5d2f64a000 r-xp 00000000 08:03 4090722                    /home/fox/.cache/pypoetry/virtualenvs/app-nIQL6wxn-py3.11/lib/python3.11/site-packages/psycopg2_binary.libs/libgssapi_krb5-497db0c6.so.2.2
7b5d2f64a000-7b5d2f84a000 ---p 0004a000 08:03 4090722                    /home/fox/.cache/pypoetry/virtualenvs/app-nIQL6wxn-py3.11/lib/python3.11/site-packages/psycopg2_binary.libs/libgssapi_krb5-497db0c6.so.2.2
7b5d2f84a000-7b5d2f84b000 r--p 0004a000 08:03 4090722                    /home/fox/.cache/pypoetry/virtualenvs/app-nIQL6wxn-py3.11/lib/python3.11/site-packages/psycopg2_binary.libs/libgssapi_krb5-497db0c6.so.2.2
7b5d2f84b000-7b5d2f84d000 rw-p 0004b000 08:03 4090722                    /home/fox/.cache/pypoetry/virtualenvs/app-nIQL6wxn-py3.11/lib/python3.11/site-packages/psycopg2_binary.libs/libgssapi_krb5-497db0c6.so.2.2
7b5d2f84d000-7b5d2f853000 rw-p 0004f000 08:03 4090722                    /home/fox/.cache/pypoetry/virtualenvs/app-nIQL6wxn-py3.11/lib/python3.11/site-packages/psycopg2_binary.libs/libgssapi_krb5-497db0c6.so.2.2
7b5d2f866000-7b5d2f86a000 r--p 00000000 08:03 4326947                    /usr/lib/jvm/java-11-openjdk-amd64/lib/libnet.so
7b5d2f86a000-7b5d2f878000 r-xp 00004000 08:03 4326947                    /usr/lib/jvm/java-11-openjdk-amd64/lib/libnet.so
7b5d2f878000-7b5d2f87c000 r--p 00012000 08:03 4326947                    /usr/lib/jvm/java-11-openjdk-amd64/lib/libnet.so
7b5d2f87c000-7b5d2f87d000 r--p 00015000 08:03 4326947                    /usr/lib/jvm/java-11-openjdk-amd64/lib/libnet.so
7b5d2f87d000-7b5d2f87e000 rw-p 00016000 08:03 4326947                    /usr/lib/jvm/java-11-openjdk-amd64/lib/libnet.so
7b5d2f87e000-7b5d2f885000 r--p 00000000 08:03 4326948                    /usr/lib/jvm/java-11-openjdk-amd64/lib/libnio.so
7b5d2f885000-7b5d2f88d000 r-xp 00007000 08:03 4326948                    /usr/lib/jvm/java-11-openjdk-amd64/lib/libnio.so
7b5d2f88d000-7b5d2f890000 r--p 0000f000 08:03 4326948                    /usr/lib/jvm/java-11-openjdk-amd64/lib/libnio.so
7b5d2f890000-7b5d2f891000 r--p 00011000 08:03 4326948                    /usr/lib/jvm/java-11-openjdk-amd64/lib/libnio.so
7b5d2f891000-7b5d2f892000 rw-p 00012000 08:03 4326948                    /usr/lib/jvm/java-11-openjdk-amd64/lib/libnio.so
7b5d2f892000-7b5d2f8b8000 rw-p 00000000 00:00 0 
7b5d2f8b8000-7b5d2f8bf000 ---p 00000000 00:00 0 
7b5d2f8bf000-7b5d2f8c1000 r--p 00000000 08:03 4326956                    /usr/lib/jvm/java-11-openjdk-amd64/lib/libzip.so
7b5d2f8c1000-7b5d2f8c6000 r-xp 00002000 08:03 4326956                    /usr/lib/jvm/java-11-openjdk-amd64/lib/libzip.so
7b5d2f8c6000-7b5d2f8c8000 r--p 00007000 08:03 4326956                    /usr/lib/jvm/java-11-openjdk-amd64/lib/libzip.so
7b5d2f8c8000-7b5d2f8c9000 r--p 00008000 08:03 4326956                    /usr/lib/jvm/java-11-openjdk-amd64/lib/libzip.so
7b5d2f8c9000-7b5d2f8ca000 rw-p 00009000 08:03 4326956                    /usr/lib/jvm/java-11-openjdk-amd64/lib/libzip.so
7b5d2f8ca000-7b5d2f8d2000 rw-s 00000000 08:03 1048631                    /tmp/hsperfdata_fox/137272
7b5d2f8d2000-7b5d2f8e0000 r--p 00000000 08:03 4326936                    /usr/lib/jvm/java-11-openjdk-amd64/lib/libjava.so
7b5d2f8e0000-7b5d2f8f6000 r-xp 0000e000 08:03 4326936                    /usr/lib/jvm/java-11-openjdk-amd64/lib/libjava.so
7b5d2f8f6000-7b5d2f8fd000 r--p 00024000 08:03 4326936                    /usr/lib/jvm/java-11-openjdk-amd64/lib/libjava.so
7b5d2f8fd000-7b5d2f8fe000 r--p 0002a000 08:03 4326936                    /usr/lib/jvm/java-11-openjdk-amd64/lib/libjava.so
7b5d2f8fe000-7b5d2f8ff000 rw-p 0002b000 08:03 4326936                    /usr/lib/jvm/java-11-openjdk-amd64/lib/libjava.so
7b5d2f8ff000-7b5d2fa00000 rw-p 00000000 00:00 0 
7b5d2fa00000-7b5d2fa77000 r--p 00000000 08:03 4090724                    /home/fox/.cache/pypoetry/virtualenvs/app-nIQL6wxn-py3.11/lib/python3.11/site-packages/psycopg2_binary.libs/libcrypto-7d0e8add.so.1.1
7b5d2fa77000-7b5d2fc22000 r-xp 00077000 08:03 4090724                    /home/fox/.cache/pypoetry/virtualenvs/app-nIQL6wxn-py3.11/lib/python3.11/site-packages/psycopg2_binary.libs/libcrypto-7d0e8add.so.1.1
7b5d2fc22000-7b5d2fcb0000 r--p 00222000 08:03 4090724                    /home/fox/.cache/pypoetry/virtualenvs/app-nIQL6wxn-py3.11/lib/python3.11/site-packages/psycopg2_binary.libs/libcrypto-7d0e8add.so.1.1
7b5d2fcb0000-7b5d2fcb1000 ---p 002b0000 08:03 4090724                    /home/fox/.cache/pypoetry/virtualenvs/app-nIQL6wxn-py3.11/lib/python3.11/site-packages/psycopg2_binary.libs/libcrypto-7d0e8add.so.1.1
7b5d2fcb1000-7b5d2fcdc000 r--p 002b0000 08:03 4090724                    /home/fox/.cache/pypoetry/virtualenvs/app-nIQL6wxn-py3.11/lib/python3.11/site-packages/psycopg2_binary.libs/libcrypto-7d0e8add.so.1.1
7b5d2fcdc000-7b5d2fcdf000 rw-p 002db000 08:03 4090724                    /home/fox/.cache/pypoetry/virtualenvs/app-nIQL6wxn-py3.11/lib/python3.11/site-packages/psycopg2_binary.libs/libcrypto-7d0e8add.so.1.1
7b5d2fcdf000-7b5d2fce3000 rw-p 00000000 00:00 0 
7b5d2fce3000-7b5d2fd02000 rw-p 002de000 08:03 4090724                    /home/fox/.cache/pypoetry/virtualenvs/app-nIQL6wxn-py3.11/lib/python3.11/site-packages/psycopg2_binary.libs/libcrypto-7d0e8add.so.1.1
7b5d2fd08000-7b5d2fd0a000 r--p 00000000 08:03 4326939                    /usr/lib/jvm/java-11-openjdk-amd64/lib/libjimage.so
7b5d2fd0a000-7b5d2fd0d000 r-xp 00002000 08:03 4326939                    /usr/lib/jvm/java-11-openjdk-amd64/lib/libjimage.so
7b5d2fd0d000-7b5d2fd0e000 r--p 00005000 08:03 4326939                    /usr/lib/jvm/java-11-openjdk-amd64/lib/libjimage.so
7b5d2fd0e000-7b5d2fd0f000 ---p 00006000 08:03 4326939                    /usr/lib/jvm/java-11-openjdk-amd64/lib/libjimage.so
7b5d2fd0f000-7b5d2fd10000 r--p 00006000 08:03 4326939                    /usr/lib/jvm/java-11-openjdk-amd64/lib/libjimage.so
7b5d2fd10000-7b5d2fd11000 rw-p 00007000 08:03 4326939                    /usr/lib/jvm/java-11-openjdk-amd64/lib/libjimage.so
7b5d2fd11000-7b5d2fd4c000 r--p 00000000 08:03 4090609                    /home/fox/.cache/pypoetry/virtualenvs/app-nIQL6wxn-py3.11/lib/python3.11/site-packages/_jpype.cpython-311-x86_64-linux-gnu.so
7b5d2fd4c000-7b5d2fda0000 r-xp 0003b000 08:03 4090609                    /home/fox/.cache/pypoetry/virtualenvs/app-nIQL6wxn-py3.11/lib/python3.11/site-packages/_jpype.cpython-311-x86_64-linux-gnu.so
7b5d2fda0000-7b5d2fdc8000 r--p 0008f000 08:03 4090609                    /home/fox/.cache/pypoetry/virtualenvs/app-nIQL6wxn-py3.11/lib/python3.11/site-packages/_jpype.cpython-311-x86_64-linux-gnu.so
7b5d2fdc8000-7b5d2fdc9000 ---p 000b7000 08:03 4090609                    /home/fox/.cache/pypoetry/virtualenvs/app-nIQL6wxn-py3.11/lib/python3.11/site-packages/_jpype.cpython-311-x86_64-linux-gnu.so
7b5d2fdc9000-7b5d2fdcd000 r--p 000b7000 08:03 4090609                    /home/fox/.cache/pypoetry/virtualenvs/app-nIQL6wxn-py3.11/lib/python3.11/site-packages/_jpype.cpython-311-x86_64-linux-gnu.so
7b5d2fdcd000-7b5d2fdd1000 rw-p 000bb000 08:03 4090609                    /home/fox/.cache/pypoetry/virtualenvs/app-nIQL6wxn-py3.11/lib/python3.11/site-packages/_jpype.cpython-311-x86_64-linux-gnu.so
7b5d2fdd1000-7b5d2fdd5000 r--p 00000000 08:03 4090713                    /home/fox/.cache/pypoetry/virtualenvs/app-nIQL6wxn-py3.11/lib/python3.11/site-packages/psycopg2_binary.libs/libsasl2-883649fd.so.3.0.0
7b5d2fdd5000-7b5d2fde6000 r-xp 00004000 08:03 4090713                    /home/fox/.cache/pypoetry/virtualenvs/app-nIQL6wxn-py3.11/lib/python3.11/site-packages/psycopg2_binary.libs/libsasl2-883649fd.so.3.0.0
7b5d2fde6000-7b5d2fdec000 r--p 00015000 08:03 4090713                    /home/fox/.cache/pypoetry/virtualenvs/app-nIQL6wxn-py3.11/lib/python3.11/site-packages/psycopg2_binary.libs/libsasl2-883649fd.so.3.0.0
7b5d2fdec000-7b5d2fded000 r--p 0001a000 08:03 4090713                    /home/fox/.cache/pypoetry/virtualenvs/app-nIQL6wxn-py3.11/lib/python3.11/site-packages/psycopg2_binary.libs/libsasl2-883649fd.so.3.0.0
7b5d2fded000-7b5d2fdf0000 rw-p 0001b000 08:03 4090713                    /home/fox/.cache/pypoetry/virtualenvs/app-nIQL6wxn-py3.11/lib/python3.11/site-packages/psycopg2_binary.libs/libsasl2-883649fd.so.3.0.0
7b5d2fdf0000-7b5d2fe00000 r--p 00000000 08:03 4090717                    /home/fox/.cache/pypoetry/virtualenvs/app-nIQL6wxn-py3.11/lib/python3.11/site-packages/psycopg2_binary.libs/libldap-1b002981.so.2.0.200
7b5d2fe00000-7b5d2fe39000 r-xp 00010000 08:03 4090717                    /home/fox/.cache/pypoetry/virtualenvs/app-nIQL6wxn-py3.11/lib/python3.11/site-packages/psycopg2_binary.libs/libldap-1b002981.so.2.0.200
7b5d2fe39000-7b5d2fe4b000 r--p 00049000 08:03 4090717                    /home/fox/.cache/pypoetry/virtualenvs/app-nIQL6wxn-py3.11/lib/python3.11/site-packages/psycopg2_binary.libs/libldap-1b002981.so.2.0.200
7b5d2fe4b000-7b5d2fe4c000 r--p 0005a000 08:03 4090717                    /home/fox/.cache/pypoetry/virtualenvs/app-nIQL6wxn-py3.11/lib/python3.11/site-packages/psycopg2_binary.libs/libldap-1b002981.so.2.0.200
7b5d2fe4c000-7b5d2fe4e000 rw-p 0005b000 08:03 4090717                    /home/fox/.cache/pypoetry/virtualenvs/app-nIQL6wxn-py3.11/lib/python3.11/site-packages/psycopg2_binary.libs/libldap-1b002981.so.2.0.200
7b5d2fe4e000-7b5d2fe50000 rw-p 00000000 00:00 0 
7b5d2fe50000-7b5d2fe60000 rw-p 0005e000 08:03 4090717                    /home/fox/.cache/pypoetry/virtualenvs/app-nIQL6wxn-py3.11/lib/python3.11/site-packages/psycopg2_binary.libs/libldap-1b002981.so.2.0.200
7b5d2fe60000-7b5d2fe7c000 r--p 00000000 08:03 4090716                    /home/fox/.cache/pypoetry/virtualenvs/app-nIQL6wxn-py3.11/lib/python3.11/site-packages/psycopg2_binary.libs/libssl-3e69114b.so.1.1
7b5d2fe7c000-7b5d2fecc000 r-xp 0001c000 08:03 4090716                    /home/fox/.cache/pypoetry/virtualenvs/app-nIQL6wxn-py3.11/lib/python3.11/site-packages/psycopg2_binary.libs/libssl-3e69114b.so.1.1
7b5d2fecc000-7b5d2fee6000 r--p 0006c000 08:03 4090716                    /home/fox/.cache/pypoetry/virtualenvs/app-nIQL6wxn-py3.11/lib/python3.11/site-packages/psycopg2_binary.libs/libssl-3e69114b.so.1.1
7b5d2fee6000-7b5d2fee7000 ---p 00086000 08:03 4090716                    /home/fox/.cache/pypoetry/virtualenvs/app-nIQL6wxn-py3.11/lib/python3.11/site-packages/psycopg2_binary.libs/libssl-3e69114b.so.1.1
7b5d2fee7000-7b5d2feef000 r--p 00086000 08:03 4090716                    /home/fox/.cache/pypoetry/virtualenvs/app-nIQL6wxn-py3.11/lib/python3.11/site-packages/psycopg2_binary.libs/libssl-3e69114b.so.1.1
7b5d2feef000-7b5d2feff000 rw-p 0008e000 08:03 4090716                    /home/fox/.cache/pypoetry/virtualenvs/app-nIQL6wxn-py3.11/lib/python3.11/site-packages/psycopg2_binary.libs/libssl-3e69114b.so.1.1
7b5d2feff000-7b5d309ff000 rw-p 00000000 00:00 0 
7b5d309ff000-7b5d30a10000 r--p 00000000 08:03 4090626                    /home/fox/.cache/pypoetry/virtualenvs/app-nIQL6wxn-py3.11/lib/python3.11/site-packages/asyncpg/protocol/protocol.cpython-311-x86_64-linux-gnu.so
7b5d30a10000-7b5d30ab0000 r-xp 00011000 08:03 4090626                    /home/fox/.cache/pypoetry/virtualenvs/app-nIQL6wxn-py3.11/lib/python3.11/site-packages/asyncpg/protocol/protocol.cpython-311-x86_64-linux-gnu.so
7b5d30ab0000-7b5d30ac6000 r--p 000b1000 08:03 4090626                    /home/fox/.cache/pypoetry/virtualenvs/app-nIQL6wxn-py3.11/lib/python3.11/site-packages/asyncpg/protocol/protocol.cpython-311-x86_64-linux-gnu.so
7b5d30ac6000-7b5d30ac7000 r--p 000c6000 08:03 4090626                    /home/fox/.cache/pypoetry/virtualenvs/app-nIQL6wxn-py3.11/lib/python3.11/site-packages/asyncpg/protocol/protocol.cpython-311-x86_64-linux-gnu.so
7b5d30ac7000-7b5d30ad4000 rw-p 000c7000 08:03 4090626                    /home/fox/.cache/pypoetry/virtualenvs/app-nIQL6wxn-py3.11/lib/python3.11/site-packages/asyncpg/protocol/protocol.cpython-311-x86_64-linux-gnu.so
7b5d30ad4000-7b5d31400000 rw-p 00000000 00:00 0 
7b5d31400000-7b5d3149a000 r--p 00000000 08:03 3431238                    /usr/lib/x86_64-linux-gnu/libstdc++.so.6.0.30
7b5d3149a000-7b5d315ab000 r-xp 0009a000 08:03 3431238                    /usr/lib/x86_64-linux-gnu/libstdc++.so.6.0.30
7b5d315ab000-7b5d3161a000 r--p 001ab000 08:03 3431238                    /usr/lib/x86_64-linux-gnu/libstdc++.so.6.0.30
7b5d3161a000-7b5d3161b000 ---p 0021a000 08:03 3431238                    /usr/lib/x86_64-linux-gnu/libstdc++.so.6.0.30
7b5d3161b000-7b5d31626000 r--p 0021a000 08:03 3431238                    /usr/lib/x86_64-linux-gnu/libstdc++.so.6.0.30
7b5d31626000-7b5d31629000 rw-p 00225000 08:03 3431238                    /usr/lib/x86_64-linux-gnu/libstdc++.so.6.0.30
7b5d31629000-7b5d3162c000 rw-p 00000000 00:00 0 
7b5d31632000-7b5d31635000 r--p 00000000 08:03 4090723                    /home/fox/.cache/pypoetry/virtualenvs/app-nIQL6wxn-py3.11/lib/python3.11/site-packages/psycopg2_binary.libs/liblber-1c2d2bfc.so.2.0.200
7b5d31635000-7b5d3163c000 r-xp 00003000 08:03 4090723                    /home/fox/.cache/pypoetry/virtualenvs/app-nIQL6wxn-py3.11/lib/python3.11/site-packages/psycopg2_binary.libs/liblber-1c2d2bfc.so.2.0.200
7b5d3163c000-7b5d3163f000 r--p 0000a000 08:03 4090723                    /home/fox/.cache/pypoetry/virtualenvs/app-nIQL6wxn-py3.11/lib/python3.11/site-packages/psycopg2_binary.libs/liblber-1c2d2bfc.so.2.0.200
7b5d3163f000-7b5d31640000 r--p 0000c000 08:03 4090723                    /home/fox/.cache/pypoetry/virtualenvs/app-nIQL6wxn-py3.11/lib/python3.11/site-packages/psycopg2_binary.libs/liblber-1c2d2bfc.so.2.0.200
7b5d31640000-7b5d31642000 rw-p 0000d000 08:03 4090723                    /home/fox/.cache/pypoetry/virtualenvs/app-nIQL6wxn-py3.11/lib/python3.11/site-packages/psycopg2_binary.libs/liblber-1c2d2bfc.so.2.0.200
7b5d31642000-7b5d31645000 r--p 00000000 08:03 3410096                    /usr/lib/x86_64-linux-gnu/libresolv.so.2
7b5d31645000-7b5d3164f000 r-xp 00003000 08:03 3410096                    /usr/lib/x86_64-linux-gnu/libresolv.so.2
7b5d3164f000-7b5d31652000 r--p 0000d000 08:03 3410096                    /usr/lib/x86_64-linux-gnu/libresolv.so.2
7b5d31652000-7b5d31653000 r--p 0000f000 08:03 3410096                    /usr/lib/x86_64-linux-gnu/libresolv.so.2
7b5d31653000-7b5d31654000 rw-p 00010000 08:03 3410096                    /usr/lib/x86_64-linux-gnu/libresolv.so.2
7b5d31654000-7b5d31656000 rw-p 00000000 00:00 0 
7b5d31657000-7b5d3165c000 r--p 00000000 08:03 4326955                    /usr/lib/jvm/java-11-openjdk-amd64/lib/libverify.so
7b5d3165c000-7b5d31663000 r-xp 00005000 08:03 4326955                    /usr/lib/jvm/java-11-openjdk-amd64/lib/libverify.so
7b5d31663000-7b5d31665000 r--p 0000c000 08:03 4326955                    /usr/lib/jvm/java-11-openjdk-amd64/lib/libverify.so
7b5d31665000-7b5d31667000 r--p 0000d000 08:03 4326955                    /usr/lib/jvm/java-11-openjdk-amd64/lib/libverify.so
7b5d31667000-7b5d31668000 rw-p 0000f000 08:03 4326955                    /usr/lib/jvm/java-11-openjdk-amd64/lib/libverify.so
7b5d31668000-7b5d31673000 r--p 00000000 08:03 4090721                    /home/fox/.cache/pypoetry/virtualenvs/app-nIQL6wxn-py3.11/lib/python3.11/site-packages/psycopg2_binary.libs/libpq-e8a033dd.so.5.16
7b5d31673000-7b5d31696000 r-xp 0000b000 08:03 4090721                    /home/fox/.cache/pypoetry/virtualenvs/app-nIQL6wxn-py3.11/lib/python3.11/site-packages/psycopg2_binary.libs/libpq-e8a033dd.so.5.16
7b5d31696000-7b5d316b8000 r--p 0002e000 08:03 4090721                    /home/fox/.cache/pypoetry/virtualenvs/app-nIQL6wxn-py3.11/lib/python3.11/site-packages/psycopg2_binary.libs/libpq-e8a033dd.so.5.16
7b5d316b8000-7b5d316b9000 ---p 00050000 08:03 4090721                    /home/fox/.cache/pypoetry/virtualenvs/app-nIQL6wxn-py3.11/lib/python3.11/site-packages/psycopg2_binary.libs/libpq-e8a033dd.so.5.16
7b5d316b9000-7b5d316bc000 r--p 00050000 08:03 4090721                    /home/fox/.cache/pypoetry/virtualenvs/app-nIQL6wxn-py3.11/lib/python3.11/site-packages/psycopg2_binary.libs/libpq-e8a033dd.so.5.16
7b5d316bc000-7b5d316bd000 rw-p 00053000 08:03 4090721                    /home/fox/.cache/pypoetry/virtualenvs/app-nIQL6wxn-py3.11/lib/python3.11/site-packages/psycopg2_binary.libs/libpq-e8a033dd.so.5.16
7b5d316bd000-7b5d316c3000 rw-p 00055000 08:03 4090721                    /home/fox/.cache/pypoetry/virtualenvs/app-nIQL6wxn-py3.11/lib/python3.11/site-packages/psycopg2_binary.libs/libpq-e8a033dd.so.5.16
7b5d316c3000-7b5d316d3000 r--p 00000000 08:03 4090775                    /home/fox/.cache/pypoetry/virtualenvs/app-nIQL6wxn-py3.11/lib/python3.11/site-packages/psycopg2/_psycopg.cpython-311-x86_64-linux-gnu.so
7b5d316d3000-7b5d316f1000 r-xp 00010000 08:03 4090775                    /home/fox/.cache/pypoetry/virtualenvs/app-nIQL6wxn-py3.11/lib/python3.11/site-packages/psycopg2/_psycopg.cpython-311-x86_64-linux-gnu.so
7b5d316f1000-7b5d31707000 r--p 0002e000 08:03 4090775                    /home/fox/.cache/pypoetry/virtualenvs/app-nIQL6wxn-py3.11/lib/python3.11/site-packages/psycopg2/_psycopg.cpython-311-x86_64-linux-gnu.so
7b5d31707000-7b5d31709000 r--p 00043000 08:03 4090775                    /home/fox/.cache/pypoetry/virtualenvs/app-nIQL6wxn-py3.11/lib/python3.11/site-packages/psycopg2/_psycopg.cpython-311-x86_64-linux-gnu.so
7b5d31709000-7b5d31710000 rw-p 00045000 08:03 4090775                    /home/fox/.cache/pypoetry/virtualenvs/app-nIQL6wxn-py3.11/lib/python3.11/site-packages/psycopg2/_psycopg.cpython-311-x86_64-linux-gnu.so
7b5d31710000-7b5d31715000 rw-p 0004d000 08:03 4090775                    /home/fox/.cache/pypoetry/virtualenvs/app-nIQL6wxn-py3.11/lib/python3.11/site-packages/psycopg2/_psycopg.cpython-311-x86_64-linux-gnu.so
7b5d31715000-7b5d32000000 rw-p 00000000 00:00 0 
7b5d32000000-7b5d3204b000 r--p 00000000 08:03 4081337                    /home/fox/.cache/pypoetry/virtualenvs/app-nIQL6wxn-py3.11/lib/python3.11/site-packages/pydantic_core/_pydantic_core.cpython-311-x86_64-linux-gnu.so
7b5d3204b000-7b5d323ef000 r-xp 0004b000 08:03 4081337                    /home/fox/.cache/pypoetry/virtualenvs/app-nIQL6wxn-py3.11/lib/python3.11/site-packages/pydantic_core/_pydantic_core.cpython-311-x86_64-linux-gnu.so
7b5d323ef000-7b5d32506000 r--p 003ef000 08:03 4081337                    /home/fox/.cache/pypoetry/virtualenvs/app-nIQL6wxn-py3.11/lib/python3.11/site-packages/pydantic_core/_pydantic_core.cpython-311-x86_64-linux-gnu.so
7b5d32506000-7b5d32507000 ---p 00506000 08:03 4081337                    /home/fox/.cache/pypoetry/virtualenvs/app-nIQL6wxn-py3.11/lib/python3.11/site-packages/pydantic_core/_pydantic_core.cpython-311-x86_64-linux-gnu.so
7b5d32507000-7b5d3253c000 r--p 00506000 08:03 4081337                    /home/fox/.cache/pypoetry/virtualenvs/app-nIQL6wxn-py3.11/lib/python3.11/site-packages/pydantic_core/_pydantic_core.cpython-311-x86_64-linux-gnu.so
7b5d3253c000-7b5d3253e000 rw-p 0053b000 08:03 4081337                    /home/fox/.cache/pypoetry/virtualenvs/app-nIQL6wxn-py3.11/lib/python3.11/site-packages/pydantic_core/_pydantic_core.cpython-311-x86_64-linux-gnu.so
7b5d32540000-7b5d32543000 r--p 00000000 08:03 3410792                    /usr/lib/python3.11/lib-dynload/_multibytecodec.cpython-311-x86_64-linux-gnu.so
7b5d32543000-7b5d3254a000 r-xp 00003000 08:03 3410792                    /usr/lib/python3.11/lib-dynload/_multibytecodec.cpython-311-x86_64-linux-gnu.so
7b5d3254a000-7b5d3254c000 r--p 0000a000 08:03 3410792                    /usr/lib/python3.11/lib-dynload/_multibytecodec.cpython-311-x86_64-linux-gnu.so
7b5d3254c000-7b5d3254d000 r--p 0000b000 08:03 3410792                    /usr/lib/python3.11/lib-dynload/_multibytecodec.cpython-311-x86_64-linux-gnu.so
7b5d3254d000-7b5d3254e000 rw-p 0000c000 08:03 3410792                    /usr/lib/python3.11/lib-dynload/_multibytecodec.cpython-311-x86_64-linux-gnu.so
7b5d3254e000-7b5d3255b000 r--p 00000000 08:03 4083962                    /home/fox/.cache/pypoetry/virtualenvs/app-nIQL6wxn-py3.11/lib/python3.11/site-packages/charset_normalizer/md__mypyc.cpython-311-x86_64-linux-gnu.so
7b5d3255b000-7b5d32576000 r-xp 0000d000 08:03 4083962                    /home/fox/.cache/pypoetry/virtualenvs/app-nIQL6wxn-py3.11/lib/python3.11/site-packages/charset_normalizer/md__mypyc.cpython-311-x86_64-linux-gnu.so
7b5d32576000-7b5d3257f000 r--p 00028000 08:03 4083962                    /home/fox/.cache/pypoetry/virtualenvs/app-nIQL6wxn-py3.11/lib/python3.11/site-packages/charset_normalizer/md__mypyc.cpython-311-x86_64-linux-gnu.so
7b5d3257f000-7b5d32580000 ---p 00031000 08:03 4083962                    /home/fox/.cache/pypoetry/virtualenvs/app-nIQL6wxn-py3.11/lib/python3.11/site-packages/charset_normalizer/md__mypyc.cpython-311-x86_64-linux-gnu.so
7b5d32580000-7b5d32581000 r--p 00031000 08:03 4083962                    /home/fox/.cache/pypoetry/virtualenvs/app-nIQL6wxn-py3.11/lib/python3.11/site-packages/charset_normalizer/md__mypyc.cpython-311-x86_64-linux-gnu.so
7b5d32581000-7b5d32586000 rw-p 00032000 08:03 4083962                    /home/fox/.cache/pypoetry/virtualenvs/app-nIQL6wxn-py3.11/lib/python3.11/site-packages/charset_normalizer/md__mypyc.cpython-311-x86_64-linux-gnu.so
7b5d32586000-7b5d3258d000 r--p 00000000 08:03 4090589                    /home/fox/.cache/pypoetry/virtualenvs/app-nIQL6wxn-py3.11/lib/python3.11/site-packages/asyncpg/pgproto/pgproto.cpython-311-x86_64-linux-gnu.so
7b5d3258d000-7b5d325bf000 r-xp 00007000 08:03 4090589                    /home/fox/.cache/pypoetry/virtualenvs/app-nIQL6wxn-py3.11/lib/python3.11/site-packages/asyncpg/pgproto/pgproto.cpython-311-x86_64-linux-gnu.so
7b5d325bf000-7b5d325c9000 r--p 00039000 08:03 4090589                    /home/fox/.cache/pypoetry/virtualenvs/app-nIQL6wxn-py3.11/lib/python3.11/site-packages/asyncpg/pgproto/pgproto.cpython-311-x86_64-linux-gnu.so
7b5d325c9000-7b5d325ca000 ---p 00043000 08:03 4090589                    /home/fox/.cache/pypoetry/virtualenvs/app-nIQL6wxn-py3.11/lib/python3.11/site-packages/asyncpg/pgproto/pgproto.cpython-311-x86_64-linux-gnu.so
7b5d325ca000-7b5d325cb000 r--p 00043000 08:03 4090589                    /home/fox/.cache/pypoetry/virtualenvs/app-nIQL6wxn-py3.11/lib/python3.11/site-packages/asyncpg/pgproto/pgproto.cpython-311-x86_64-linux-gnu.so
7b5d325cb000-7b5d325cf000 rw-p 00044000 08:03 4090589                    /home/fox/.cache/pypoetry/virtualenvs/app-nIQL6wxn-py3.11/lib/python3.11/site-packages/asyncpg/pgproto/pgproto.cpython-311-x86_64-linux-gnu.so
7b5d325cf000-7b5d325d2000 rw-p 00000000 00:00 0 
7b5d325d2000-7b5d325db000 r--p 00000000 08:03 4080988                    /home/fox/.cache/pypoetry/virtualenvs/app-nIQL6wxn-py3.11/lib/python3.11/site-packages/greenlet/_greenlet.cpython-311-x86_64-linux-gnu.so
7b5d325db000-7b5d325eb000 r-xp 00009000 08:03 4080988                    /home/fox/.cache/pypoetry/virtualenvs/app-nIQL6wxn-py3.11/lib/python3.11/site-packages/greenlet/_greenlet.cpython-311-x86_64-linux-gnu.so
7b5d325eb000-7b5d325f1000 r--p 00019000 08:03 4080988                    /home/fox/.cache/pypoetry/virtualenvs/app-nIQL6wxn-py3.11/lib/python3.11/site-packages/greenlet/_greenlet.cpython-311-x86_64-linux-gnu.so
7b5d325f1000-7b5d325f2000 ---p 0001f000 08:03 4080988                    /home/fox/.cache/pypoetry/virtualenvs/app-nIQL6wxn-py3.11/lib/python3.11/site-packages/greenlet/_greenlet.cpython-311-x86_64-linux-gnu.so
7b5d325f2000-7b5d325f3000 r--p 0001f000 08:03 4080988                    /home/fox/.cache/pypoetry/virtualenvs/app-nIQL6wxn-py3.11/lib/python3.11/site-packages/greenlet/_greenlet.cpython-311-x86_64-linux-gnu.so
7b5d325f3000-7b5d325f4000 rw-p 00020000 08:03 4080988                    /home/fox/.cache/pypoetry/virtualenvs/app-nIQL6wxn-py3.11/lib/python3.11/site-packages/greenlet/_greenlet.cpython-311-x86_64-linux-gnu.so
7b5d325f4000-7b5d325f8000 r--p 00000000 08:03 4090064                    /home/fox/.cache/pypoetry/virtualenvs/app-nIQL6wxn-py3.11/lib/python3.11/site-packages/sqlalchemy/cyextension/util.cpython-311-x86_64-linux-gnu.so
7b5d325f8000-7b5d32609000 r-xp 00004000 08:03 4090064                    /home/fox/.cache/pypoetry/virtualenvs/app-nIQL6wxn-py3.11/lib/python3.11/site-packages/sqlalchemy/cyextension/util.cpython-311-x86_64-linux-gnu.so
7b5d32609000-7b5d3260c000 r--p 00015000 08:03 4090064                    /home/fox/.cache/pypoetry/virtualenvs/app-nIQL6wxn-py3.11/lib/python3.11/site-packages/sqlalchemy/cyextension/util.cpython-311-x86_64-linux-gnu.so
7b5d3260c000-7b5d3260d000 ---p 00018000 08:03 4090064                    /home/fox/.cache/pypoetry/virtualenvs/app-nIQL6wxn-py3.11/lib/python3.11/site-packages/sqlalchemy/cyextension/util.cpython-311-x86_64-linux-gnu.so
7b5d3260d000-7b5d3260e000 r--p 00018000 08:03 4090064                    /home/fox/.cache/pypoetry/virtualenvs/app-nIQL6wxn-py3.11/lib/python3.11/site-packages/sqlalchemy/cyextension/util.cpython-311-x86_64-linux-gnu.so
7b5d3260e000-7b5d3260f000 rw-p 00019000 08:03 4090064                    /home/fox/.cache/pypoetry/virtualenvs/app-nIQL6wxn-py3.11/lib/python3.11/site-packages/sqlalchemy/cyextension/util.cpython-311-x86_64-linux-gnu.so
7b5d3260f000-7b5d32610000 rw-p 00000000 00:00 0 
7b5d32610000-7b5d32614000 r--p 00000000 08:03 4090066                    /home/fox/.cache/pypoetry/virtualenvs/app-nIQL6wxn-py3.11/lib/python3.11/site-packages/sqlalchemy/cyextension/resultproxy.cpython-311-x86_64-linux-gnu.so
7b5d32614000-7b5d32620000 r-xp 00004000 08:03 4090066                    /home/fox/.cache/pypoetry/virtualenvs/app-nIQL6wxn-py3.11/lib/python3.11/site-packages/sqlalchemy/cyextension/resultproxy.cpython-311-x86_64-linux-gnu.so
7b5d32620000-7b5d32623000 r--p 00010000 08:03 4090066                    /home/fox/.cache/pypoetry/virtualenvs/app-nIQL6wxn-py3.11/lib/python3.11/site-packages/sqlalchemy/cyextension/resultproxy.cpython-311-x86_64-linux-gnu.so
7b5d32623000-7b5d32624000 r--p 00012000 08:03 4090066                    /home/fox/.cache/pypoetry/virtualenvs/app-nIQL6wxn-py3.11/lib/python3.11/site-packages/sqlalchemy/cyextension/resultproxy.cpython-311-x86_64-linux-gnu.so
7b5d32624000-7b5d32625000 rw-p 00013000 08:03 4090066                    /home/fox/.cache/pypoetry/virtualenvs/app-nIQL6wxn-py3.11/lib/python3.11/site-packages/sqlalchemy/cyextension/resultproxy.cpython-311-x86_64-linux-gnu.so
7b5d32625000-7b5d32626000 rw-p 00000000 00:00 0 
7b5d32626000-7b5d32628000 r--p 00000000 08:03 3422877                    /usr/lib/x86_64-linux-gnu/libuuid.so.1.3.0
7b5d32628000-7b5d3262c000 r-xp 00002000 08:03 3422877                    /usr/lib/x86_64-linux-gnu/libuuid.so.1.3.0
7b5d3262c000-7b5d3262d000 r--p 00006000 08:03 3422877                    /usr/lib/x86_64-linux-gnu/libuuid.so.1.3.0
7b5d3262d000-7b5d3262e000 r--p 00006000 08:03 3422877                    /usr/lib/x86_64-linux-gnu/libuuid.so.1.3.0
7b5d3262e000-7b5d3262f000 rw-p 00007000 08:03 3422877                    /usr/lib/x86_64-linux-gnu/libuuid.so.1.3.0
7b5d3262f000-7b5d32636000 r--p 00000000 08:03 3410788                    /usr/lib/python3.11/lib-dynload/_decimal.cpython-311-x86_64-linux-gnu.so
7b5d32636000-7b5d32666000 r-xp 00007000 08:03 3410788                    /usr/lib/python3.11/lib-dynload/_decimal.cpython-311-x86_64-linux-gnu.so
7b5d32666000-7b5d32676000 r--p 00037000 08:03 3410788                    /usr/lib/python3.11/lib-dynload/_decimal.cpython-311-x86_64-linux-gnu.so
7b5d32676000-7b5d32677000 r--p 00046000 08:03 3410788                    /usr/lib/python3.11/lib-dynload/_decimal.cpython-311-x86_64-linux-gnu.so
7b5d32677000-7b5d3267a000 rw-p 00047000 08:03 3410788                    /usr/lib/python3.11/lib-dynload/_decimal.cpython-311-x86_64-linux-gnu.so
7b5d3267a000-7b5d3267d000 r--p 00000000 08:03 3430450                    /usr/lib/x86_64-linux-gnu/libgcc_s.so.1
7b5d3267d000-7b5d32694000 r-xp 00003000 08:03 3430450                    /usr/lib/x86_64-linux-gnu/libgcc_s.so.1
7b5d32694000-7b5d32698000 r--p 0001a000 08:03 3430450                    /usr/lib/x86_64-linux-gnu/libgcc_s.so.1
7b5d32698000-7b5d32699000 r--p 0001d000 08:03 3430450                    /usr/lib/x86_64-linux-gnu/libgcc_s.so.1
7b5d32699000-7b5d3269a000 rw-p 0001e000 08:03 3430450                    /usr/lib/x86_64-linux-gnu/libgcc_s.so.1
7b5d3269a000-7b5d32c9a000 rw-p 00000000 00:00 0 
7b5d32c9b000-7b5d32c9c000 r--p 00000000 08:03 3410043                    /usr/lib/x86_64-linux-gnu/libdl.so.2
7b5d32c9c000-7b5d32c9d000 r-xp 00001000 08:03 3410043                    /usr/lib/x86_64-linux-gnu/libdl.so.2
7b5d32c9d000-7b5d32c9e000 r--p 00002000 08:03 3410043                    /usr/lib/x86_64-linux-gnu/libdl.so.2
7b5d32c9e000-7b5d32c9f000 r--p 00002000 08:03 3410043                    /usr/lib/x86_64-linux-gnu/libdl.so.2
7b5d32c9f000-7b5d32ca0000 rw-p 00003000 08:03 3410043                    /usr/lib/x86_64-linux-gnu/libdl.so.2
7b5d32ca0000-7b5d32ca3000 r--p 00000000 08:03 3410814                    /usr/lib/python3.11/lib-dynload/termios.cpython-311-x86_64-linux-gnu.so
7b5d32ca3000-7b5d32ca5000 r-xp 00003000 08:03 3410814                    /usr/lib/python3.11/lib-dynload/termios.cpython-311-x86_64-linux-gnu.so
7b5d32ca5000-7b5d32ca7000 r--p 00005000 08:03 3410814                    /usr/lib/python3.11/lib-dynload/termios.cpython-311-x86_64-linux-gnu.so
7b5d32ca7000-7b5d32ca8000 r--p 00006000 08:03 3410814                    /usr/lib/python3.11/lib-dynload/termios.cpython-311-x86_64-linux-gnu.so
7b5d32ca8000-7b5d32caa000 rw-p 00007000 08:03 3410814                    /usr/lib/python3.11/lib-dynload/termios.cpython-311-x86_64-linux-gnu.so
7b5d32caa000-7b5d32cae000 r--p 00000000 08:03 4090063                    /home/fox/.cache/pypoetry/virtualenvs/app-nIQL6wxn-py3.11/lib/python3.11/site-packages/sqlalchemy/cyextension/immutabledict.cpython-311-x86_64-linux-gnu.so
7b5d32cae000-7b5d32cbd000 r-xp 00004000 08:03 4090063                    /home/fox/.cache/pypoetry/virtualenvs/app-nIQL6wxn-py3.11/lib/python3.11/site-packages/sqlalchemy/cyextension/immutabledict.cpython-311-x86_64-linux-gnu.so
7b5d32cbd000-7b5d32cc0000 r--p 00013000 08:03 4090063                    /home/fox/.cache/pypoetry/virtualenvs/app-nIQL6wxn-py3.11/lib/python3.11/site-packages/sqlalchemy/cyextension/immutabledict.cpython-311-x86_64-linux-gnu.so
7b5d32cc0000-7b5d32cc1000 ---p 00016000 08:03 4090063                    /home/fox/.cache/pypoetry/virtualenvs/app-nIQL6wxn-py3.11/lib/python3.11/site-packages/sqlalchemy/cyextension/immutabledict.cpython-311-x86_64-linux-gnu.so
7b5d32cc1000-7b5d32cc2000 r--p 00016000 08:03 4090063                    /home/fox/.cache/pypoetry/virtualenvs/app-nIQL6wxn-py3.11/lib/python3.11/site-packages/sqlalchemy/cyextension/immutabledict.cpython-311-x86_64-linux-gnu.so
7b5d32cc2000-7b5d32cc3000 rw-p 00017000 08:03 4090063                    /home/fox/.cache/pypoetry/virtualenvs/app-nIQL6wxn-py3.11/lib/python3.11/site-packages/sqlalchemy/cyextension/immutabledict.cpython-311-x86_64-linux-gnu.so
7b5d32cc3000-7b5d32cc4000 rw-p 00000000 00:00 0 
7b5d32cc4000-7b5d32cca000 r--p 00000000 08:03 4090059                    /home/fox/.cache/pypoetry/virtualenvs/app-nIQL6wxn-py3.11/lib/python3.11/site-packages/sqlalchemy/cyextension/collections.cpython-311-x86_64-linux-gnu.so
7b5d32cca000-7b5d32cf4000 r-xp 00006000 08:03 4090059                    /home/fox/.cache/pypoetry/virtualenvs/app-nIQL6wxn-py3.11/lib/python3.11/site-packages/sqlalchemy/cyextension/collections.cpython-311-x86_64-linux-gnu.so
7b5d32cf4000-7b5d32cfc000 r--p 00030000 08:03 4090059                    /home/fox/.cache/pypoetry/virtualenvs/app-nIQL6wxn-py3.11/lib/python3.11/site-packages/sqlalchemy/cyextension/collections.cpython-311-x86_64-linux-gnu.so
7b5d32cfc000-7b5d32cfd000 r--p 00037000 08:03 4090059                    /home/fox/.cache/pypoetry/virtualenvs/app-nIQL6wxn-py3.11/lib/python3.11/site-packages/sqlalchemy/cyextension/collections.cpython-311-x86_64-linux-gnu.so
7b5d32cfd000-7b5d32d00000 rw-p 00038000 08:03 4090059                    /home/fox/.cache/pypoetry/virtualenvs/app-nIQL6wxn-py3.11/lib/python3.11/site-packages/sqlalchemy/cyextension/collections.cpython-311-x86_64-linux-gnu.so
7b5d32d00000-7b5d32e00000 rw-p 00000000 00:00 0 
7b5d32e00000-7b5d32eb2000 r--p 00000000 08:03 3411035                    /usr/lib/x86_64-linux-gnu/libcrypto.so.3
7b5d32eb2000-7b5d33111000 r-xp 000b2000 08:03 3411035                    /usr/lib/x86_64-linux-gnu/libcrypto.so.3
7b5d33111000-7b5d331e3000 r--p 00311000 08:03 3411035                    /usr/lib/x86_64-linux-gnu/libcrypto.so.3
7b5d331e3000-7b5d3323e000 r--p 003e2000 08:03 3411035                    /usr/lib/x86_64-linux-gnu/libcrypto.so.3
7b5d3323e000-7b5d33241000 rw-p 0043d000 08:03 3411035                    /usr/lib/x86_64-linux-gnu/libcrypto.so.3
7b5d33241000-7b5d33244000 rw-p 00000000 00:00 0 
7b5d33244000-7b5d33245000 r--p 00000000 08:03 4083959                    /home/fox/.cache/pypoetry/virtualenvs/app-nIQL6wxn-py3.11/lib/python3.11/site-packages/charset_normalizer/md.cpython-311-x86_64-linux-gnu.so
7b5d33245000-7b5d33246000 r-xp 00001000 08:03 4083959                    /home/fox/.cache/pypoetry/virtualenvs/app-nIQL6wxn-py3.11/lib/python3.11/site-packages/charset_normalizer/md.cpython-311-x86_64-linux-gnu.so
7b5d33246000-7b5d33247000 r--p 00002000 08:03 4083959                    /home/fox/.cache/pypoetry/virtualenvs/app-nIQL6wxn-py3.11/lib/python3.11/site-packages/charset_normalizer/md.cpython-311-x86_64-linux-gnu.so
7b5d33247000-7b5d33248000 r--p 00002000 08:03 4083959                    /home/fox/.cache/pypoetry/virtualenvs/app-nIQL6wxn-py3.11/lib/python3.11/site-packages/charset_normalizer/md.cpython-311-x86_64-linux-gnu.so
7b5d33248000-7b5d33249000 rw-p 00003000 08:03 4083959                    /home/fox/.cache/pypoetry/virtualenvs/app-nIQL6wxn-py3.11/lib/python3.11/site-packages/charset_normalizer/md.cpython-311-x86_64-linux-gnu.so
7b5d33249000-7b5d3324c000 r--p 00000000 08:03 4090060                    /home/fox/.cache/pypoetry/virtualenvs/app-nIQL6wxn-py3.11/lib/python3.11/site-packages/sqlalchemy/cyextension/processors.cpython-311-x86_64-linux-gnu.so
7b5d3324c000-7b5d33257000 r-xp 00003000 08:03 4090060                    /home/fox/.cache/pypoetry/virtualenvs/app-nIQL6wxn-py3.11/lib/python3.11/site-packages/sqlalchemy/cyextension/processors.cpython-311-x86_64-linux-gnu.so
7b5d33257000-7b5d3325a000 r--p 0000e000 08:03 4090060                    /home/fox/.cache/pypoetry/virtualenvs/app-nIQL6wxn-py3.11/lib/python3.11/site-packages/sqlalchemy/cyextension/processors.cpython-311-x86_64-linux-gnu.so
7b5d3325a000-7b5d3325b000 r--p 00010000 08:03 4090060                    /home/fox/.cache/pypoetry/virtualenvs/app-nIQL6wxn-py3.11/lib/python3.11/site-packages/sqlalchemy/cyextension/processors.cpython-311-x86_64-linux-gnu.so
7b5d3325b000-7b5d3325c000 rw-p 00011000 08:03 4090060                    /home/fox/.cache/pypoetry/virtualenvs/app-nIQL6wxn-py3.11/lib/python3.11/site-packages/sqlalchemy/cyextension/processors.cpython-311-x86_64-linux-gnu.so
7b5d3325c000-7b5d3335c000 rw-p 00000000 00:00 0 
7b5d3335c000-7b5d3337a000 r--p 00000000 08:03 3411036                    /usr/lib/x86_64-linux-gnu/libssl.so.3
7b5d3337a000-7b5d333d5000 r-xp 0001e000 08:03 3411036                    /usr/lib/x86_64-linux-gnu/libssl.so.3
7b5d333d5000-7b5d333f2000 r--p 00079000 08:03 3411036                    /usr/lib/x86_64-linux-gnu/libssl.so.3
7b5d333f2000-7b5d333fc000 r--p 00095000 08:03 3411036                    /usr/lib/x86_64-linux-gnu/libssl.so.3
7b5d333fc000-7b5d33400000 rw-p 0009f000 08:03 3411036                    /usr/lib/x86_64-linux-gnu/libssl.so.3
7b5d33400000-7b5d33800000 rw-p 00000000 00:00 0 
7b5d33800000-7b5d33d73000 r--p 00000000 08:03 3408152                    /usr/lib/locale/locale-archive
7b5d33d73000-7b5d33d74000 ---p 00000000 00:00 0 
7b5d33d74000-7b5d33d75000 r--p 00000000 00:00 0 
7b5d33d75000-7b5d33d76000 r--p 00000000 08:03 3410804                    /usr/lib/python3.11/lib-dynload/_uuid.cpython-311-x86_64-linux-gnu.so
7b5d33d76000-7b5d33d77000 r-xp 00001000 08:03 3410804                    /usr/lib/python3.11/lib-dynload/_uuid.cpython-311-x86_64-linux-gnu.so
7b5d33d77000-7b5d33d78000 r--p 00002000 08:03 3410804                    /usr/lib/python3.11/lib-dynload/_uuid.cpython-311-x86_64-linux-gnu.so
7b5d33d78000-7b5d33d79000 r--p 00002000 08:03 3410804                    /usr/lib/python3.11/lib-dynload/_uuid.cpython-311-x86_64-linux-gnu.so
7b5d33d79000-7b5d33d7a000 rw-p 00003000 08:03 3410804                    /usr/lib/python3.11/lib-dynload/_uuid.cpython-311-x86_64-linux-gnu.so
7b5d33d7a000-7b5d33d7b000 r--p 00000000 08:03 3410091                    /usr/lib/x86_64-linux-gnu/libpthread.so.0
7b5d33d7b000-7b5d33d7c000 r-xp 00001000 08:03 3410091                    /usr/lib/x86_64-linux-gnu/libpthread.so.0
7b5d33d7c000-7b5d33d7d000 r--p 00002000 08:03 3410091                    /usr/lib/x86_64-linux-gnu/libpthread.so.0
7b5d33d7d000-7b5d33d7e000 r--p 00002000 08:03 3410091                    /usr/lib/x86_64-linux-gnu/libpthread.so.0
7b5d33d7e000-7b5d33d7f000 rw-p 00003000 08:03 3410091                    /usr/lib/x86_64-linux-gnu/libpthread.so.0
7b5d33d7f000-7b5d33d82000 r--p 00000000 08:03 3430799                    /usr/lib/x86_64-linux-gnu/liblzma.so.5.2.5
7b5d33d82000-7b5d33d9d000 r-xp 00003000 08:03 3430799                    /usr/lib/x86_64-linux-gnu/liblzma.so.5.2.5
7b5d33d9d000-7b5d33da8000 r--p 0001e000 08:03 3430799                    /usr/lib/x86_64-linux-gnu/liblzma.so.5.2.5
7b5d33da8000-7b5d33da9000 r--p 00028000 08:03 3430799                    /usr/lib/x86_64-linux-gnu/liblzma.so.5.2.5
7b5d33da9000-7b5d33daa000 rw-p 00029000 08:03 3430799                    /usr/lib/x86_64-linux-gnu/liblzma.so.5.2.5
7b5d33daa000-7b5d33dac000 r--p 00000000 08:03 3430150                    /usr/lib/x86_64-linux-gnu/libbz2.so.1.0.4
7b5d33dac000-7b5d33db9000 r-xp 00002000 08:03 3430150                    /usr/lib/x86_64-linux-gnu/libbz2.so.1.0.4
7b5d33db9000-7b5d33dbb000 r--p 0000f000 08:03 3430150                    /usr/lib/x86_64-linux-gnu/libbz2.so.1.0.4
7b5d33dbb000-7b5d33dbc000 r--p 00010000 08:03 3430150                    /usr/lib/x86_64-linux-gnu/libbz2.so.1.0.4
7b5d33dbc000-7b5d33dbd000 rw-p 00011000 08:03 3430150                    /usr/lib/x86_64-linux-gnu/libbz2.so.1.0.4
7b5d33dbd000-7b5d33dbf000 r--p 00000000 08:03 3410789                    /usr/lib/python3.11/lib-dynload/_json.cpython-311-x86_64-linux-gnu.so
7b5d33dbf000-7b5d33dc6000 r-xp 00002000 08:03 3410789                    /usr/lib/python3.11/lib-dynload/_json.cpython-311-x86_64-linux-gnu.so
7b5d33dc6000-7b5d33dc8000 r--p 00009000 08:03 3410789                    /usr/lib/python3.11/lib-dynload/_json.cpython-311-x86_64-linux-gnu.so
7b5d33dc8000-7b5d33dc9000 r--p 0000a000 08:03 3410789                    /usr/lib/python3.11/lib-dynload/_json.cpython-311-x86_64-linux-gnu.so
7b5d33dc9000-7b5d33dca000 rw-p 0000b000 08:03 3410789                    /usr/lib/python3.11/lib-dynload/_json.cpython-311-x86_64-linux-gnu.so
7b5d33dca000-7b5d33ddc000 r--p 00000000 08:03 3411125                    /usr/lib/python3.11/lib-dynload/_ssl.cpython-311-x86_64-linux-gnu.so
7b5d33ddc000-7b5d33de8000 r-xp 00012000 08:03 3411125                    /usr/lib/python3.11/lib-dynload/_ssl.cpython-311-x86_64-linux-gnu.so
7b5d33de8000-7b5d33df6000 r--p 0001e000 08:03 3411125                    /usr/lib/python3.11/lib-dynload/_ssl.cpython-311-x86_64-linux-gnu.so
7b5d33df6000-7b5d33df7000 r--p 0002b000 08:03 3411125                    /usr/lib/python3.11/lib-dynload/_ssl.cpython-311-x86_64-linux-gnu.so
7b5d33df7000-7b5d33e00000 rw-p 0002c000 08:03 3411125                    /usr/lib/python3.11/lib-dynload/_ssl.cpython-311-x86_64-linux-gnu.so
7b5d33e00000-7b5d33e28000 r--p 00000000 08:03 3410017                    /usr/lib/x86_64-linux-gnu/libc.so.6
7b5d33e28000-7b5d33fbd000 r-xp 00028000 08:03 3410017                    /usr/lib/x86_64-linux-gnu/libc.so.6
7b5d33fbd000-7b5d34015000 r--p 001bd000 08:03 3410017                    /usr/lib/x86_64-linux-gnu/libc.so.6
7b5d34015000-7b5d34016000 ---p 00215000 08:03 3410017                    /usr/lib/x86_64-linux-gnu/libc.so.6
7b5d34016000-7b5d3401a000 r--p 00215000 08:03 3410017                    /usr/lib/x86_64-linux-gnu/libc.so.6
7b5d3401a000-7b5d3401c000 rw-p 00219000 08:03 3410017                    /usr/lib/x86_64-linux-gnu/libc.so.6
7b5d3401c000-7b5d34029000 rw-p 00000000 00:00 0 
7b5d34029000-7b5d3402d000 r--p 00000000 08:03 3410773                    /usr/lib/python3.11/lib-dynload/_asyncio.cpython-311-x86_64-linux-gnu.so
7b5d3402d000-7b5d34032000 r-xp 00004000 08:03 3410773                    /usr/lib/python3.11/lib-dynload/_asyncio.cpython-311-x86_64-linux-gnu.so
7b5d34032000-7b5d34036000 r--p 00009000 08:03 3410773                    /usr/lib/python3.11/lib-dynload/_asyncio.cpython-311-x86_64-linux-gnu.so
7b5d34036000-7b5d34037000 r--p 0000c000 08:03 3410773                    /usr/lib/python3.11/lib-dynload/_asyncio.cpython-311-x86_64-linux-gnu.so
7b5d34037000-7b5d34039000 rw-p 0000d000 08:03 3410773                    /usr/lib/python3.11/lib-dynload/_asyncio.cpython-311-x86_64-linux-gnu.so
7b5d34039000-7b5d3403a000 r--p 00000000 08:03 3410781                    /usr/lib/python3.11/lib-dynload/_contextvars.cpython-311-x86_64-linux-gnu.so
7b5d3403a000-7b5d3403b000 r-xp 00001000 08:03 3410781                    /usr/lib/python3.11/lib-dynload/_contextvars.cpython-311-x86_64-linux-gnu.so
7b5d3403b000-7b5d3403c000 r--p 00002000 08:03 3410781                    /usr/lib/python3.11/lib-dynload/_contextvars.cpython-311-x86_64-linux-gnu.so
7b5d3403c000-7b5d3403d000 r--p 00002000 08:03 3410781                    /usr/lib/python3.11/lib-dynload/_contextvars.cpython-311-x86_64-linux-gnu.so
7b5d3403d000-7b5d3403e000 rw-p 00003000 08:03 3410781                    /usr/lib/python3.11/lib-dynload/_contextvars.cpython-311-x86_64-linux-gnu.so
7b5d3403e000-7b5d3403f000 r--p 00000000 08:03 3410803                    /usr/lib/python3.11/lib-dynload/_typing.cpython-311-x86_64-linux-gnu.so
7b5d3403f000-7b5d34040000 r-xp 00001000 08:03 3410803                    /usr/lib/python3.11/lib-dynload/_typing.cpython-311-x86_64-linux-gnu.so
7b5d34040000-7b5d34041000 r--p 00002000 08:03 3410803                    /usr/lib/python3.11/lib-dynload/_typing.cpython-311-x86_64-linux-gnu.so
7b5d34041000-7b5d34042000 r--p 00002000 08:03 3410803                    /usr/lib/python3.11/lib-dynload/_typing.cpython-311-x86_64-linux-gnu.so
7b5d34042000-7b5d34043000 rw-p 00003000 08:03 3410803                    /usr/lib/python3.11/lib-dynload/_typing.cpython-311-x86_64-linux-gnu.so
7b5d34043000-7b5d34044000 r--p 00000000 08:03 3410794                    /usr/lib/python3.11/lib-dynload/_posixshmem.cpython-311-x86_64-linux-gnu.so
7b5d34044000-7b5d34045000 r-xp 00001000 08:03 3410794                    /usr/lib/python3.11/lib-dynload/_posixshmem.cpython-311-x86_64-linux-gnu.so
7b5d34045000-7b5d34046000 r--p 00002000 08:03 3410794                    /usr/lib/python3.11/lib-dynload/_posixshmem.cpython-311-x86_64-linux-gnu.so
7b5d34046000-7b5d34047000 r--p 00002000 08:03 3410794                    /usr/lib/python3.11/lib-dynload/_posixshmem.cpython-311-x86_64-linux-gnu.so
7b5d34047000-7b5d34048000 rw-p 00003000 08:03 3410794                    /usr/lib/python3.11/lib-dynload/_posixshmem.cpython-311-x86_64-linux-gnu.so
7b5d34049000-7b5d3404a000 r--p 00000000 08:03 3410097                    /usr/lib/x86_64-linux-gnu/librt.so.1
7b5d3404a000-7b5d3404b000 r-xp 00001000 08:03 3410097                    /usr/lib/x86_64-linux-gnu/librt.so.1
7b5d3404b000-7b5d3404c000 r--p 00002000 08:03 3410097                    /usr/lib/x86_64-linux-gnu/librt.so.1
7b5d3404c000-7b5d3404d000 r--p 00002000 08:03 3410097                    /usr/lib/x86_64-linux-gnu/librt.so.1
7b5d3404d000-7b5d3404e000 rw-p 00003000 08:03 3410097                    /usr/lib/x86_64-linux-gnu/librt.so.1
7b5d3404e000-7b5d34052000 r--p 00000000 08:03 3411124                    /usr/lib/python3.11/lib-dynload/_hashlib.cpython-311-x86_64-linux-gnu.so
7b5d34052000-7b5d34058000 r-xp 00004000 08:03 3411124                    /usr/lib/python3.11/lib-dynload/_hashlib.cpython-311-x86_64-linux-gnu.so
7b5d34058000-7b5d3405c000 r--p 0000a000 08:03 3411124                    /usr/lib/python3.11/lib-dynload/_hashlib.cpython-311-x86_64-linux-gnu.so
7b5d3405c000-7b5d3405d000 r--p 0000d000 08:03 3411124                    /usr/lib/python3.11/lib-dynload/_hashlib.cpython-311-x86_64-linux-gnu.so
7b5d3405d000-7b5d3405f000 rw-p 0000e000 08:03 3411124                    /usr/lib/python3.11/lib-dynload/_hashlib.cpython-311-x86_64-linux-gnu.so
7b5d3405f000-7b5d34062000 r--p 00000000 08:03 3410791                    /usr/lib/python3.11/lib-dynload/_lzma.cpython-311-x86_64-linux-gnu.so
7b5d34062000-7b5d34067000 r-xp 00003000 08:03 3410791                    /usr/lib/python3.11/lib-dynload/_lzma.cpython-311-x86_64-linux-gnu.so
7b5d34067000-7b5d3406a000 r--p 00008000 08:03 3410791                    /usr/lib/python3.11/lib-dynload/_lzma.cpython-311-x86_64-linux-gnu.so
7b5d3406a000-7b5d3406b000 r--p 0000a000 08:03 3410791                    /usr/lib/python3.11/lib-dynload/_lzma.cpython-311-x86_64-linux-gnu.so
7b5d3406b000-7b5d3406c000 rw-p 0000b000 08:03 3410791                    /usr/lib/python3.11/lib-dynload/_lzma.cpython-311-x86_64-linux-gnu.so
7b5d3406c000-7b5d3406e000 r--p 00000000 08:03 3410774                    /usr/lib/python3.11/lib-dynload/_bz2.cpython-311-x86_64-linux-gnu.so
7b5d3406e000-7b5d34071000 r-xp 00002000 08:03 3410774                    /usr/lib/python3.11/lib-dynload/_bz2.cpython-311-x86_64-linux-gnu.so
7b5d34071000-7b5d34073000 r--p 00005000 08:03 3410774                    /usr/lib/python3.11/lib-dynload/_bz2.cpython-311-x86_64-linux-gnu.so
7b5d34073000-7b5d34074000 r--p 00006000 08:03 3410774                    /usr/lib/python3.11/lib-dynload/_bz2.cpython-311-x86_64-linux-gnu.so
7b5d34074000-7b5d34075000 rw-p 00007000 08:03 3410774                    /usr/lib/python3.11/lib-dynload/_bz2.cpython-311-x86_64-linux-gnu.so
7b5d34075000-7b5d34077000 r--p 00000000 08:03 3410795                    /usr/lib/python3.11/lib-dynload/_queue.cpython-311-x86_64-linux-gnu.so
7b5d34077000-7b5d34078000 r-xp 00002000 08:03 3410795                    /usr/lib/python3.11/lib-dynload/_queue.cpython-311-x86_64-linux-gnu.so
7b5d34078000-7b5d34079000 r--p 00003000 08:03 3410795                    /usr/lib/python3.11/lib-dynload/_queue.cpython-311-x86_64-linux-gnu.so
7b5d34079000-7b5d3407a000 r--p 00003000 08:03 3410795                    /usr/lib/python3.11/lib-dynload/_queue.cpython-311-x86_64-linux-gnu.so
7b5d3407a000-7b5d3407b000 rw-p 00004000 08:03 3410795                    /usr/lib/python3.11/lib-dynload/_queue.cpython-311-x86_64-linux-gnu.so
7b5d3407b000-7b5d341df000 rw-p 00000000 00:00 0 
7b5d341df000-7b5d341e3000 r--p 00000000 08:03 3410412                    /usr/lib/x86_64-linux-gnu/libexpat.so.1.8.7
7b5d341e3000-7b5d34202000 r-xp 00004000 08:03 3410412                    /usr/lib/x86_64-linux-gnu/libexpat.so.1.8.7
7b5d34202000-7b5d3420c000 r--p 00023000 08:03 3410412                    /usr/lib/x86_64-linux-gnu/libexpat.so.1.8.7
7b5d3420c000-7b5d3420d000 ---p 0002d000 08:03 3410412                    /usr/lib/x86_64-linux-gnu/libexpat.so.1.8.7
7b5d3420d000-7b5d3420f000 r--p 0002d000 08:03 3410412                    /usr/lib/x86_64-linux-gnu/libexpat.so.1.8.7
7b5d3420f000-7b5d34210000 rw-p 0002f000 08:03 3410412                    /usr/lib/x86_64-linux-gnu/libexpat.so.1.8.7
7b5d34210000-7b5d34212000 r--p 00000000 08:03 3431509                    /usr/lib/x86_64-linux-gnu/libz.so.1.2.11
7b5d34212000-7b5d34223000 r-xp 00002000 08:03 3431509                    /usr/lib/x86_64-linux-gnu/libz.so.1.2.11
7b5d34223000-7b5d34229000 r--p 00013000 08:03 3431509                    /usr/lib/x86_64-linux-gnu/libz.so.1.2.11
7b5d34229000-7b5d3422a000 ---p 00019000 08:03 3431509                    /usr/lib/x86_64-linux-gnu/libz.so.1.2.11
7b5d3422a000-7b5d3422b000 r--p 00019000 08:03 3431509                    /usr/lib/x86_64-linux-gnu/libz.so.1.2.11
7b5d3422b000-7b5d3422c000 rw-p 0001a000 08:03 3431509                    /usr/lib/x86_64-linux-gnu/libz.so.1.2.11
7b5d3422c000-7b5d3423a000 r--p 00000000 08:03 3410050                    /usr/lib/x86_64-linux-gnu/libm.so.6
7b5d3423a000-7b5d342b6000 r-xp 0000e000 08:03 3410050                    /usr/lib/x86_64-linux-gnu/libm.so.6
7b5d342b6000-7b5d34311000 r--p 0008a000 08:03 3410050                    /usr/lib/x86_64-linux-gnu/libm.so.6
7b5d34311000-7b5d34312000 r--p 000e4000 08:03 3410050                    /usr/lib/x86_64-linux-gnu/libm.so.6
7b5d34312000-7b5d34313000 rw-p 000e5000 08:03 3410050                    /usr/lib/x86_64-linux-gnu/libm.so.6
7b5d34313000-7b5d34315000 r--p 00000000 08:03 3410793                    /usr/lib/python3.11/lib-dynload/_multiprocessing.cpython-311-x86_64-linux-gnu.so
7b5d34315000-7b5d34317000 r-xp 00002000 08:03 3410793                    /usr/lib/python3.11/lib-dynload/_multiprocessing.cpython-311-x86_64-linux-gnu.so
7b5d34317000-7b5d34318000 r--p 00004000 08:03 3410793                    /usr/lib/python3.11/lib-dynload/_multiprocessing.cpython-311-x86_64-linux-gnu.so
7b5d34318000-7b5d34319000 r--p 00004000 08:03 3410793                    /usr/lib/python3.11/lib-dynload/_multiprocessing.cpython-311-x86_64-linux-gnu.so
7b5d34319000-7b5d3431a000 rw-p 00005000 08:03 3410793                    /usr/lib/python3.11/lib-dynload/_multiprocessing.cpython-311-x86_64-linux-gnu.so
7b5d3431a000-7b5d3431e000 rw-p 00000000 00:00 0 
7b5d3431e000-7b5d34325000 r--s 00000000 08:03 3447446                    /usr/lib/x86_64-linux-gnu/gconv/gconv-modules.cache
7b5d34325000-7b5d34327000 rw-p 00000000 00:00 0 
7b5d34327000-7b5d34329000 r--p 00000000 08:03 3407946                    /usr/lib/x86_64-linux-gnu/ld-linux-x86-64.so.2
7b5d34329000-7b5d34353000 r-xp 00002000 08:03 3407946                    /usr/lib/x86_64-linux-gnu/ld-linux-x86-64.so.2
7b5d34353000-7b5d3435e000 r--p 0002c000 08:03 3407946                    /usr/lib/x86_64-linux-gnu/ld-linux-x86-64.so.2
7b5d3435e000-7b5d3435f000 r--p 00000000 00:00 0 
7b5d3435f000-7b5d34361000 r--p 00037000 08:03 3407946                    /usr/lib/x86_64-linux-gnu/ld-linux-x86-64.so.2
7b5d34361000-7b5d34363000 rw-p 00039000 08:03 3407946                    /usr/lib/x86_64-linux-gnu/ld-linux-x86-64.so.2
7fff1cc11000-7fff1cc15000 ---p 00000000 00:00 0 
7fff1cc15000-7fff1cd11000 rw-p 00000000 00:00 0                          [stack]
7fff1cd6e000-7fff1cd72000 r--p 00000000 00:00 0                          [vvar]
7fff1cd72000-7fff1cd74000 r-xp 00000000 00:00 0                          [vdso]
ffffffffff600000-ffffffffff601000 --xp 00000000 00:00 0                  [vsyscall]


VM Arguments:
java_command: <unknown>
java_class_path (initial): /home/fox/.cache/pypoetry/virtualenvs/app-nIQL6wxn-py3.11/lib/python3.11/site-packages/mpxj/lib/FastInfoset-1.2.16.jar:/home/fox/.cache/pypoetry/virtualenvs/app-nIQL6wxn-py3.11/lib/python3.11/site-packages/mpxj/lib/jaxb-runtime-2.3.2.jar:/home/fox/.cache/pypoetry/virtualenvs/app-nIQL6wxn-py3.11/lib/python3.11/site-packages/mpxj/lib/jgoodies-common-1.8.1.jar:/home/fox/.cache/pypoetry/virtualenvs/app-nIQL6wxn-py3.11/lib/python3.11/site-packages/mpxj/lib/jakarta.xml.bind-api-2.3.2.jar:/home/fox/.cache/pypoetry/virtualenvs/app-nIQL6wxn-py3.11/lib/python3.11/site-packages/mpxj/lib/txw2-2.3.2.jar:/home/fox/.cache/pypoetry/virtualenvs/app-nIQL6wxn-py3.11/lib/python3.11/site-packages/mpxj/lib/commons-logging-1.2.jar:/home/fox/.cache/pypoetry/virtualenvs/app-nIQL6wxn-py3.11/lib/python3.11/site-packages/mpxj/lib/jackcess-4.0.1.jar:/home/fox/.cache/pypoetry/virtualenvs/app-nIQL6wxn-py3.11/lib/python3.11/site-packages/mpxj/lib/commons-codec-1.15.jar:/home/fox/.cache/pypoetry/virtualenvs/app-nIQL6wxn-py3.11/lib/python3.11/site-packages/mpxj/lib/jakarta.activation-api-1.2.1.jar:/home/fox/.cache/pypoetry/virtualenvs/app-nIQL6wxn-py3.11/lib/python3.11/site-packages/mpxj/lib/jgoodies-binding-2.13.0.jar:/home/fox/.cache/pypoetry/virtualenvs/app-nIQL6wxn-py3.11/lib/python3.11/site-packages/mpxj/lib/hamcrest-core-1.3.jar:/home/fox/.cache/pypoetry/virtualenvs/app-nIQL6wxn-py3.11/lib/python3.11/site-packages/mpxj/lib/mpxj.jar:/home/fox/.cache/pypoetry/virtualenvs/app-nIQL6wxn-py3.11/lib/python3.11/site-packages/mpxj/lib/log4j-api-2.17.2.jar:/home/fox/.cache/pypoetry/virtualenvs/app-nIQL6wxn-py3.11/lib/python3.11/site-packages/mpxj/lib/commons-lang3-3.10.jar:/home/fox/.cache/pypoetry/virtualenvs/app-nIQL6wxn-py3.11/lib/python3.11/site-packages/mpxj/lib/sqlite-jdbc-3.42.0.0.jar:/home/fox/.cache/pypoetry/virtualenvs/app-nIQL6wxn-py3.11/lib/python3.11/site-packages/mpxj/lib/rtfparserkit-1.16.0.jar:/home/fox/.cache/pypoetry/virtualenvs/app-nIQL6wxn-py3.11/lib/pyth
Launcher Type: generic

[Global flags]
     intx CICompilerCount                          = 2                                         {product} {ergonomic}
     uint ConcGCThreads                            = 1                                         {product} {ergonomic}
     uint G1ConcRefinementThreads                  = 2                                         {product} {ergonomic}
   size_t G1HeapRegionSize                         = 1048576                                   {product} {ergonomic}
    uintx GCDrainStackTargetSize                   = 64                                        {product} {ergonomic}
   size_t InitialHeapSize                          = 65011712                                  {product} {ergonomic}
   size_t MarkStackSize                            = 4194304                                   {product} {ergonomic}
   size_t MaxHeapSize                              = 1015021568                                {product} {ergonomic}
   size_t MaxNewSize                               = 608174080                                 {product} {ergonomic}
   size_t MinHeapDeltaBytes                        = 1048576                                   {product} {ergonomic}
    uintx NonNMethodCodeHeapSize                   = 5825164                                {pd product} {ergonomic}
    uintx NonProfiledCodeHeapSize                  = 122916538                              {pd product} {ergonomic}
    uintx ProfiledCodeHeapSize                     = 122916538                              {pd product} {ergonomic}
    uintx ReservedCodeCacheSize                    = 251658240                              {pd product} {ergonomic}
     bool SegmentedCodeCache                       = true                                      {product} {ergonomic}
     bool UseCompressedClassPointers               = true                                 {lp64_product} {ergonomic}
     bool UseCompressedOops                        = true                                 {lp64_product} {ergonomic}
     bool UseG1GC                                  = true                                      {product} {ergonomic}

Logging:
Log output configuration:
 #0: stdout all=warning uptime,level,tags
 #1: stderr all=off uptime,level,tags

Environment Variables:
JAVA_HOME=/usr/lib/jvm/java-11-openjdk-amd64
PATH=/home/fox/.cache/pypoetry/virtualenvs/app-nIQL6wxn-py3.11/bin:/home/fox/.cargo/bin:/home/fox/go/bin:/usr/local/go/bin:/home/fox/.nvm/versions/node/v18.20.2/bin:/home/fox/.local/bin:/usr/local/sbin:/usr/local/bin:/usr/sbin:/usr/bin:/sbin:/bin:/usr/games:/usr/local/games:/snap/bin:/snap/bin:/usr/local/go/bin
USERNAME=fox
SHELL=/bin/bash
DISPLAY=:0
LANG=en_US.UTF-8
TERM=xterm-256color

Signal Handlers:
SIGSEGV: [libjvm.so+0xeadc00], sa_mask[0]=11111111011111111101111111111110, sa_flags=SA_RESTART|SA_SIGINFO
SIGBUS: [libjvm.so+0xeadc00], sa_mask[0]=11111111011111111101111111111110, sa_flags=SA_RESTART|SA_SIGINFO
SIGFPE: [libjvm.so+0xeadc00], sa_mask[0]=11111111011111111101111111111110, sa_flags=SA_RESTART|SA_SIGINFO
SIGPIPE: [libjvm.so+0xbeff10], sa_mask[0]=11111111011111111101111111111110, sa_flags=SA_RESTART|SA_SIGINFO
SIGXFSZ: [libjvm.so+0xbeff10], sa_mask[0]=11111111011111111101111111111110, sa_flags=SA_RESTART|SA_SIGINFO
SIGILL: [libjvm.so+0xeadc00], sa_mask[0]=11111111011111111101111111111110, sa_flags=SA_RESTART|SA_SIGINFO
SIGUSR2: [libjvm.so+0xbefdb0], sa_mask[0]=00100000000000000000000000000000, sa_flags=SA_RESTART|SA_SIGINFO
SIGHUP: [libjvm.so+0xbf0570], sa_mask[0]=11111111011111111101111111111110, sa_flags=SA_RESTART|SA_SIGINFO
SIGINT: [libjvm.so+0xbf0570], sa_mask[0]=11111111011111111101111111111110, sa_flags=SA_RESTART|SA_SIGINFO
SIGTERM: [libjvm.so+0xbf0570], sa_mask[0]=11111111011111111101111111111110, sa_flags=SA_RESTART|SA_SIGINFO
SIGQUIT: [libjvm.so+0xbf0570], sa_mask[0]=11111111011111111101111111111110, sa_flags=SA_RESTART|SA_SIGINFO


---------------  S Y S T E M  ---------------

OS:DISTRIB_ID=Ubuntu
DISTRIB_RELEASE=22.04
DISTRIB_CODENAME=jammy
DISTRIB_DESCRIPTION="Ubuntu 22.04.4 LTS"
uname:Linux 6.5.0-41-generic #41~22.04.2-Ubuntu SMP PREEMPT_DYNAMIC Mon Jun  3 11:32:55 UTC 2 x86_64
OS uptime: 0 days 21:48 hours
libc:glibc 2.35 NPTL 2.35 
rlimit (soft/hard): STACK 8192k/infinity , CORE 0k/infinity , NPROC 15180/15180 , NOFILE 1048576/1048576 , AS infinity/infinity , CPU infinity/infinity , DATA infinity/infinity , FSIZE infinity/infinity , MEMLOCK 495444k/495444k
load average:1.30 0.89 0.73

/proc/meminfo:
MemTotal:        3963568 kB
MemFree:          264544 kB
MemAvailable:     937008 kB
Buffers:           25432 kB
Cached:           891172 kB
SwapCached:        59516 kB
Active:          2070072 kB
Inactive:         887236 kB
Active(anon):    1684428 kB
Inactive(anon):   453020 kB
Active(file):     385644 kB
Inactive(file):   434216 kB
Unevictable:          32 kB
Mlocked:              32 kB
SwapTotal:       3991548 kB
SwapFree:        3212712 kB
Zswap:                 0 kB
Zswapped:              0 kB
Dirty:               524 kB
Writeback:             0 kB
AnonPages:       2020356 kB
Mapped:           605064 kB
Shmem:             96636 kB
KReclaimable:     114116 kB
Slab:             282156 kB
SReclaimable:     114116 kB
SUnreclaim:       168040 kB
KernelStack:       17024 kB
PageTables:        37460 kB
SecPageTables:         0 kB
NFS_Unstable:          0 kB
Bounce:                0 kB
WritebackTmp:          0 kB
CommitLimit:     5973332 kB
Committed_AS:   10878680 kB
VmallocTotal:   34359738367 kB
VmallocUsed:       38856 kB
VmallocChunk:          0 kB
Percpu:           109568 kB
HardwareCorrupted:     0 kB
AnonHugePages:         0 kB
ShmemHugePages:        0 kB
ShmemPmdMapped:        0 kB
FileHugePages:         0 kB
FilePmdMapped:         0 kB
Unaccepted:            0 kB
HugePages_Total:       0
HugePages_Free:        0
HugePages_Rsvd:        0
HugePages_Surp:        0
Hugepagesize:       2048 kB
Hugetlb:               0 kB
DirectMap4k:      155520 kB
DirectMap2M:     4038656 kB
DirectMap1G:     2097152 kB

/sys/kernel/mm/transparent_hugepage/enabled:
always [madvise] never
/sys/kernel/mm/transparent_hugepage/defrag (defrag/compaction efforts parameter):
always defer defer+madvise [madvise] never

Process Memory:
Virtual Size: 3677684K (peak: 12432992K)
Resident Set Size: 134468K (peak: 138028K) (anon: 90564K, file: 43904K, shmem: 0K)
Swapped out: 0K
C-Heap outstanding allocations: 40246K, retained: 1925K
glibc malloc tunables: (default)

/proc/sys/kernel/threads-max (system-wide limit on the number of threads):
30361
/proc/sys/vm/max_map_count (maximum number of memory map areas a process may have):
65530
/proc/sys/kernel/pid_max (system-wide limit on number of process identifiers):
4194304

container (cgroup) information:
container_type: cgroupv2
cpu_cpuset_cpus: not supported
cpu_memory_nodes: not supported
active_processor_count: 2
cpu_quota: not supported
cpu_period: not supported
cpu_shares: not supported
memory_limit_in_bytes: unlimited
memory_and_swap_limit_in_bytes: unlimited
memory_soft_limit_in_bytes: unlimited
memory_usage_in_bytes: 273296 k
memory_max_usage_in_bytes: not supported
memory_swap_current_in_bytes: 43628 k
memory_swap_max_limit_in_bytes: unlimited
maximum number of tasks: 4554
current number of tasks: 35

VMWare virtualization detected
Steal ticks since vm start: 0
Steal ticks percentage since vm start:  0.000

CPU:total 2 (initial active 2) (1 cores per cpu, 1 threads per core) family 6 model 151 stepping 2 microcode 0x15, cmov, cx8, fxsr, mmx, sse, sse2, sse3, ssse3, sse4.1, sse4.2, popcnt, avx, avx2, aes, clmul, erms, 3dnowpref, lzcnt, tsc, tscinvbit, bmi1, bmi2, adx, sha, fma
CPU Model and flags from /proc/cpuinfo:
model name	: 12th Gen Intel(R) Core(TM) i7-12700
flags		: fpu vme de pse tsc msr pae mce cx8 apic sep mtrr pge mca cmov pat pse36 clflush mmx fxsr sse sse2 ss syscall nx pdpe1gb rdtscp lm constant_tsc arch_perfmon rep_good nopl xtopology tsc_reliable nonstop_tsc cpuid tsc_known_freq pni pclmulqdq ssse3 fma cx16 sse4_1 sse4_2 x2apic movbe popcnt tsc_deadline_timer aes xsave avx f16c rdrand hypervisor lahf_lm abm 3dnowprefetch ssbd ibrs ibpb stibp ibrs_enhanced fsgsbase tsc_adjust bmi1 avx2 smep bmi2 erms invpcid rdseed adx smap clflushopt clwb sha_ni xsaveopt xsavec xgetbv1 xsaves avx_vnni arat umip pku ospke gfni vaes vpclmulqdq rdpid movdiri movdir64b fsrm md_clear serialize flush_l1d arch_capabilities
Online cpus:
0-1
Offline cpus:
2-127
BIOS frequency limitation:
<Not Available>
Frequency switch latency (ns):
<Not Available>
Available cpu frequencies:
<Not Available>
Current governor:
<Not Available>
Core performance/turbo boost:
<Not Available>

Memory: 4k page, physical 3963568k(264544k free), swap 3991548k(3212712k free)

vm_info: OpenJDK 64-Bit Server VM (11.0.23+9-post-Ubuntu-1ubuntu122.04.1) for linux-amd64 JRE (11.0.23+9-post-Ubuntu-1ubuntu122.04.1), built on May 30 2024 05:25:53 by "unknown" with gcc 11.4.0

END.
