#
# A fatal error has been detected by the Java Runtime Environment:
#
#  SIGSEGV (0xb) at pc=0x0000000000975de0, pid=138105, tid=138105
#
# JRE version: OpenJDK Runtime Environment (11.0.23+9) (build 11.0.23+9-post-Ubuntu-1ubuntu122.04.1)
# Java VM: OpenJDK 64-Bit Server VM (11.0.23+9-post-Ubuntu-1ubuntu122.04.1, mixed mode, sharing, tiered, compressed oops, g1 gc, linux-amd64)
# Problematic frame:
# C  [python+0x575de0]  _PyUnicode_FormatAdvancedWriter+0x1c0
#
# Core dump will be written. Default location: Core dumps may be processed with "/usr/share/apport/apport -p%p -s%s -c%c -d%d -P%P -u%u -g%g -- %E" (or dumping to /home/fox/Documents/StewardIQ/stewardiq/backend/app/core.138105)
#
# If you would like to submit a bug report, please visit:
#   https://bugs.launchpad.net/ubuntu/+source/openjdk-lts
# The crash happened outside the Java Virtual Machine in native code.
# See problematic frame for where to report the bug.
#

---------------  S U M M A R Y ------------

Command Line: 

Host: 12th Gen Intel(R) Core(TM) i7-12700, 2 cores, 3G, Ubuntu 22.04.4 LTS
Time: Tue Jul  9 02:20:41 2024 PDT elapsed time: 0.113762 seconds (0d 0h 0m 0s)

---------------  T H R E A D  ---------------

Current thread (0x000000000336e800):  JavaThread "main" [_thread_in_native, id=138105, stack(0x00007ffcc387d000,0x00007ffcc397d000)]

Stack: [0x00007ffcc387d000,0x00007ffcc397d000],  sp=0x00007ffcc39794d8,  free space=1009k
Native frames: (J=compiled Java code, A=aot compiled Java code, j=interpreted, Vv=VM code, C=native code)
C  [python+0x575de0]  _PyUnicode_FormatAdvancedWriter+0x1c0


siginfo: si_signo: 11 (SIGSEGV), si_code: 2 (SEGV_ACCERR), si_addr: 0x0000000000975de0

Register to memory mapping:

RAX=0x0000724bda411000 points into unknown readable memory: 0x0000724bda411000 | 00 10 41 da 4b 72 00 00
RBX=0x000000000093d860: PyUnicode_Type+0x0000000000000000 in /home/fox/.cache/pypoetry/virtualenvs/app-nIQL6wxn-py3.11/bin/python at 0x0000000000400000
RCX=0x0 is NULL
RDX=0x0 is NULL
RSP=0x00007ffcc39794d8 is pointing into the stack for thread: 0x000000000336e800
RBP=0x0000724bd5d97030 points into unknown readable memory: 0x0000724bd97a5110 | 10 51 7a d9 4b 72 00 00
RSI=0x00000000000003db is an unknown value
RDI=0x0000724bd5d97030 points into unknown readable memory: 0x0000724bd97a5110 | 10 51 7a d9 4b 72 00 00
R8 =0x00000000000003da is an unknown value
R9 =0x0000724bd5cfbc90 points into unknown readable memory: 0x0000724bd5d97030 | 30 70 d9 d5 4b 72 00 00
R10=0x0000000000975de0: <offset 0x0000000000575de0> in /home/fox/.cache/pypoetry/virtualenvs/app-nIQL6wxn-py3.11/bin/python at 0x0000000000400000
R11=0x0000000000a4ee58: _PyRuntime+0x000000000000e638 in /home/fox/.cache/pypoetry/virtualenvs/app-nIQL6wxn-py3.11/bin/python at 0x0000000000400000
R12=0x0000000000a691d8: _PyRuntime+0x00000000000289b8 in /home/fox/.cache/pypoetry/virtualenvs/app-nIQL6wxn-py3.11/bin/python at 0x0000000000400000
R13=0x0000000000a691d8: _PyRuntime+0x00000000000289b8 in /home/fox/.cache/pypoetry/virtualenvs/app-nIQL6wxn-py3.11/bin/python at 0x0000000000400000
R14=0x0 is NULL
R15=0x0 is NULL


Registers:
RAX=0x0000724bda411000, RBX=0x000000000093d860, RCX=0x0000000000000000, RDX=0x0000000000000000
RSP=0x00007ffcc39794d8, RBP=0x0000724bd5d97030, RSI=0x00000000000003db, RDI=0x0000724bd5d97030
R8 =0x00000000000003da, R9 =0x0000724bd5cfbc90, R10=0x0000000000975de0, R11=0x0000000000a4ee58
R12=0x0000000000a691d8, R13=0x0000000000a691d8, R14=0x0000000000000000, R15=0x0000000000000000
RIP=0x0000000000975de0, EFLAGS=0x0000000000010202, CSGSFS=0x002b000000000033, ERR=0x0000000000000015
  TRAPNO=0x000000000000000e

Top of Stack: (sp=0x00007ffcc39794d8)
0x00007ffcc39794d8:   0000000000576991 0000724bda411000
0x00007ffcc39794e8:   0000000000a691d8 0000724bd5d97040
0x00007ffcc39794f8:   0000000000a691d8 0000000000a691d8
0x00007ffcc3979508:   0000000000576991 0000724bda411000 

Instructions: (pc=0x0000000000975de0)
0x0000000000975ce0:   01 ca 9a 3b 00 00 00 00 60 d8 93 00 00 00 00 00
0x0000000000975cf0:   02 00 00 00 00 00 00 00 00 e3 4c a2 0d da 9d 90
0x0000000000975d00:   e5 00 00 00 00 00 00 00 00 00 00 00 00 00 00 00
0x0000000000975d10:   6d 65 00 00 00 00 00 00 00 00 00 00 00 00 00 00
0x0000000000975d20:   00 ca 9a 3b 00 00 00 00 60 d8 93 00 00 00 00 00
0x0000000000975d30:   0c 00 00 00 00 00 00 00 17 65 13 c3 31 31 89 bd
0x0000000000975d40:   e5 00 00 00 00 00 00 00 00 00 00 00 00 00 00 00
0x0000000000975d50:   5f 62 6c 6f 63 6b 69 6e 67 5f 6f 6e 00 00 00 00
0x0000000000975d60:   bf cc 9a 3b 00 00 00 00 60 d8 93 00 00 00 00 00
0x0000000000975d70:   03 00 00 00 00 00 00 00 41 ed 06 0e d6 2c cf 93
0x0000000000975d80:   e5 00 00 00 00 00 00 00 00 00 00 00 00 00 00 00
0x0000000000975d90:   73 65 74 00 00 00 00 00 00 00 00 00 00 00 00 00
0x0000000000975da0:   15 ca 9a 3b 00 00 00 00 60 d8 93 00 00 00 00 00
0x0000000000975db0:   09 00 00 00 00 00 00 00 9b 98 43 ad b5 e7 09 8b
0x0000000000975dc0:   e5 00 00 00 00 00 00 00 00 00 00 00 00 00 00 00
0x0000000000975dd0:   67 65 74 5f 69 64 65 6e 74 00 00 00 00 00 00 00
0x0000000000975de0:   bb eb 9a 3b 00 00 00 00 60 d8 93 00 00 00 00 00
0x0000000000975df0:   04 00 00 00 00 00 00 00 f3 2e 86 a6 1b 5c 16 6a
0x0000000000975e00:   e5 00 00 00 00 00 00 00 00 00 00 00 00 00 00 00
0x0000000000975e10:   73 65 6c 66 00 00 00 00 00 00 00 00 00 00 00 00
0x0000000000975e20:   03 ca 9a 3b 00 00 00 00 60 d8 93 00 00 00 00 00
0x0000000000975e30:   07 00 00 00 00 00 00 00 a1 c9 7f 78 57 eb 84 57
0x0000000000975e40:   e5 00 00 00 00 00 00 00 00 00 00 00 00 00 00 00
0x0000000000975e50:   77 61 69 74 65 72 73 00 00 00 00 00 00 00 00 00
0x0000000000975e60:   48 ca 9a 3b 00 00 00 00 60 d8 93 00 00 00 00 00
0x0000000000975e70:   05 00 00 00 00 00 00 00 6d ef c0 34 72 a9 20 27
0x0000000000975e80:   e5 00 00 00 00 00 00 00 00 00 00 00 00 00 00 00
0x0000000000975e90:   6f 77 6e 65 72 00 00 00 00 00 00 00 00 00 00 00
0x0000000000975ea0:   00 ca 9a 3b 00 00 00 00 60 d8 93 00 00 00 00 00
0x0000000000975eb0:   06 00 00 00 00 00 00 00 8b b9 36 45 c7 a1 27 0f
0x0000000000975ec0:   e5 00 00 00 00 00 00 00 00 00 00 00 00 00 00 00
0x0000000000975ed0:   77 61 6b 65 75 70 00 00 00 00 00 00 00 00 00 00 


Stack slot to memory mapping:
stack at sp + 0 slots: 0x0000000000576991: PyObject_Str+0x0000000000000161 in /home/fox/.cache/pypoetry/virtualenvs/app-nIQL6wxn-py3.11/bin/python at 0x0000000000400000
stack at sp + 1 slots: 0x0000724bda411000 points into unknown readable memory: 0x0000724bda411000 | 00 10 41 da 4b 72 00 00
stack at sp + 2 slots: 0x0000000000a691d8: _PyRuntime+0x00000000000289b8 in /home/fox/.cache/pypoetry/virtualenvs/app-nIQL6wxn-py3.11/bin/python at 0x0000000000400000
stack at sp + 3 slots: 0x0000724bd5d97040 points into unknown readable memory: 0x0000000000000004 | 04 00 00 00 00 00 00 00
stack at sp + 4 slots: 0x0000000000a691d8: _PyRuntime+0x00000000000289b8 in /home/fox/.cache/pypoetry/virtualenvs/app-nIQL6wxn-py3.11/bin/python at 0x0000000000400000
stack at sp + 5 slots: 0x0000000000a691d8: _PyRuntime+0x00000000000289b8 in /home/fox/.cache/pypoetry/virtualenvs/app-nIQL6wxn-py3.11/bin/python at 0x0000000000400000
stack at sp + 6 slots: 0x0000000000576991: PyObject_Str+0x0000000000000161 in /home/fox/.cache/pypoetry/virtualenvs/app-nIQL6wxn-py3.11/bin/python at 0x0000000000400000
stack at sp + 7 slots: 0x0000724bda411000 points into unknown readable memory: 0x0000724bda411000 | 00 10 41 da 4b 72 00 00


---------------  P R O C E S S  ---------------

Threads class SMR info:
_java_thread_list=0x0000724b80003a60, length=12, elements={
0x000000000336e800, 0x00000000034c9800, 0x00000000034cb800, 0x00000000034cf800,
0x00000000034d2000, 0x00000000034d4000, 0x00000000034d6000, 0x00000000034d8000,
0x0000000003513800, 0x0000000003681000, 0x0000724b8c002000, 0x0000724b80002000
}

Java Threads: ( => current thread )
=>0x000000000336e800 JavaThread "main" [_thread_in_native, id=138105, stack(0x00007ffcc387d000,0x00007ffcc397d000)]
  0x00000000034c9800 JavaThread "Reference Handler" daemon [_thread_blocked, id=138112, stack(0x0000724ba9f00000,0x0000724baa000000)]
  0x00000000034cb800 JavaThread "Finalizer" daemon [_thread_blocked, id=138113, stack(0x0000724ba9e00000,0x0000724ba9f00000)]
  0x00000000034cf800 JavaThread "Signal Dispatcher" daemon [_thread_blocked, id=138114, stack(0x0000724ba9d00000,0x0000724ba9e00000)]
  0x00000000034d2000 JavaThread "Service Thread" daemon [_thread_blocked, id=138115, stack(0x0000724ba9c00000,0x0000724ba9d00000)]
  0x00000000034d4000 JavaThread "C2 CompilerThread0" daemon [_thread_blocked, id=138116, stack(0x0000724ba9b00000,0x0000724ba9c00000)]
  0x00000000034d6000 JavaThread "C1 CompilerThread0" daemon [_thread_blocked, id=138117, stack(0x0000724ba9a00000,0x0000724ba9b00000)]
  0x00000000034d8000 JavaThread "Sweeper thread" daemon [_thread_blocked, id=138118, stack(0x0000724ba9900000,0x0000724ba9a00000)]
  0x0000000003513800 JavaThread "Common-Cleaner" daemon [_thread_blocked, id=138120, stack(0x0000724ba96ff000,0x0000724ba97ff000)]
  0x0000000003681000 JavaThread "Python Reference Queue" daemon [_thread_in_native, id=138121, stack(0x0000724ba95ff000,0x0000724ba96ff000)]
  0x0000724b8c002000 JavaThread "SIGTERM handler" daemon [_thread_blocked, id=138123, stack(0x0000724ba93fe000,0x0000724ba94fe000)]
  0x0000724b80002000 JavaThread "Thread-0" [_thread_blocked, id=138124, stack(0x0000724ba92fe000,0x0000724ba93fe000)]

Other Threads:
  0x00000000034c7000 VMThread "VM Thread" [stack: 0x0000724bb8011000,0x0000724bb8111000] [id=138111]
  0x0000000003511000 WatcherThread [stack: 0x0000724ba9800000,0x0000724ba9900000] [id=138119]
  0x0000000003385000 GCTaskThread "GC Thread#0" [stack: 0x0000724bd4d00000,0x0000724bd4e00000] [id=138106]
  0x0000724ba0001800 GCTaskThread "GC Thread#1" [stack: 0x0000724ba94ff000,0x0000724ba95ff000] [id=138122]
  0x000000000339f000 ConcurrentGCThread "G1 Main Marker" [stack: 0x0000724bd4100000,0x0000724bd4200000] [id=138107]
  0x00000000033a0800 ConcurrentGCThread "G1 Conc#0" [stack: 0x0000724bd3d00000,0x0000724bd3e00000] [id=138108]
  0x00000000033da000 ConcurrentGCThread "G1 Refine#0" [stack: 0x0000724bb8a13000,0x0000724bb8b13000] [id=138109]
  0x00000000033dc000 ConcurrentGCThread "G1 Young RemSet Sampling" [stack: 0x0000724bb8912000,0x0000724bb8a12000] [id=138110]

Threads with active compile tasks:

VM state:not at safepoint (normal execution)

VM Mutex/Monitor currently owned by a thread: None

Heap address: 0x00000000c3800000, size: 968 MB, Compressed Oops mode: 32-bit
Narrow klass base: 0x0000000800000000, Narrow klass shift: 3
Compressed class space size: 1073741824 Address: 0x0000000840000000

Heap:
 garbage-first heap   total 17408K, used 2523K [0x00000000c3800000, 0x0000000100000000)
  region size 1024K, 1 young (1024K), 0 survivors (0K)
 Metaspace       used 1602K, capacity 4711K, committed 4864K, reserved 1056768K
  class space    used 146K, capacity 440K, committed 512K, reserved 1048576K
Heap Regions: E=young(eden), S=young(survivor), O=old, HS=humongous(starts), HC=humongous(continues), CS=collection set, F=free, A=archive, TAMS=top-at-mark-start (previous, next)
|   0|0x00000000c3800000, 0x00000000c3847a08, 0x00000000c3900000| 27%| O|  |TAMS 0x00000000c3800000, 0x00000000c3800000| Untracked 
|   1|0x00000000c3900000, 0x00000000c3900000, 0x00000000c3a00000|  0%| F|  |TAMS 0x00000000c3900000, 0x00000000c3900000| Untracked 
|   2|0x00000000c3a00000, 0x00000000c3a00000, 0x00000000c3b00000|  0%| F|  |TAMS 0x00000000c3a00000, 0x00000000c3a00000| Untracked 
|   3|0x00000000c3b00000, 0x00000000c3b00000, 0x00000000c3c00000|  0%| F|  |TAMS 0x00000000c3b00000, 0x00000000c3b00000| Untracked 
|   4|0x00000000c3c00000, 0x00000000c3cffff8, 0x00000000c3d00000| 99%| O|  |TAMS 0x00000000c3c00000, 0x00000000c3c00000| Untracked 
|   5|0x00000000c3d00000, 0x00000000c3d00000, 0x00000000c3e00000|  0%| F|  |TAMS 0x00000000c3d00000, 0x00000000c3d00000| Untracked 
|   6|0x00000000c3e00000, 0x00000000c3e00000, 0x00000000c3f00000|  0%| F|  |TAMS 0x00000000c3e00000, 0x00000000c3e00000| Untracked 
|   7|0x00000000c3f00000, 0x00000000c3f00000, 0x00000000c4000000|  0%| F|  |TAMS 0x00000000c3f00000, 0x00000000c3f00000| Untracked 
|   8|0x00000000c4000000, 0x00000000c407b238, 0x00000000c4100000| 48%| O|  |TAMS 0x00000000c4000000, 0x00000000c4000000| Untracked 
|   9|0x00000000c4100000, 0x00000000c4100000, 0x00000000c4200000|  0%| F|  |TAMS 0x00000000c4100000, 0x00000000c4100000| Untracked 
|  10|0x00000000c4200000, 0x00000000c4200000, 0x00000000c4300000|  0%| F|  |TAMS 0x00000000c4200000, 0x00000000c4200000| Untracked 
|  11|0x00000000c4300000, 0x00000000c4300000, 0x00000000c4400000|  0%| F|  |TAMS 0x00000000c4300000, 0x00000000c4300000| Untracked 
|  12|0x00000000c4400000, 0x00000000c4400000, 0x00000000c4500000|  0%| F|  |TAMS 0x00000000c4400000, 0x00000000c4400000| Untracked 
|  13|0x00000000c4500000, 0x00000000c4500000, 0x00000000c4600000|  0%| F|  |TAMS 0x00000000c4500000, 0x00000000c4500000| Untracked 
|  14|0x00000000c4600000, 0x00000000c4690c78, 0x00000000c4700000| 56%| E|  |TAMS 0x00000000c4600000, 0x00000000c4600000| Complete 
| 966|0x00000000ffe00000, 0x00000000ffe48000, 0x00000000fff00000| 28%|OA|  |TAMS 0x00000000ffe00000, 0x00000000ffe00000| Untracked 
| 967|0x00000000fff00000, 0x00000000fff6c000, 0x0000000100000000| 42%|CA|  |TAMS 0x00000000fff00000, 0x00000000fff00000| Untracked 

Card table byte_map: [0x0000724bbac38000,0x0000724bbae1c000] _byte_map_base: 0x0000724bba61c000

Marking Bits (Prev, Next): (CMBitMap*) 0x000000000339a198, (CMBitMap*) 0x000000000339a1d0
 Prev Bits: [0x0000724bb9b34000, 0x0000724bbaa54000)
 Next Bits: [0x0000724bb8c14000, 0x0000724bb9b34000)

Polling page: 0x0000724bd9f75000

Metaspace:

Usage:
  Non-class:      4.17 MB capacity,     1.42 MB ( 34%) used,     2.75 MB ( 66%) free+waste,     2.19 KB ( <1%) overhead. 
      Class:    440.00 KB capacity,   146.77 KB ( 33%) used,   291.85 KB ( 66%) free+waste,     1.38 KB ( <1%) overhead. 
       Both:      4.60 MB capacity,     1.57 MB ( 34%) used,     3.03 MB ( 66%) free+waste,     3.56 KB ( <1%) overhead. 

Virtual space:
  Non-class space:        8.00 MB reserved,       4.25 MB ( 53%) committed 
      Class space:        1.00 GB reserved,     512.00 KB ( <1%) committed 
             Both:        1.01 GB reserved,       4.75 MB ( <1%) committed 

Chunk freelists:
   Non-Class:  13.00 KB
       Class:  8.00 KB
        Both:  21.00 KB

MaxMetaspaceSize: unlimited
CompressedClassSpaceSize: 1.00 GB
Initial GC threshold: 20.80 MB
Current GC threshold: 20.80 MB
CDS: on

CodeHeap 'non-profiled nmethods': size=120036Kb used=95Kb max_used=95Kb free=119940Kb
 bounds [0x0000724bc2ac7000, 0x0000724bc2d37000, 0x0000724bca000000]
CodeHeap 'profiled nmethods': size=120032Kb used=460Kb max_used=460Kb free=119571Kb
 bounds [0x0000724bbb58f000, 0x0000724bbb7ff000, 0x0000724bc2ac7000]
CodeHeap 'non-nmethods': size=5692Kb used=1097Kb max_used=1111Kb free=4594Kb
 bounds [0x0000724bbb000000, 0x0000724bbb270000, 0x0000724bbb58f000]
 total_blobs=694 nmethods=351 adapters=257
 compilation: enabled
              stopped_count=0, restarted_count=0
 full_count=0

Compilation events (20 events):
Event: 0.093 Thread 0x00000000034d6000 nmethod 335 0x0000724bbb5fd690 code [0x0000724bbb5fd840, 0x0000724bbb5fd9a0]
Event: 0.093 Thread 0x00000000034d6000  339       3       java.lang.Class::getMethod (59 bytes)
Event: 0.093 Thread 0x00000000034d6000 nmethod 339 0x0000724bbb5fda90 code [0x0000724bbb5fdd60, 0x0000724bbb5fe9e0]
Event: 0.093 Thread 0x00000000034d6000  340       3       java.lang.Class::getMethod0 (31 bytes)
Event: 0.093 Thread 0x00000000034d6000 nmethod 340 0x0000724bbb5fee90 code [0x0000724bbb5ff060, 0x0000724bbb5ff290]
Event: 0.093 Thread 0x00000000034d6000  341       3       java.lang.PublicMethods$MethodList::getMostSpecific (63 bytes)
Event: 0.093 Thread 0x00000000034d6000 nmethod 341 0x0000724bbb5ff390 code [0x0000724bbb5ff560, 0x0000724bbb5ff860]
Event: 0.093 Thread 0x00000000034d6000  333       3       java.util.ArrayList$Itr::next (66 bytes)
Event: 0.093 Thread 0x00000000034d6000 nmethod 333 0x0000724bbb5ffa10 code [0x0000724bbb5ffc20, 0x0000724bbb600000]
Event: 0.093 Thread 0x00000000034d6000  334       3       java.util.ArrayList$Itr::checkForComodification (23 bytes)
Event: 0.093 Thread 0x00000000034d6000 nmethod 334 0x0000724bbb600210 code [0x0000724bbb6003e0, 0x0000724bbb6005c0]
Event: 0.093 Thread 0x00000000034d6000  342   !   3       org.jpype.manager.TypeManager::isOverridden (28 bytes)
Event: 0.094 Thread 0x00000000034d6000 nmethod 342 0x0000724bbb600690 code [0x0000724bbb600880, 0x0000724bbb600cc0]
Event: 0.094 Thread 0x00000000034d6000  343       3       java.lang.reflect.Method::equals (69 bytes)
Event: 0.094 Thread 0x00000000034d6000 nmethod 343 0x0000724bbb600f10 code [0x0000724bbb601100, 0x0000724bbb601800]
Event: 0.094 Thread 0x00000000034d6000  337       1       java.lang.reflect.Field::getModifiers (5 bytes)
Event: 0.094 Thread 0x00000000034d6000 nmethod 337 0x0000724bc2ade690 code [0x0000724bc2ade840, 0x0000724bc2ade910]
Event: 0.094 Thread 0x00000000034d4000 nmethod 347 0x0000724bc2ade990 code [0x0000724bc2adeb20, 0x0000724bc2adedb8]
Event: 0.103 Thread 0x00000000034d6000  351       3       java.util.HashMap$HashIterator::nextNode (100 bytes)
Event: 0.103 Thread 0x00000000034d6000 nmethod 351 0x0000724bbb601910 code [0x0000724bbb601b00, 0x0000724bbb602050]

GC Heap History (2 events):
Event: 0.082 GC heap before
{Heap before GC invocations=0 (full 0):
 garbage-first heap   total 65536K, used 3792K [0x00000000c3800000, 0x0000000100000000)
  region size 1024K, 5 young (5120K), 0 survivors (0K)
 Metaspace       used 1494K, capacity 4711K, committed 4864K, reserved 1056768K
  class space    used 143K, capacity 440K, committed 512K, reserved 1048576K
}
Event: 0.085 GC heap after
{Heap after GC invocations=1 (full 1):
 garbage-first heap   total 17408K, used 2523K [0x00000000c3800000, 0x0000000100000000)
  region size 1024K, 0 young (0K), 0 survivors (0K)
 Metaspace       used 1494K, capacity 4711K, committed 4864K, reserved 1056768K
  class space    used 143K, capacity 440K, committed 512K, reserved 1048576K
}

Deoptimization events (20 events):
Event: 0.032 Thread 0x000000000336e800 DEOPT PACKING pc=0x0000724bbb59be0b sp=0x00007ffcc3975280
Event: 0.032 Thread 0x000000000336e800 DEOPT UNPACKING pc=0x0000724bbb04a64a sp=0x00007ffcc3974740 mode 0
Event: 0.032 Thread 0x000000000336e800 DEOPT PACKING pc=0x0000724bbb59b7c3 sp=0x00007ffcc3975250
Event: 0.032 Thread 0x000000000336e800 DEOPT UNPACKING pc=0x0000724bbb04a64a sp=0x00007ffcc3974740 mode 0
Event: 0.032 Thread 0x000000000336e800 DEOPT PACKING pc=0x0000724bbb59be0b sp=0x00007ffcc3975280
Event: 0.032 Thread 0x000000000336e800 DEOPT UNPACKING pc=0x0000724bbb04a64a sp=0x00007ffcc3974740 mode 0
Event: 0.032 Thread 0x000000000336e800 DEOPT PACKING pc=0x0000724bbb59b7c3 sp=0x00007ffcc3975250
Event: 0.032 Thread 0x000000000336e800 DEOPT UNPACKING pc=0x0000724bbb04a64a sp=0x00007ffcc3974740 mode 0
Event: 0.032 Thread 0x000000000336e800 DEOPT PACKING pc=0x0000724bbb59be0b sp=0x00007ffcc3975280
Event: 0.032 Thread 0x000000000336e800 DEOPT UNPACKING pc=0x0000724bbb04a64a sp=0x00007ffcc3974740 mode 0
Event: 0.033 Thread 0x000000000336e800 DEOPT PACKING pc=0x0000724bbb59be0b sp=0x00007ffcc3975280
Event: 0.033 Thread 0x000000000336e800 DEOPT UNPACKING pc=0x0000724bbb04a64a sp=0x00007ffcc3974740 mode 0
Event: 0.033 Thread 0x000000000336e800 DEOPT PACKING pc=0x0000724bbb59be0b sp=0x00007ffcc3975280
Event: 0.033 Thread 0x000000000336e800 DEOPT UNPACKING pc=0x0000724bbb04a64a sp=0x00007ffcc3974740 mode 0
Event: 0.033 Thread 0x000000000336e800 DEOPT PACKING pc=0x0000724bbb59be0b sp=0x00007ffcc3975280
Event: 0.033 Thread 0x000000000336e800 DEOPT UNPACKING pc=0x0000724bbb04a64a sp=0x00007ffcc3974740 mode 0
Event: 0.033 Thread 0x000000000336e800 DEOPT PACKING pc=0x0000724bbb59be0b sp=0x00007ffcc3975280
Event: 0.033 Thread 0x000000000336e800 DEOPT UNPACKING pc=0x0000724bbb04a64a sp=0x00007ffcc3974740 mode 0
Event: 0.033 Thread 0x000000000336e800 DEOPT PACKING pc=0x0000724bbb59be0b sp=0x00007ffcc3975280
Event: 0.033 Thread 0x000000000336e800 DEOPT UNPACKING pc=0x0000724bbb04a64a sp=0x00007ffcc3974740 mode 0

Classes redefined (0 events):
No events

Internal exceptions (4 events):
Event: 0.038 Thread 0x000000000336e800 Exception <a 'java/lang/NoClassDefFoundError'{0x00000000c7301fe8}: org/jpype/classloader/DynamicClassLoader> (0x00000000c7301fe8) thrown at [./src/hotspot/share/classfile/systemDictionary.cpp, line 219]
Event: 0.054 Thread 0x000000000336e800 Exception <a 'java/lang/NoSuchMethodError'{0x00000000c739c0f0}: 'int java.lang.invoke.DirectMethodHandle$Holder.invokeStaticInit(java.lang.Object, java.lang.Object)'> (0x00000000c739c0f0) thrown at [./src/hotspot/share/interpreter/linkResolver.cpp, line 772]
Event: 0.054 Thread 0x000000000336e800 Exception <a 'java/lang/NoSuchMethodError'{0x00000000c73a21d0}: 'java.lang.Object java.lang.invoke.DirectMethodHandle$Holder.invokeStaticInit(java.lang.Object, int)'> (0x00000000c73a21d0) thrown at [./src/hotspot/share/interpreter/linkResolver.cpp, line 772]
Event: 0.112 Thread 0x000000000336e800 Exception <a 'org/jpype/PyExceptionProxy'{0x00000000c4654a88}> (0x00000000c4654a88) thrown at [./src/hotspot/share/prims/jni.cpp, line 617]

Events (20 events):
Event: 0.078 loading class org/jpype/JPypeSignal
Event: 0.078 loading class org/jpype/JPypeSignal done
Event: 0.082 Executing VM operation: G1CollectFull
Event: 0.085 Executing VM operation: G1CollectFull done
Event: 0.092 loading class java/lang/Character$UnicodeScript
Event: 0.092 loading class jdk/internal/misc/Signal$1
Event: 0.092 loading class jdk/internal/misc/Signal$1 done
Event: 0.092 loading class java/lang/Character$UnicodeScript done
Event: 0.092 loading class java/lang/Character$UnicodeBlock
Event: 0.092 loading class java/lang/Character$Subset
Event: 0.092 loading class java/lang/Character$Subset done
Event: 0.092 loading class java/lang/Character$UnicodeBlock done
Event: 0.094 Thread 0x0000724b8c002000 Thread added: 0x0000724b8c002000
Event: 0.094 Protecting memory [0x0000724ba93fe000,0x0000724ba9402000] with protection modes 0
Event: 0.094 Thread 0x0000724b80002000 Thread added: 0x0000724b80002000
Event: 0.094 Protecting memory [0x0000724ba92fe000,0x0000724ba9302000] with protection modes 0
Event: 0.103 Executing VM operation: ThreadDump
Event: 0.103 Executing VM operation: ThreadDump done
Event: 0.103 Executing VM operation: RevokeBias
Event: 0.103 Executing VM operation: RevokeBias done


Dynamic libraries:
00400000-0041f000 r--p 00000000 08:03 3410957                            /usr/bin/python3.11
0041f000-006c4000 r-xp 0001f000 08:03 3410957                            /usr/bin/python3.11
006c4000-00929000 r--p 002c4000 08:03 3410957                            /usr/bin/python3.11
00929000-0092a000 r--p 00528000 08:03 3410957                            /usr/bin/python3.11
0092a000-00a6a000 rw-p 00529000 08:03 3410957                            /usr/bin/python3.11
00a6a000-00aaf000 rw-p 00000000 00:00 0 
01773000-0370b000 rw-p 00000000 00:00 0                                  [heap]
c3800000-c4700000 rw-p 00000000 00:00 0 
c4700000-ffe00000 ---p 00000000 00:00 0 
ffe00000-ffe48000 rw-p 00b14000 08:03 4333372                            /usr/lib/jvm/java-11-openjdk-amd64/lib/server/classes.jsa
ffe48000-fff00000 rw-p 00000000 00:00 0 
fff00000-fff6c000 rw-p 00aa8000 08:03 4333372                            /usr/lib/jvm/java-11-openjdk-amd64/lib/server/classes.jsa
fff6c000-100000000 rw-p 00000000 00:00 0 
800000000-800002000 rwxp 00001000 08:03 4333372                          /usr/lib/jvm/java-11-openjdk-amd64/lib/server/classes.jsa
800002000-8003ce000 rw-p 00003000 08:03 4333372                          /usr/lib/jvm/java-11-openjdk-amd64/lib/server/classes.jsa
8003ce000-800aa6000 r--p 003cf000 08:03 4333372                          /usr/lib/jvm/java-11-openjdk-amd64/lib/server/classes.jsa
800aa6000-800aa7000 rw-p 00aa7000 08:03 4333372                          /usr/lib/jvm/java-11-openjdk-amd64/lib/server/classes.jsa
840000000-840080000 rw-p 00000000 00:00 0 
840080000-880000000 ---p 00000000 00:00 0 
724b74000000-724b74021000 rw-p 00000000 00:00 0 
724b74021000-724b78000000 ---p 00000000 00:00 0 
724b7c000000-724b7c021000 rw-p 00000000 00:00 0 
724b7c021000-724b80000000 ---p 00000000 00:00 0 
724b80000000-724b80021000 rw-p 00000000 00:00 0 
724b80021000-724b84000000 ---p 00000000 00:00 0 
724b84000000-724b84146000 rw-p 00000000 00:00 0 
724b84146000-724b88000000 ---p 00000000 00:00 0 
724b88000000-724b8809d000 rw-p 00000000 00:00 0 
724b8809d000-724b8c000000 ---p 00000000 00:00 0 
724b8c000000-724b8c021000 rw-p 00000000 00:00 0 
724b8c021000-724b90000000 ---p 00000000 00:00 0 
724b90000000-724b90021000 rw-p 00000000 00:00 0 
724b90021000-724b94000000 ---p 00000000 00:00 0 
724b94000000-724b94021000 rw-p 00000000 00:00 0 
724b94021000-724b98000000 ---p 00000000 00:00 0 
724b98000000-724b98021000 rw-p 00000000 00:00 0 
724b98021000-724b9c000000 ---p 00000000 00:00 0 
724b9c000000-724b9c021000 rw-p 00000000 00:00 0 
724b9c021000-724ba0000000 ---p 00000000 00:00 0 
724ba0000000-724ba0021000 rw-p 00000000 00:00 0 
724ba0021000-724ba4000000 ---p 00000000 00:00 0 
724ba4000000-724ba4021000 rw-p 00000000 00:00 0 
724ba4021000-724ba8000000 ---p 00000000 00:00 0 
724ba92fe000-724ba9302000 ---p 00000000 00:00 0 
724ba9302000-724ba93fe000 rw-p 00000000 00:00 0 
724ba93fe000-724ba9402000 ---p 00000000 00:00 0 
724ba9402000-724ba94fe000 rw-p 00000000 00:00 0 
724ba94fe000-724ba94ff000 ---p 00000000 00:00 0 
724ba94ff000-724ba95ff000 rw-p 00000000 00:00 0 
724ba95ff000-724ba9603000 ---p 00000000 00:00 0 
724ba9603000-724ba96ff000 rw-p 00000000 00:00 0 
724ba96ff000-724ba9703000 ---p 00000000 00:00 0 
724ba9703000-724ba97ff000 rw-p 00000000 00:00 0 
724ba97ff000-724ba9800000 ---p 00000000 00:00 0 
724ba9800000-724ba9900000 rw-p 00000000 00:00 0 
724ba9900000-724ba9904000 ---p 00000000 00:00 0 
724ba9904000-724ba9a00000 rw-p 00000000 00:00 0 
724ba9a00000-724ba9a04000 ---p 00000000 00:00 0 
724ba9a04000-724ba9b00000 rw-p 00000000 00:00 0 
724ba9b00000-724ba9b04000 ---p 00000000 00:00 0 
724ba9b04000-724ba9c00000 rw-p 00000000 00:00 0 
724ba9c00000-724ba9c04000 ---p 00000000 00:00 0 
724ba9c04000-724ba9d00000 rw-p 00000000 00:00 0 
724ba9d00000-724ba9d04000 ---p 00000000 00:00 0 
724ba9d04000-724ba9e00000 rw-p 00000000 00:00 0 
724ba9e00000-724ba9e04000 ---p 00000000 00:00 0 
724ba9e04000-724ba9f00000 rw-p 00000000 00:00 0 
724ba9f00000-724ba9f04000 ---p 00000000 00:00 0 
724ba9f04000-724bac000000 rw-p 00000000 00:00 0 
724bac000000-724bac021000 rw-p 00000000 00:00 0 
724bac021000-724bb0000000 ---p 00000000 00:00 0 
724bb0000000-724bb0021000 rw-p 00000000 00:00 0 
724bb0021000-724bb4000000 ---p 00000000 00:00 0 
724bb4000000-724bb4021000 rw-p 00000000 00:00 0 
724bb4021000-724bb8000000 ---p 00000000 00:00 0 
724bb8010000-724bb8011000 ---p 00000000 00:00 0 
724bb8011000-724bb8551000 rw-p 00000000 00:00 0 
724bb8551000-724bb8911000 ---p 00000000 00:00 0 
724bb8911000-724bb8912000 ---p 00000000 00:00 0 
724bb8912000-724bb8a12000 rw-p 00000000 00:00 0 
724bb8a12000-724bb8a13000 ---p 00000000 00:00 0 
724bb8a13000-724bb8c50000 rw-p 00000000 00:00 0 
724bb8c50000-724bb9b2c000 ---p 00000000 00:00 0 
724bb9b2c000-724bb9b70000 rw-p 00000000 00:00 0 
724bb9b70000-724bbaa4c000 ---p 00000000 00:00 0 
724bbaa4c000-724bbaa5c000 rw-p 00000000 00:00 0 
724bbaa5c000-724bbac37000 ---p 00000000 00:00 0 
724bbac37000-724bbac40000 rw-p 00000000 00:00 0 
724bbac40000-724bbae1b000 ---p 00000000 00:00 0 
724bbae1b000-724bbae24000 rw-p 00000000 00:00 0 
724bbae24000-724bbafff000 ---p 00000000 00:00 0 
724bbafff000-724bbb000000 rw-p 00000000 00:00 0 
724bbb000000-724bbb270000 rwxp 00000000 00:00 0 
724bbb270000-724bbb58f000 ---p 00000000 00:00 0 
724bbb58f000-724bbb7ff000 rwxp 00000000 00:00 0 
724bbb7ff000-724bc2ac7000 ---p 00000000 00:00 0 
724bc2ac7000-724bc2d37000 rwxp 00000000 00:00 0 
724bc2d37000-724bca000000 ---p 00000000 00:00 0 
724bca000000-724bd2830000 r--s 00000000 08:03 4326957                    /usr/lib/jvm/java-11-openjdk-amd64/lib/modules
724bd28ff000-724bd2a00000 rw-p 00000000 00:00 0 
724bd2a00000-724bd2c82000 r--p 00000000 08:03 4326960                    /usr/lib/jvm/java-11-openjdk-amd64/lib/server/libjvm.so
724bd2c82000-724bd3920000 r-xp 00282000 08:03 4326960                    /usr/lib/jvm/java-11-openjdk-amd64/lib/server/libjvm.so
724bd3920000-724bd3b7c000 r--p 00f20000 08:03 4326960                    /usr/lib/jvm/java-11-openjdk-amd64/lib/server/libjvm.so
724bd3b7c000-724bd3c40000 r--p 0117b000 08:03 4326960                    /usr/lib/jvm/java-11-openjdk-amd64/lib/server/libjvm.so
724bd3c40000-724bd3c7b000 rw-p 0123f000 08:03 4326960                    /usr/lib/jvm/java-11-openjdk-amd64/lib/server/libjvm.so
724bd3c7b000-724bd3cd2000 rw-p 00000000 00:00 0 
724bd3cff000-724bd3d00000 ---p 00000000 00:00 0 
724bd3d00000-724bd3e00000 rw-p 00000000 00:00 0 
724bd3e00000-724bd3e60000 r-xp 00000000 08:03 4090719                    /home/fox/.cache/pypoetry/virtualenvs/app-nIQL6wxn-py3.11/lib/python3.11/site-packages/psycopg2_binary.libs/libpcre-9513aab5.so.1.2.0
724bd3e60000-724bd4060000 ---p 00060000 08:03 4090719                    /home/fox/.cache/pypoetry/virtualenvs/app-nIQL6wxn-py3.11/lib/python3.11/site-packages/psycopg2_binary.libs/libpcre-9513aab5.so.1.2.0
724bd4060000-724bd4061000 r--p 00060000 08:03 4090719                    /home/fox/.cache/pypoetry/virtualenvs/app-nIQL6wxn-py3.11/lib/python3.11/site-packages/psycopg2_binary.libs/libpcre-9513aab5.so.1.2.0
724bd4061000-724bd4062000 rw-p 00061000 08:03 4090719                    /home/fox/.cache/pypoetry/virtualenvs/app-nIQL6wxn-py3.11/lib/python3.11/site-packages/psycopg2_binary.libs/libpcre-9513aab5.so.1.2.0
724bd4062000-724bd4063000 rw-p 00063000 08:03 4090719                    /home/fox/.cache/pypoetry/virtualenvs/app-nIQL6wxn-py3.11/lib/python3.11/site-packages/psycopg2_binary.libs/libpcre-9513aab5.so.1.2.0
724bd40ff000-724bd4100000 ---p 00000000 00:00 0 
724bd4100000-724bd4200000 rw-p 00000000 00:00 0 
724bd4200000-724bd4224000 r-xp 00000000 08:03 4090715                    /home/fox/.cache/pypoetry/virtualenvs/app-nIQL6wxn-py3.11/lib/python3.11/site-packages/psycopg2_binary.libs/libselinux-0922c95c.so.1
724bd4224000-724bd4423000 ---p 00024000 08:03 4090715                    /home/fox/.cache/pypoetry/virtualenvs/app-nIQL6wxn-py3.11/lib/python3.11/site-packages/psycopg2_binary.libs/libselinux-0922c95c.so.1
724bd4423000-724bd4424000 r--p 00023000 08:03 4090715                    /home/fox/.cache/pypoetry/virtualenvs/app-nIQL6wxn-py3.11/lib/python3.11/site-packages/psycopg2_binary.libs/libselinux-0922c95c.so.1
724bd4424000-724bd4425000 rw-p 00024000 08:03 4090715                    /home/fox/.cache/pypoetry/virtualenvs/app-nIQL6wxn-py3.11/lib/python3.11/site-packages/psycopg2_binary.libs/libselinux-0922c95c.so.1
724bd4425000-724bd4427000 rw-p 00000000 00:00 0 
724bd4427000-724bd442c000 rw-p 00027000 08:03 4090715                    /home/fox/.cache/pypoetry/virtualenvs/app-nIQL6wxn-py3.11/lib/python3.11/site-packages/psycopg2_binary.libs/libselinux-0922c95c.so.1
724bd44ff000-724bd4600000 rw-p 00000000 00:00 0 
724bd4600000-724bd4603000 r-xp 00000000 08:03 4090712                    /home/fox/.cache/pypoetry/virtualenvs/app-nIQL6wxn-py3.11/lib/python3.11/site-packages/psycopg2_binary.libs/libkeyutils-dfe70bd6.so.1.5
724bd4603000-724bd4802000 ---p 00003000 08:03 4090712                    /home/fox/.cache/pypoetry/virtualenvs/app-nIQL6wxn-py3.11/lib/python3.11/site-packages/psycopg2_binary.libs/libkeyutils-dfe70bd6.so.1.5
724bd4802000-724bd4803000 r--p 00002000 08:03 4090712                    /home/fox/.cache/pypoetry/virtualenvs/app-nIQL6wxn-py3.11/lib/python3.11/site-packages/psycopg2_binary.libs/libkeyutils-dfe70bd6.so.1.5
724bd4803000-724bd4805000 rw-p 00003000 08:03 4090712                    /home/fox/.cache/pypoetry/virtualenvs/app-nIQL6wxn-py3.11/lib/python3.11/site-packages/psycopg2_binary.libs/libkeyutils-dfe70bd6.so.1.5
724bd48ff000-724bd4a00000 rw-p 00000000 00:00 0 
724bd4a00000-724bd4a0e000 r-xp 00000000 08:03 4090714                    /home/fox/.cache/pypoetry/virtualenvs/app-nIQL6wxn-py3.11/lib/python3.11/site-packages/psycopg2_binary.libs/libkrb5support-d0bcff84.so.0.1
724bd4a0e000-724bd4c0e000 ---p 0000e000 08:03 4090714                    /home/fox/.cache/pypoetry/virtualenvs/app-nIQL6wxn-py3.11/lib/python3.11/site-packages/psycopg2_binary.libs/libkrb5support-d0bcff84.so.0.1
724bd4c0e000-724bd4c0f000 r--p 0000e000 08:03 4090714                    /home/fox/.cache/pypoetry/virtualenvs/app-nIQL6wxn-py3.11/lib/python3.11/site-packages/psycopg2_binary.libs/libkrb5support-d0bcff84.so.0.1
724bd4c0f000-724bd4c10000 rw-p 0000f000 08:03 4090714                    /home/fox/.cache/pypoetry/virtualenvs/app-nIQL6wxn-py3.11/lib/python3.11/site-packages/psycopg2_binary.libs/libkrb5support-d0bcff84.so.0.1
724bd4c10000-724bd4c12000 rw-p 00011000 08:03 4090714                    /home/fox/.cache/pypoetry/virtualenvs/app-nIQL6wxn-py3.11/lib/python3.11/site-packages/psycopg2_binary.libs/libkrb5support-d0bcff84.so.0.1
724bd4cff000-724bd4d00000 ---p 00000000 00:00 0 
724bd4d00000-724bd4e00000 rw-p 00000000 00:00 0 
724bd4e00000-724bd4e03000 r-xp 00000000 08:03 4090718                    /home/fox/.cache/pypoetry/virtualenvs/app-nIQL6wxn-py3.11/lib/python3.11/site-packages/psycopg2_binary.libs/libcom_err-2abe824b.so.2.1
724bd4e03000-724bd5002000 ---p 00003000 08:03 4090718                    /home/fox/.cache/pypoetry/virtualenvs/app-nIQL6wxn-py3.11/lib/python3.11/site-packages/psycopg2_binary.libs/libcom_err-2abe824b.so.2.1
724bd5002000-724bd5003000 r--p 00002000 08:03 4090718                    /home/fox/.cache/pypoetry/virtualenvs/app-nIQL6wxn-py3.11/lib/python3.11/site-packages/psycopg2_binary.libs/libcom_err-2abe824b.so.2.1
724bd5003000-724bd5005000 rw-p 00003000 08:03 4090718                    /home/fox/.cache/pypoetry/virtualenvs/app-nIQL6wxn-py3.11/lib/python3.11/site-packages/psycopg2_binary.libs/libcom_err-2abe824b.so.2.1
724bd502a000-724bd502f000 rw-p 00000000 00:00 0 
724bd502f000-724bd5115000 ---p 00000000 00:00 0 
724bd5115000-724bd511a000 rw-p 00000000 00:00 0 
724bd511a000-724bd5200000 ---p 00000000 00:00 0 
724bd5200000-724bd5231000 r-xp 00000000 08:03 4090720                    /home/fox/.cache/pypoetry/virtualenvs/app-nIQL6wxn-py3.11/lib/python3.11/site-packages/psycopg2_binary.libs/libk5crypto-b1f99d5c.so.3.1
724bd5231000-724bd5430000 ---p 00031000 08:03 4090720                    /home/fox/.cache/pypoetry/virtualenvs/app-nIQL6wxn-py3.11/lib/python3.11/site-packages/psycopg2_binary.libs/libk5crypto-b1f99d5c.so.3.1
724bd5430000-724bd5432000 r--p 00030000 08:03 4090720                    /home/fox/.cache/pypoetry/virtualenvs/app-nIQL6wxn-py3.11/lib/python3.11/site-packages/psycopg2_binary.libs/libk5crypto-b1f99d5c.so.3.1
724bd5432000-724bd5433000 rw-p 00032000 08:03 4090720                    /home/fox/.cache/pypoetry/virtualenvs/app-nIQL6wxn-py3.11/lib/python3.11/site-packages/psycopg2_binary.libs/libk5crypto-b1f99d5c.so.3.1
724bd5433000-724bd5435000 rw-p 00034000 08:03 4090720                    /home/fox/.cache/pypoetry/virtualenvs/app-nIQL6wxn-py3.11/lib/python3.11/site-packages/psycopg2_binary.libs/libk5crypto-b1f99d5c.so.3.1
724bd547f000-724bd5600000 rw-p 00000000 00:00 0 
724bd5600000-724bd56d9000 r-xp 00000000 08:03 4090741                    /home/fox/.cache/pypoetry/virtualenvs/app-nIQL6wxn-py3.11/lib/python3.11/site-packages/psycopg2_binary.libs/libkrb5-fcafa220.so.3.3
724bd56d9000-724bd58d8000 ---p 000d9000 08:03 4090741                    /home/fox/.cache/pypoetry/virtualenvs/app-nIQL6wxn-py3.11/lib/python3.11/site-packages/psycopg2_binary.libs/libkrb5-fcafa220.so.3.3
724bd58d8000-724bd58e6000 r--p 000d8000 08:03 4090741                    /home/fox/.cache/pypoetry/virtualenvs/app-nIQL6wxn-py3.11/lib/python3.11/site-packages/psycopg2_binary.libs/libkrb5-fcafa220.so.3.3
724bd58e6000-724bd58e9000 rw-p 000e6000 08:03 4090741                    /home/fox/.cache/pypoetry/virtualenvs/app-nIQL6wxn-py3.11/lib/python3.11/site-packages/psycopg2_binary.libs/libkrb5-fcafa220.so.3.3
724bd58e9000-724bd58f5000 rw-p 000ed000 08:03 4090741                    /home/fox/.cache/pypoetry/virtualenvs/app-nIQL6wxn-py3.11/lib/python3.11/site-packages/psycopg2_binary.libs/libkrb5-fcafa220.so.3.3
724bd5928000-724bd592c000 r--p 00000000 08:03 4326947                    /usr/lib/jvm/java-11-openjdk-amd64/lib/libnet.so
724bd592c000-724bd593a000 r-xp 00004000 08:03 4326947                    /usr/lib/jvm/java-11-openjdk-amd64/lib/libnet.so
724bd593a000-724bd593e000 r--p 00012000 08:03 4326947                    /usr/lib/jvm/java-11-openjdk-amd64/lib/libnet.so
724bd593e000-724bd593f000 r--p 00015000 08:03 4326947                    /usr/lib/jvm/java-11-openjdk-amd64/lib/libnet.so
724bd593f000-724bd5940000 rw-p 00016000 08:03 4326947                    /usr/lib/jvm/java-11-openjdk-amd64/lib/libnet.so
724bd5940000-724bd597b000 r--p 00000000 08:03 4090609                    /home/fox/.cache/pypoetry/virtualenvs/app-nIQL6wxn-py3.11/lib/python3.11/site-packages/_jpype.cpython-311-x86_64-linux-gnu.so
724bd597b000-724bd59cf000 r-xp 0003b000 08:03 4090609                    /home/fox/.cache/pypoetry/virtualenvs/app-nIQL6wxn-py3.11/lib/python3.11/site-packages/_jpype.cpython-311-x86_64-linux-gnu.so
724bd59cf000-724bd59f7000 r--p 0008f000 08:03 4090609                    /home/fox/.cache/pypoetry/virtualenvs/app-nIQL6wxn-py3.11/lib/python3.11/site-packages/_jpype.cpython-311-x86_64-linux-gnu.so
724bd59f7000-724bd59f8000 ---p 000b7000 08:03 4090609                    /home/fox/.cache/pypoetry/virtualenvs/app-nIQL6wxn-py3.11/lib/python3.11/site-packages/_jpype.cpython-311-x86_64-linux-gnu.so
724bd59f8000-724bd59fc000 r--p 000b7000 08:03 4090609                    /home/fox/.cache/pypoetry/virtualenvs/app-nIQL6wxn-py3.11/lib/python3.11/site-packages/_jpype.cpython-311-x86_64-linux-gnu.so
724bd59fc000-724bd5a00000 rw-p 000bb000 08:03 4090609                    /home/fox/.cache/pypoetry/virtualenvs/app-nIQL6wxn-py3.11/lib/python3.11/site-packages/_jpype.cpython-311-x86_64-linux-gnu.so
724bd5a00000-724bd5a4a000 r-xp 00000000 08:03 4090722                    /home/fox/.cache/pypoetry/virtualenvs/app-nIQL6wxn-py3.11/lib/python3.11/site-packages/psycopg2_binary.libs/libgssapi_krb5-497db0c6.so.2.2
724bd5a4a000-724bd5c4a000 ---p 0004a000 08:03 4090722                    /home/fox/.cache/pypoetry/virtualenvs/app-nIQL6wxn-py3.11/lib/python3.11/site-packages/psycopg2_binary.libs/libgssapi_krb5-497db0c6.so.2.2
724bd5c4a000-724bd5c4b000 r--p 0004a000 08:03 4090722                    /home/fox/.cache/pypoetry/virtualenvs/app-nIQL6wxn-py3.11/lib/python3.11/site-packages/psycopg2_binary.libs/libgssapi_krb5-497db0c6.so.2.2
724bd5c4b000-724bd5c4d000 rw-p 0004b000 08:03 4090722                    /home/fox/.cache/pypoetry/virtualenvs/app-nIQL6wxn-py3.11/lib/python3.11/site-packages/psycopg2_binary.libs/libgssapi_krb5-497db0c6.so.2.2
724bd5c4d000-724bd5c53000 rw-p 0004f000 08:03 4090722                    /home/fox/.cache/pypoetry/virtualenvs/app-nIQL6wxn-py3.11/lib/python3.11/site-packages/psycopg2_binary.libs/libgssapi_krb5-497db0c6.so.2.2
724bd5c67000-724bd5c6e000 r--p 00000000 08:03 4326948                    /usr/lib/jvm/java-11-openjdk-amd64/lib/libnio.so
724bd5c6e000-724bd5c76000 r-xp 00007000 08:03 4326948                    /usr/lib/jvm/java-11-openjdk-amd64/lib/libnio.so
724bd5c76000-724bd5c79000 r--p 0000f000 08:03 4326948                    /usr/lib/jvm/java-11-openjdk-amd64/lib/libnio.so
724bd5c79000-724bd5c7a000 r--p 00011000 08:03 4326948                    /usr/lib/jvm/java-11-openjdk-amd64/lib/libnio.so
724bd5c7a000-724bd5c7b000 rw-p 00012000 08:03 4326948                    /usr/lib/jvm/java-11-openjdk-amd64/lib/libnio.so
724bd5c7b000-724bd5ca1000 rw-p 00000000 00:00 0 
724bd5ca1000-724bd5ca8000 ---p 00000000 00:00 0 
724bd5ca8000-724bd5caa000 r--p 00000000 08:03 4326956                    /usr/lib/jvm/java-11-openjdk-amd64/lib/libzip.so
724bd5caa000-724bd5caf000 r-xp 00002000 08:03 4326956                    /usr/lib/jvm/java-11-openjdk-amd64/lib/libzip.so
724bd5caf000-724bd5cb1000 r--p 00007000 08:03 4326956                    /usr/lib/jvm/java-11-openjdk-amd64/lib/libzip.so
724bd5cb1000-724bd5cb2000 r--p 00008000 08:03 4326956                    /usr/lib/jvm/java-11-openjdk-amd64/lib/libzip.so
724bd5cb2000-724bd5cb3000 rw-p 00009000 08:03 4326956                    /usr/lib/jvm/java-11-openjdk-amd64/lib/libzip.so
724bd5cb3000-724bd5cc1000 r--p 00000000 08:03 4326936                    /usr/lib/jvm/java-11-openjdk-amd64/lib/libjava.so
724bd5cc1000-724bd5cd7000 r-xp 0000e000 08:03 4326936                    /usr/lib/jvm/java-11-openjdk-amd64/lib/libjava.so
724bd5cd7000-724bd5cde000 r--p 00024000 08:03 4326936                    /usr/lib/jvm/java-11-openjdk-amd64/lib/libjava.so
724bd5cde000-724bd5cdf000 r--p 0002a000 08:03 4326936                    /usr/lib/jvm/java-11-openjdk-amd64/lib/libjava.so
724bd5cdf000-724bd5ce0000 rw-p 0002b000 08:03 4326936                    /usr/lib/jvm/java-11-openjdk-amd64/lib/libjava.so
724bd5ce0000-724bd5de1000 rw-p 00000000 00:00 0 
724bd5de1000-724bd5de5000 r--p 00000000 08:03 4090713                    /home/fox/.cache/pypoetry/virtualenvs/app-nIQL6wxn-py3.11/lib/python3.11/site-packages/psycopg2_binary.libs/libsasl2-883649fd.so.3.0.0
724bd5de5000-724bd5df6000 r-xp 00004000 08:03 4090713                    /home/fox/.cache/pypoetry/virtualenvs/app-nIQL6wxn-py3.11/lib/python3.11/site-packages/psycopg2_binary.libs/libsasl2-883649fd.so.3.0.0
724bd5df6000-724bd5dfc000 r--p 00015000 08:03 4090713                    /home/fox/.cache/pypoetry/virtualenvs/app-nIQL6wxn-py3.11/lib/python3.11/site-packages/psycopg2_binary.libs/libsasl2-883649fd.so.3.0.0
724bd5dfc000-724bd5dfd000 r--p 0001a000 08:03 4090713                    /home/fox/.cache/pypoetry/virtualenvs/app-nIQL6wxn-py3.11/lib/python3.11/site-packages/psycopg2_binary.libs/libsasl2-883649fd.so.3.0.0
724bd5dfd000-724bd5e00000 rw-p 0001b000 08:03 4090713                    /home/fox/.cache/pypoetry/virtualenvs/app-nIQL6wxn-py3.11/lib/python3.11/site-packages/psycopg2_binary.libs/libsasl2-883649fd.so.3.0.0
724bd5e00000-724bd5e77000 r--p 00000000 08:03 4090724                    /home/fox/.cache/pypoetry/virtualenvs/app-nIQL6wxn-py3.11/lib/python3.11/site-packages/psycopg2_binary.libs/libcrypto-7d0e8add.so.1.1
724bd5e77000-724bd6022000 r-xp 00077000 08:03 4090724                    /home/fox/.cache/pypoetry/virtualenvs/app-nIQL6wxn-py3.11/lib/python3.11/site-packages/psycopg2_binary.libs/libcrypto-7d0e8add.so.1.1
724bd6022000-724bd60b0000 r--p 00222000 08:03 4090724                    /home/fox/.cache/pypoetry/virtualenvs/app-nIQL6wxn-py3.11/lib/python3.11/site-packages/psycopg2_binary.libs/libcrypto-7d0e8add.so.1.1
724bd60b0000-724bd60b1000 ---p 002b0000 08:03 4090724                    /home/fox/.cache/pypoetry/virtualenvs/app-nIQL6wxn-py3.11/lib/python3.11/site-packages/psycopg2_binary.libs/libcrypto-7d0e8add.so.1.1
724bd60b1000-724bd60dc000 r--p 002b0000 08:03 4090724                    /home/fox/.cache/pypoetry/virtualenvs/app-nIQL6wxn-py3.11/lib/python3.11/site-packages/psycopg2_binary.libs/libcrypto-7d0e8add.so.1.1
724bd60dc000-724bd60df000 rw-p 002db000 08:03 4090724                    /home/fox/.cache/pypoetry/virtualenvs/app-nIQL6wxn-py3.11/lib/python3.11/site-packages/psycopg2_binary.libs/libcrypto-7d0e8add.so.1.1
724bd60df000-724bd60e3000 rw-p 00000000 00:00 0 
724bd60e3000-724bd6102000 rw-p 002de000 08:03 4090724                    /home/fox/.cache/pypoetry/virtualenvs/app-nIQL6wxn-py3.11/lib/python3.11/site-packages/psycopg2_binary.libs/libcrypto-7d0e8add.so.1.1
724bd6109000-724bd6111000 rw-s 00000000 08:03 1048631                    /tmp/hsperfdata_fox/138105
724bd6111000-724bd6113000 r--p 00000000 08:03 4326939                    /usr/lib/jvm/java-11-openjdk-amd64/lib/libjimage.so
724bd6113000-724bd6116000 r-xp 00002000 08:03 4326939                    /usr/lib/jvm/java-11-openjdk-amd64/lib/libjimage.so
724bd6116000-724bd6117000 r--p 00005000 08:03 4326939                    /usr/lib/jvm/java-11-openjdk-amd64/lib/libjimage.so
724bd6117000-724bd6118000 ---p 00006000 08:03 4326939                    /usr/lib/jvm/java-11-openjdk-amd64/lib/libjimage.so
724bd6118000-724bd6119000 r--p 00006000 08:03 4326939                    /usr/lib/jvm/java-11-openjdk-amd64/lib/libjimage.so
724bd6119000-724bd611a000 rw-p 00007000 08:03 4326939                    /usr/lib/jvm/java-11-openjdk-amd64/lib/libjimage.so
724bd611a000-724bd611d000 r--p 00000000 08:03 4090723                    /home/fox/.cache/pypoetry/virtualenvs/app-nIQL6wxn-py3.11/lib/python3.11/site-packages/psycopg2_binary.libs/liblber-1c2d2bfc.so.2.0.200
724bd611d000-724bd6124000 r-xp 00003000 08:03 4090723                    /home/fox/.cache/pypoetry/virtualenvs/app-nIQL6wxn-py3.11/lib/python3.11/site-packages/psycopg2_binary.libs/liblber-1c2d2bfc.so.2.0.200
724bd6124000-724bd6127000 r--p 0000a000 08:03 4090723                    /home/fox/.cache/pypoetry/virtualenvs/app-nIQL6wxn-py3.11/lib/python3.11/site-packages/psycopg2_binary.libs/liblber-1c2d2bfc.so.2.0.200
724bd6127000-724bd6128000 r--p 0000c000 08:03 4090723                    /home/fox/.cache/pypoetry/virtualenvs/app-nIQL6wxn-py3.11/lib/python3.11/site-packages/psycopg2_binary.libs/liblber-1c2d2bfc.so.2.0.200
724bd6128000-724bd612a000 rw-p 0000d000 08:03 4090723                    /home/fox/.cache/pypoetry/virtualenvs/app-nIQL6wxn-py3.11/lib/python3.11/site-packages/psycopg2_binary.libs/liblber-1c2d2bfc.so.2.0.200
724bd612a000-724bd612d000 r--p 00000000 08:03 3410096                    /usr/lib/x86_64-linux-gnu/libresolv.so.2
724bd612d000-724bd6137000 r-xp 00003000 08:03 3410096                    /usr/lib/x86_64-linux-gnu/libresolv.so.2
724bd6137000-724bd613a000 r--p 0000d000 08:03 3410096                    /usr/lib/x86_64-linux-gnu/libresolv.so.2
724bd613a000-724bd613b000 r--p 0000f000 08:03 3410096                    /usr/lib/x86_64-linux-gnu/libresolv.so.2
724bd613b000-724bd613c000 rw-p 00010000 08:03 3410096                    /usr/lib/x86_64-linux-gnu/libresolv.so.2
724bd613c000-724bd613e000 rw-p 00000000 00:00 0 
724bd613e000-724bd613f000 r--p 00000000 08:03 3410043                    /usr/lib/x86_64-linux-gnu/libdl.so.2
724bd613f000-724bd6140000 r-xp 00001000 08:03 3410043                    /usr/lib/x86_64-linux-gnu/libdl.so.2
724bd6140000-724bd6141000 r--p 00002000 08:03 3410043                    /usr/lib/x86_64-linux-gnu/libdl.so.2
724bd6141000-724bd6142000 r--p 00002000 08:03 3410043                    /usr/lib/x86_64-linux-gnu/libdl.so.2
724bd6142000-724bd6143000 rw-p 00003000 08:03 3410043                    /usr/lib/x86_64-linux-gnu/libdl.so.2
724bd6143000-724bd6153000 r--p 00000000 08:03 4090717                    /home/fox/.cache/pypoetry/virtualenvs/app-nIQL6wxn-py3.11/lib/python3.11/site-packages/psycopg2_binary.libs/libldap-1b002981.so.2.0.200
724bd6153000-724bd618c000 r-xp 00010000 08:03 4090717                    /home/fox/.cache/pypoetry/virtualenvs/app-nIQL6wxn-py3.11/lib/python3.11/site-packages/psycopg2_binary.libs/libldap-1b002981.so.2.0.200
724bd618c000-724bd619e000 r--p 00049000 08:03 4090717                    /home/fox/.cache/pypoetry/virtualenvs/app-nIQL6wxn-py3.11/lib/python3.11/site-packages/psycopg2_binary.libs/libldap-1b002981.so.2.0.200
724bd619e000-724bd619f000 r--p 0005a000 08:03 4090717                    /home/fox/.cache/pypoetry/virtualenvs/app-nIQL6wxn-py3.11/lib/python3.11/site-packages/psycopg2_binary.libs/libldap-1b002981.so.2.0.200
724bd619f000-724bd61a1000 rw-p 0005b000 08:03 4090717                    /home/fox/.cache/pypoetry/virtualenvs/app-nIQL6wxn-py3.11/lib/python3.11/site-packages/psycopg2_binary.libs/libldap-1b002981.so.2.0.200
724bd61a1000-724bd61a3000 rw-p 00000000 00:00 0 
724bd61a3000-724bd61b3000 rw-p 0005e000 08:03 4090717                    /home/fox/.cache/pypoetry/virtualenvs/app-nIQL6wxn-py3.11/lib/python3.11/site-packages/psycopg2_binary.libs/libldap-1b002981.so.2.0.200
724bd61b3000-724bd61cf000 r--p 00000000 08:03 4090716                    /home/fox/.cache/pypoetry/virtualenvs/app-nIQL6wxn-py3.11/lib/python3.11/site-packages/psycopg2_binary.libs/libssl-3e69114b.so.1.1
724bd61cf000-724bd621f000 r-xp 0001c000 08:03 4090716                    /home/fox/.cache/pypoetry/virtualenvs/app-nIQL6wxn-py3.11/lib/python3.11/site-packages/psycopg2_binary.libs/libssl-3e69114b.so.1.1
724bd621f000-724bd6239000 r--p 0006c000 08:03 4090716                    /home/fox/.cache/pypoetry/virtualenvs/app-nIQL6wxn-py3.11/lib/python3.11/site-packages/psycopg2_binary.libs/libssl-3e69114b.so.1.1
724bd6239000-724bd623a000 ---p 00086000 08:03 4090716                    /home/fox/.cache/pypoetry/virtualenvs/app-nIQL6wxn-py3.11/lib/python3.11/site-packages/psycopg2_binary.libs/libssl-3e69114b.so.1.1
724bd623a000-724bd6242000 r--p 00086000 08:03 4090716                    /home/fox/.cache/pypoetry/virtualenvs/app-nIQL6wxn-py3.11/lib/python3.11/site-packages/psycopg2_binary.libs/libssl-3e69114b.so.1.1
724bd6242000-724bd6252000 rw-p 0008e000 08:03 4090716                    /home/fox/.cache/pypoetry/virtualenvs/app-nIQL6wxn-py3.11/lib/python3.11/site-packages/psycopg2_binary.libs/libssl-3e69114b.so.1.1
724bd6252000-724bd625d000 r--p 00000000 08:03 4090721                    /home/fox/.cache/pypoetry/virtualenvs/app-nIQL6wxn-py3.11/lib/python3.11/site-packages/psycopg2_binary.libs/libpq-e8a033dd.so.5.16
724bd625d000-724bd6280000 r-xp 0000b000 08:03 4090721                    /home/fox/.cache/pypoetry/virtualenvs/app-nIQL6wxn-py3.11/lib/python3.11/site-packages/psycopg2_binary.libs/libpq-e8a033dd.so.5.16
724bd6280000-724bd62a2000 r--p 0002e000 08:03 4090721                    /home/fox/.cache/pypoetry/virtualenvs/app-nIQL6wxn-py3.11/lib/python3.11/site-packages/psycopg2_binary.libs/libpq-e8a033dd.so.5.16
724bd62a2000-724bd62a3000 ---p 00050000 08:03 4090721                    /home/fox/.cache/pypoetry/virtualenvs/app-nIQL6wxn-py3.11/lib/python3.11/site-packages/psycopg2_binary.libs/libpq-e8a033dd.so.5.16
724bd62a3000-724bd62a6000 r--p 00050000 08:03 4090721                    /home/fox/.cache/pypoetry/virtualenvs/app-nIQL6wxn-py3.11/lib/python3.11/site-packages/psycopg2_binary.libs/libpq-e8a033dd.so.5.16
724bd62a6000-724bd62a7000 rw-p 00053000 08:03 4090721                    /home/fox/.cache/pypoetry/virtualenvs/app-nIQL6wxn-py3.11/lib/python3.11/site-packages/psycopg2_binary.libs/libpq-e8a033dd.so.5.16
724bd62a7000-724bd62ad000 rw-p 00055000 08:03 4090721                    /home/fox/.cache/pypoetry/virtualenvs/app-nIQL6wxn-py3.11/lib/python3.11/site-packages/psycopg2_binary.libs/libpq-e8a033dd.so.5.16
724bd62ad000-724bd62bd000 r--p 00000000 08:03 4090775                    /home/fox/.cache/pypoetry/virtualenvs/app-nIQL6wxn-py3.11/lib/python3.11/site-packages/psycopg2/_psycopg.cpython-311-x86_64-linux-gnu.so
724bd62bd000-724bd62db000 r-xp 00010000 08:03 4090775                    /home/fox/.cache/pypoetry/virtualenvs/app-nIQL6wxn-py3.11/lib/python3.11/site-packages/psycopg2/_psycopg.cpython-311-x86_64-linux-gnu.so
724bd62db000-724bd62f1000 r--p 0002e000 08:03 4090775                    /home/fox/.cache/pypoetry/virtualenvs/app-nIQL6wxn-py3.11/lib/python3.11/site-packages/psycopg2/_psycopg.cpython-311-x86_64-linux-gnu.so
724bd62f1000-724bd62f3000 r--p 00043000 08:03 4090775                    /home/fox/.cache/pypoetry/virtualenvs/app-nIQL6wxn-py3.11/lib/python3.11/site-packages/psycopg2/_psycopg.cpython-311-x86_64-linux-gnu.so
724bd62f3000-724bd62fa000 rw-p 00045000 08:03 4090775                    /home/fox/.cache/pypoetry/virtualenvs/app-nIQL6wxn-py3.11/lib/python3.11/site-packages/psycopg2/_psycopg.cpython-311-x86_64-linux-gnu.so
724bd62fa000-724bd62ff000 rw-p 0004d000 08:03 4090775                    /home/fox/.cache/pypoetry/virtualenvs/app-nIQL6wxn-py3.11/lib/python3.11/site-packages/psycopg2/_psycopg.cpython-311-x86_64-linux-gnu.so
724bd62ff000-724bd6cff000 rw-p 00000000 00:00 0 
724bd6cff000-724bd6d10000 r--p 00000000 08:03 4090626                    /home/fox/.cache/pypoetry/virtualenvs/app-nIQL6wxn-py3.11/lib/python3.11/site-packages/asyncpg/protocol/protocol.cpython-311-x86_64-linux-gnu.so
724bd6d10000-724bd6db0000 r-xp 00011000 08:03 4090626                    /home/fox/.cache/pypoetry/virtualenvs/app-nIQL6wxn-py3.11/lib/python3.11/site-packages/asyncpg/protocol/protocol.cpython-311-x86_64-linux-gnu.so
724bd6db0000-724bd6dc6000 r--p 000b1000 08:03 4090626                    /home/fox/.cache/pypoetry/virtualenvs/app-nIQL6wxn-py3.11/lib/python3.11/site-packages/asyncpg/protocol/protocol.cpython-311-x86_64-linux-gnu.so
724bd6dc6000-724bd6dc7000 r--p 000c6000 08:03 4090626                    /home/fox/.cache/pypoetry/virtualenvs/app-nIQL6wxn-py3.11/lib/python3.11/site-packages/asyncpg/protocol/protocol.cpython-311-x86_64-linux-gnu.so
724bd6dc7000-724bd6dd4000 rw-p 000c7000 08:03 4090626                    /home/fox/.cache/pypoetry/virtualenvs/app-nIQL6wxn-py3.11/lib/python3.11/site-packages/asyncpg/protocol/protocol.cpython-311-x86_64-linux-gnu.so
724bd6dd4000-724bd7600000 rw-p 00000000 00:00 0 
724bd7600000-724bd769a000 r--p 00000000 08:03 3431238                    /usr/lib/x86_64-linux-gnu/libstdc++.so.6.0.30
724bd769a000-724bd77ab000 r-xp 0009a000 08:03 3431238                    /usr/lib/x86_64-linux-gnu/libstdc++.so.6.0.30
724bd77ab000-724bd781a000 r--p 001ab000 08:03 3431238                    /usr/lib/x86_64-linux-gnu/libstdc++.so.6.0.30
724bd781a000-724bd781b000 ---p 0021a000 08:03 3431238                    /usr/lib/x86_64-linux-gnu/libstdc++.so.6.0.30
724bd781b000-724bd7826000 r--p 0021a000 08:03 3431238                    /usr/lib/x86_64-linux-gnu/libstdc++.so.6.0.30
724bd7826000-724bd7829000 rw-p 00225000 08:03 3431238                    /usr/lib/x86_64-linux-gnu/libstdc++.so.6.0.30
724bd7829000-724bd782c000 rw-p 00000000 00:00 0 
724bd7831000-724bd7836000 r--p 00000000 08:03 4326955                    /usr/lib/jvm/java-11-openjdk-amd64/lib/libverify.so
724bd7836000-724bd783d000 r-xp 00005000 08:03 4326955                    /usr/lib/jvm/java-11-openjdk-amd64/lib/libverify.so
724bd783d000-724bd783f000 r--p 0000c000 08:03 4326955                    /usr/lib/jvm/java-11-openjdk-amd64/lib/libverify.so
724bd783f000-724bd7841000 r--p 0000d000 08:03 4326955                    /usr/lib/jvm/java-11-openjdk-amd64/lib/libverify.so
724bd7841000-724bd7842000 rw-p 0000f000 08:03 4326955                    /usr/lib/jvm/java-11-openjdk-amd64/lib/libverify.so
724bd7842000-724bd7845000 r--p 00000000 08:03 3410792                    /usr/lib/python3.11/lib-dynload/_multibytecodec.cpython-311-x86_64-linux-gnu.so
724bd7845000-724bd784c000 r-xp 00003000 08:03 3410792                    /usr/lib/python3.11/lib-dynload/_multibytecodec.cpython-311-x86_64-linux-gnu.so
724bd784c000-724bd784e000 r--p 0000a000 08:03 3410792                    /usr/lib/python3.11/lib-dynload/_multibytecodec.cpython-311-x86_64-linux-gnu.so
724bd784e000-724bd784f000 r--p 0000b000 08:03 3410792                    /usr/lib/python3.11/lib-dynload/_multibytecodec.cpython-311-x86_64-linux-gnu.so
724bd784f000-724bd7850000 rw-p 0000c000 08:03 3410792                    /usr/lib/python3.11/lib-dynload/_multibytecodec.cpython-311-x86_64-linux-gnu.so
724bd7850000-724bd785d000 r--p 00000000 08:03 4083962                    /home/fox/.cache/pypoetry/virtualenvs/app-nIQL6wxn-py3.11/lib/python3.11/site-packages/charset_normalizer/md__mypyc.cpython-311-x86_64-linux-gnu.so
724bd785d000-724bd7878000 r-xp 0000d000 08:03 4083962                    /home/fox/.cache/pypoetry/virtualenvs/app-nIQL6wxn-py3.11/lib/python3.11/site-packages/charset_normalizer/md__mypyc.cpython-311-x86_64-linux-gnu.so
724bd7878000-724bd7881000 r--p 00028000 08:03 4083962                    /home/fox/.cache/pypoetry/virtualenvs/app-nIQL6wxn-py3.11/lib/python3.11/site-packages/charset_normalizer/md__mypyc.cpython-311-x86_64-linux-gnu.so
724bd7881000-724bd7882000 ---p 00031000 08:03 4083962                    /home/fox/.cache/pypoetry/virtualenvs/app-nIQL6wxn-py3.11/lib/python3.11/site-packages/charset_normalizer/md__mypyc.cpython-311-x86_64-linux-gnu.so
724bd7882000-724bd7883000 r--p 00031000 08:03 4083962                    /home/fox/.cache/pypoetry/virtualenvs/app-nIQL6wxn-py3.11/lib/python3.11/site-packages/charset_normalizer/md__mypyc.cpython-311-x86_64-linux-gnu.so
724bd7883000-724bd7888000 rw-p 00032000 08:03 4083962                    /home/fox/.cache/pypoetry/virtualenvs/app-nIQL6wxn-py3.11/lib/python3.11/site-packages/charset_normalizer/md__mypyc.cpython-311-x86_64-linux-gnu.so
724bd7888000-724bd788f000 r--p 00000000 08:03 4090589                    /home/fox/.cache/pypoetry/virtualenvs/app-nIQL6wxn-py3.11/lib/python3.11/site-packages/asyncpg/pgproto/pgproto.cpython-311-x86_64-linux-gnu.so
724bd788f000-724bd78c1000 r-xp 00007000 08:03 4090589                    /home/fox/.cache/pypoetry/virtualenvs/app-nIQL6wxn-py3.11/lib/python3.11/site-packages/asyncpg/pgproto/pgproto.cpython-311-x86_64-linux-gnu.so
724bd78c1000-724bd78cb000 r--p 00039000 08:03 4090589                    /home/fox/.cache/pypoetry/virtualenvs/app-nIQL6wxn-py3.11/lib/python3.11/site-packages/asyncpg/pgproto/pgproto.cpython-311-x86_64-linux-gnu.so
724bd78cb000-724bd78cc000 ---p 00043000 08:03 4090589                    /home/fox/.cache/pypoetry/virtualenvs/app-nIQL6wxn-py3.11/lib/python3.11/site-packages/asyncpg/pgproto/pgproto.cpython-311-x86_64-linux-gnu.so
724bd78cc000-724bd78cd000 r--p 00043000 08:03 4090589                    /home/fox/.cache/pypoetry/virtualenvs/app-nIQL6wxn-py3.11/lib/python3.11/site-packages/asyncpg/pgproto/pgproto.cpython-311-x86_64-linux-gnu.so
724bd78cd000-724bd78d1000 rw-p 00044000 08:03 4090589                    /home/fox/.cache/pypoetry/virtualenvs/app-nIQL6wxn-py3.11/lib/python3.11/site-packages/asyncpg/pgproto/pgproto.cpython-311-x86_64-linux-gnu.so
724bd78d1000-724bd7ebf000 rw-p 00000000 00:00 0 
724bd7ec2000-724bd7ecb000 r--p 00000000 08:03 4080988                    /home/fox/.cache/pypoetry/virtualenvs/app-nIQL6wxn-py3.11/lib/python3.11/site-packages/greenlet/_greenlet.cpython-311-x86_64-linux-gnu.so
724bd7ecb000-724bd7edb000 r-xp 00009000 08:03 4080988                    /home/fox/.cache/pypoetry/virtualenvs/app-nIQL6wxn-py3.11/lib/python3.11/site-packages/greenlet/_greenlet.cpython-311-x86_64-linux-gnu.so
724bd7edb000-724bd7ee1000 r--p 00019000 08:03 4080988                    /home/fox/.cache/pypoetry/virtualenvs/app-nIQL6wxn-py3.11/lib/python3.11/site-packages/greenlet/_greenlet.cpython-311-x86_64-linux-gnu.so
724bd7ee1000-724bd7ee2000 ---p 0001f000 08:03 4080988                    /home/fox/.cache/pypoetry/virtualenvs/app-nIQL6wxn-py3.11/lib/python3.11/site-packages/greenlet/_greenlet.cpython-311-x86_64-linux-gnu.so
724bd7ee2000-724bd7ee3000 r--p 0001f000 08:03 4080988                    /home/fox/.cache/pypoetry/virtualenvs/app-nIQL6wxn-py3.11/lib/python3.11/site-packages/greenlet/_greenlet.cpython-311-x86_64-linux-gnu.so
724bd7ee3000-724bd7ee4000 rw-p 00020000 08:03 4080988                    /home/fox/.cache/pypoetry/virtualenvs/app-nIQL6wxn-py3.11/lib/python3.11/site-packages/greenlet/_greenlet.cpython-311-x86_64-linux-gnu.so
724bd7ee4000-724bd7ee8000 r--p 00000000 08:03 4090064                    /home/fox/.cache/pypoetry/virtualenvs/app-nIQL6wxn-py3.11/lib/python3.11/site-packages/sqlalchemy/cyextension/util.cpython-311-x86_64-linux-gnu.so
724bd7ee8000-724bd7ef9000 r-xp 00004000 08:03 4090064                    /home/fox/.cache/pypoetry/virtualenvs/app-nIQL6wxn-py3.11/lib/python3.11/site-packages/sqlalchemy/cyextension/util.cpython-311-x86_64-linux-gnu.so
724bd7ef9000-724bd7efc000 r--p 00015000 08:03 4090064                    /home/fox/.cache/pypoetry/virtualenvs/app-nIQL6wxn-py3.11/lib/python3.11/site-packages/sqlalchemy/cyextension/util.cpython-311-x86_64-linux-gnu.so
724bd7efc000-724bd7efd000 ---p 00018000 08:03 4090064                    /home/fox/.cache/pypoetry/virtualenvs/app-nIQL6wxn-py3.11/lib/python3.11/site-packages/sqlalchemy/cyextension/util.cpython-311-x86_64-linux-gnu.so
724bd7efd000-724bd7efe000 r--p 00018000 08:03 4090064                    /home/fox/.cache/pypoetry/virtualenvs/app-nIQL6wxn-py3.11/lib/python3.11/site-packages/sqlalchemy/cyextension/util.cpython-311-x86_64-linux-gnu.so
724bd7efe000-724bd7eff000 rw-p 00019000 08:03 4090064                    /home/fox/.cache/pypoetry/virtualenvs/app-nIQL6wxn-py3.11/lib/python3.11/site-packages/sqlalchemy/cyextension/util.cpython-311-x86_64-linux-gnu.so
724bd7eff000-724bd8200000 rw-p 00000000 00:00 0 
724bd8200000-724bd824b000 r--p 00000000 08:03 4081337                    /home/fox/.cache/pypoetry/virtualenvs/app-nIQL6wxn-py3.11/lib/python3.11/site-packages/pydantic_core/_pydantic_core.cpython-311-x86_64-linux-gnu.so
724bd824b000-724bd85ef000 r-xp 0004b000 08:03 4081337                    /home/fox/.cache/pypoetry/virtualenvs/app-nIQL6wxn-py3.11/lib/python3.11/site-packages/pydantic_core/_pydantic_core.cpython-311-x86_64-linux-gnu.so
724bd85ef000-724bd8706000 r--p 003ef000 08:03 4081337                    /home/fox/.cache/pypoetry/virtualenvs/app-nIQL6wxn-py3.11/lib/python3.11/site-packages/pydantic_core/_pydantic_core.cpython-311-x86_64-linux-gnu.so
724bd8706000-724bd8707000 ---p 00506000 08:03 4081337                    /home/fox/.cache/pypoetry/virtualenvs/app-nIQL6wxn-py3.11/lib/python3.11/site-packages/pydantic_core/_pydantic_core.cpython-311-x86_64-linux-gnu.so
724bd8707000-724bd873c000 r--p 00506000 08:03 4081337                    /home/fox/.cache/pypoetry/virtualenvs/app-nIQL6wxn-py3.11/lib/python3.11/site-packages/pydantic_core/_pydantic_core.cpython-311-x86_64-linux-gnu.so
724bd873c000-724bd873e000 rw-p 0053b000 08:03 4081337                    /home/fox/.cache/pypoetry/virtualenvs/app-nIQL6wxn-py3.11/lib/python3.11/site-packages/pydantic_core/_pydantic_core.cpython-311-x86_64-linux-gnu.so
724bd8741000-724bd8745000 r--p 00000000 08:03 4090066                    /home/fox/.cache/pypoetry/virtualenvs/app-nIQL6wxn-py3.11/lib/python3.11/site-packages/sqlalchemy/cyextension/resultproxy.cpython-311-x86_64-linux-gnu.so
724bd8745000-724bd8751000 r-xp 00004000 08:03 4090066                    /home/fox/.cache/pypoetry/virtualenvs/app-nIQL6wxn-py3.11/lib/python3.11/site-packages/sqlalchemy/cyextension/resultproxy.cpython-311-x86_64-linux-gnu.so
724bd8751000-724bd8754000 r--p 00010000 08:03 4090066                    /home/fox/.cache/pypoetry/virtualenvs/app-nIQL6wxn-py3.11/lib/python3.11/site-packages/sqlalchemy/cyextension/resultproxy.cpython-311-x86_64-linux-gnu.so
724bd8754000-724bd8755000 r--p 00012000 08:03 4090066                    /home/fox/.cache/pypoetry/virtualenvs/app-nIQL6wxn-py3.11/lib/python3.11/site-packages/sqlalchemy/cyextension/resultproxy.cpython-311-x86_64-linux-gnu.so
724bd8755000-724bd8756000 rw-p 00013000 08:03 4090066                    /home/fox/.cache/pypoetry/virtualenvs/app-nIQL6wxn-py3.11/lib/python3.11/site-packages/sqlalchemy/cyextension/resultproxy.cpython-311-x86_64-linux-gnu.so
724bd8756000-724bd8757000 rw-p 00000000 00:00 0 
724bd8757000-724bd875a000 r--p 00000000 08:03 4090060                    /home/fox/.cache/pypoetry/virtualenvs/app-nIQL6wxn-py3.11/lib/python3.11/site-packages/sqlalchemy/cyextension/processors.cpython-311-x86_64-linux-gnu.so
724bd875a000-724bd8765000 r-xp 00003000 08:03 4090060                    /home/fox/.cache/pypoetry/virtualenvs/app-nIQL6wxn-py3.11/lib/python3.11/site-packages/sqlalchemy/cyextension/processors.cpython-311-x86_64-linux-gnu.so
724bd8765000-724bd8768000 r--p 0000e000 08:03 4090060                    /home/fox/.cache/pypoetry/virtualenvs/app-nIQL6wxn-py3.11/lib/python3.11/site-packages/sqlalchemy/cyextension/processors.cpython-311-x86_64-linux-gnu.so
724bd8768000-724bd8769000 r--p 00010000 08:03 4090060                    /home/fox/.cache/pypoetry/virtualenvs/app-nIQL6wxn-py3.11/lib/python3.11/site-packages/sqlalchemy/cyextension/processors.cpython-311-x86_64-linux-gnu.so
724bd8769000-724bd876a000 rw-p 00011000 08:03 4090060                    /home/fox/.cache/pypoetry/virtualenvs/app-nIQL6wxn-py3.11/lib/python3.11/site-packages/sqlalchemy/cyextension/processors.cpython-311-x86_64-linux-gnu.so
724bd876a000-724bd886a000 rw-p 00000000 00:00 0 
724bd886a000-724bd8871000 r--p 00000000 08:03 3410788                    /usr/lib/python3.11/lib-dynload/_decimal.cpython-311-x86_64-linux-gnu.so
724bd8871000-724bd88a1000 r-xp 00007000 08:03 3410788                    /usr/lib/python3.11/lib-dynload/_decimal.cpython-311-x86_64-linux-gnu.so
724bd88a1000-724bd88b1000 r--p 00037000 08:03 3410788                    /usr/lib/python3.11/lib-dynload/_decimal.cpython-311-x86_64-linux-gnu.so
724bd88b1000-724bd88b2000 r--p 00046000 08:03 3410788                    /usr/lib/python3.11/lib-dynload/_decimal.cpython-311-x86_64-linux-gnu.so
724bd88b2000-724bd88b5000 rw-p 00047000 08:03 3410788                    /usr/lib/python3.11/lib-dynload/_decimal.cpython-311-x86_64-linux-gnu.so
724bd88b5000-724bd88b8000 r--p 00000000 08:03 3430450                    /usr/lib/x86_64-linux-gnu/libgcc_s.so.1
724bd88b8000-724bd88cf000 r-xp 00003000 08:03 3430450                    /usr/lib/x86_64-linux-gnu/libgcc_s.so.1
724bd88cf000-724bd88d3000 r--p 0001a000 08:03 3430450                    /usr/lib/x86_64-linux-gnu/libgcc_s.so.1
724bd88d3000-724bd88d4000 r--p 0001d000 08:03 3430450                    /usr/lib/x86_64-linux-gnu/libgcc_s.so.1
724bd88d4000-724bd88d5000 rw-p 0001e000 08:03 3430450                    /usr/lib/x86_64-linux-gnu/libgcc_s.so.1
724bd88d5000-724bd8cd5000 rw-p 00000000 00:00 0 
724bd8cd5000-724bd8cd8000 r--p 00000000 08:03 3430799                    /usr/lib/x86_64-linux-gnu/liblzma.so.5.2.5
724bd8cd8000-724bd8cf3000 r-xp 00003000 08:03 3430799                    /usr/lib/x86_64-linux-gnu/liblzma.so.5.2.5
724bd8cf3000-724bd8cfe000 r--p 0001e000 08:03 3430799                    /usr/lib/x86_64-linux-gnu/liblzma.so.5.2.5
724bd8cfe000-724bd8cff000 r--p 00028000 08:03 3430799                    /usr/lib/x86_64-linux-gnu/liblzma.so.5.2.5
724bd8cff000-724bd8d00000 rw-p 00029000 08:03 3430799                    /usr/lib/x86_64-linux-gnu/liblzma.so.5.2.5
724bd8d00000-724bd9000000 rw-p 00000000 00:00 0 
724bd9000000-724bd90b2000 r--p 00000000 08:03 3411035                    /usr/lib/x86_64-linux-gnu/libcrypto.so.3
724bd90b2000-724bd9311000 r-xp 000b2000 08:03 3411035                    /usr/lib/x86_64-linux-gnu/libcrypto.so.3
724bd9311000-724bd93e3000 r--p 00311000 08:03 3411035                    /usr/lib/x86_64-linux-gnu/libcrypto.so.3
724bd93e3000-724bd943e000 r--p 003e2000 08:03 3411035                    /usr/lib/x86_64-linux-gnu/libcrypto.so.3
724bd943e000-724bd9441000 rw-p 0043d000 08:03 3411035                    /usr/lib/x86_64-linux-gnu/libcrypto.so.3
724bd9441000-724bd9444000 rw-p 00000000 00:00 0 
724bd9445000-724bd9446000 r--p 00000000 08:03 3410091                    /usr/lib/x86_64-linux-gnu/libpthread.so.0
724bd9446000-724bd9447000 r-xp 00001000 08:03 3410091                    /usr/lib/x86_64-linux-gnu/libpthread.so.0
724bd9447000-724bd9448000 r--p 00002000 08:03 3410091                    /usr/lib/x86_64-linux-gnu/libpthread.so.0
724bd9448000-724bd9449000 r--p 00002000 08:03 3410091                    /usr/lib/x86_64-linux-gnu/libpthread.so.0
724bd9449000-724bd944a000 rw-p 00003000 08:03 3410091                    /usr/lib/x86_64-linux-gnu/libpthread.so.0
724bd944e000-724bd9450000 r--p 00000000 08:03 3422877                    /usr/lib/x86_64-linux-gnu/libuuid.so.1.3.0
724bd9450000-724bd9454000 r-xp 00002000 08:03 3422877                    /usr/lib/x86_64-linux-gnu/libuuid.so.1.3.0
724bd9454000-724bd9455000 r--p 00006000 08:03 3422877                    /usr/lib/x86_64-linux-gnu/libuuid.so.1.3.0
724bd9455000-724bd9456000 r--p 00006000 08:03 3422877                    /usr/lib/x86_64-linux-gnu/libuuid.so.1.3.0
724bd9456000-724bd9457000 rw-p 00007000 08:03 3422877                    /usr/lib/x86_64-linux-gnu/libuuid.so.1.3.0
724bd9457000-724bd9458000 r--p 00000000 08:03 3410804                    /usr/lib/python3.11/lib-dynload/_uuid.cpython-311-x86_64-linux-gnu.so
724bd9458000-724bd9459000 r-xp 00001000 08:03 3410804                    /usr/lib/python3.11/lib-dynload/_uuid.cpython-311-x86_64-linux-gnu.so
724bd9459000-724bd945a000 r--p 00002000 08:03 3410804                    /usr/lib/python3.11/lib-dynload/_uuid.cpython-311-x86_64-linux-gnu.so
724bd945a000-724bd945b000 r--p 00002000 08:03 3410804                    /usr/lib/python3.11/lib-dynload/_uuid.cpython-311-x86_64-linux-gnu.so
724bd945b000-724bd945c000 rw-p 00003000 08:03 3410804                    /usr/lib/python3.11/lib-dynload/_uuid.cpython-311-x86_64-linux-gnu.so
724bd945c000-724bd955c000 rw-p 00000000 00:00 0 
724bd955c000-724bd957a000 r--p 00000000 08:03 3411036                    /usr/lib/x86_64-linux-gnu/libssl.so.3
724bd957a000-724bd95d5000 r-xp 0001e000 08:03 3411036                    /usr/lib/x86_64-linux-gnu/libssl.so.3
724bd95d5000-724bd95f2000 r--p 00079000 08:03 3411036                    /usr/lib/x86_64-linux-gnu/libssl.so.3
724bd95f2000-724bd95fc000 r--p 00095000 08:03 3411036                    /usr/lib/x86_64-linux-gnu/libssl.so.3
724bd95fc000-724bd9600000 rw-p 0009f000 08:03 3411036                    /usr/lib/x86_64-linux-gnu/libssl.so.3
724bd9600000-724bd9a00000 rw-p 00000000 00:00 0 
724bd9a00000-724bd9f73000 r--p 00000000 08:03 3408152                    /usr/lib/locale/locale-archive
724bd9f75000-724bd9f76000 ---p 00000000 00:00 0 
724bd9f76000-724bd9f77000 r--p 00000000 00:00 0 
724bd9f77000-724bd9f79000 r--p 00000000 08:03 3430150                    /usr/lib/x86_64-linux-gnu/libbz2.so.1.0.4
724bd9f79000-724bd9f86000 r-xp 00002000 08:03 3430150                    /usr/lib/x86_64-linux-gnu/libbz2.so.1.0.4
724bd9f86000-724bd9f88000 r--p 0000f000 08:03 3430150                    /usr/lib/x86_64-linux-gnu/libbz2.so.1.0.4
724bd9f88000-724bd9f89000 r--p 00010000 08:03 3430150                    /usr/lib/x86_64-linux-gnu/libbz2.so.1.0.4
724bd9f89000-724bd9f8a000 rw-p 00011000 08:03 3430150                    /usr/lib/x86_64-linux-gnu/libbz2.so.1.0.4
724bd9f8b000-724bd9f8c000 r--p 00000000 08:03 4083959                    /home/fox/.cache/pypoetry/virtualenvs/app-nIQL6wxn-py3.11/lib/python3.11/site-packages/charset_normalizer/md.cpython-311-x86_64-linux-gnu.so
724bd9f8c000-724bd9f8d000 r-xp 00001000 08:03 4083959                    /home/fox/.cache/pypoetry/virtualenvs/app-nIQL6wxn-py3.11/lib/python3.11/site-packages/charset_normalizer/md.cpython-311-x86_64-linux-gnu.so
724bd9f8d000-724bd9f8e000 r--p 00002000 08:03 4083959                    /home/fox/.cache/pypoetry/virtualenvs/app-nIQL6wxn-py3.11/lib/python3.11/site-packages/charset_normalizer/md.cpython-311-x86_64-linux-gnu.so
724bd9f8e000-724bd9f8f000 r--p 00002000 08:03 4083959                    /home/fox/.cache/pypoetry/virtualenvs/app-nIQL6wxn-py3.11/lib/python3.11/site-packages/charset_normalizer/md.cpython-311-x86_64-linux-gnu.so
724bd9f8f000-724bd9f90000 rw-p 00003000 08:03 4083959                    /home/fox/.cache/pypoetry/virtualenvs/app-nIQL6wxn-py3.11/lib/python3.11/site-packages/charset_normalizer/md.cpython-311-x86_64-linux-gnu.so
724bd9f90000-724bd9f93000 r--p 00000000 08:03 3410814                    /usr/lib/python3.11/lib-dynload/termios.cpython-311-x86_64-linux-gnu.so
724bd9f93000-724bd9f95000 r-xp 00003000 08:03 3410814                    /usr/lib/python3.11/lib-dynload/termios.cpython-311-x86_64-linux-gnu.so
724bd9f95000-724bd9f97000 r--p 00005000 08:03 3410814                    /usr/lib/python3.11/lib-dynload/termios.cpython-311-x86_64-linux-gnu.so
724bd9f97000-724bd9f98000 r--p 00006000 08:03 3410814                    /usr/lib/python3.11/lib-dynload/termios.cpython-311-x86_64-linux-gnu.so
724bd9f98000-724bd9f9a000 rw-p 00007000 08:03 3410814                    /usr/lib/python3.11/lib-dynload/termios.cpython-311-x86_64-linux-gnu.so
724bd9f9a000-724bd9f9e000 r--p 00000000 08:03 4090063                    /home/fox/.cache/pypoetry/virtualenvs/app-nIQL6wxn-py3.11/lib/python3.11/site-packages/sqlalchemy/cyextension/immutabledict.cpython-311-x86_64-linux-gnu.so
724bd9f9e000-724bd9fad000 r-xp 00004000 08:03 4090063                    /home/fox/.cache/pypoetry/virtualenvs/app-nIQL6wxn-py3.11/lib/python3.11/site-packages/sqlalchemy/cyextension/immutabledict.cpython-311-x86_64-linux-gnu.so
724bd9fad000-724bd9fb0000 r--p 00013000 08:03 4090063                    /home/fox/.cache/pypoetry/virtualenvs/app-nIQL6wxn-py3.11/lib/python3.11/site-packages/sqlalchemy/cyextension/immutabledict.cpython-311-x86_64-linux-gnu.so
724bd9fb0000-724bd9fb1000 ---p 00016000 08:03 4090063                    /home/fox/.cache/pypoetry/virtualenvs/app-nIQL6wxn-py3.11/lib/python3.11/site-packages/sqlalchemy/cyextension/immutabledict.cpython-311-x86_64-linux-gnu.so
724bd9fb1000-724bd9fb2000 r--p 00016000 08:03 4090063                    /home/fox/.cache/pypoetry/virtualenvs/app-nIQL6wxn-py3.11/lib/python3.11/site-packages/sqlalchemy/cyextension/immutabledict.cpython-311-x86_64-linux-gnu.so
724bd9fb2000-724bd9fb3000 rw-p 00017000 08:03 4090063                    /home/fox/.cache/pypoetry/virtualenvs/app-nIQL6wxn-py3.11/lib/python3.11/site-packages/sqlalchemy/cyextension/immutabledict.cpython-311-x86_64-linux-gnu.so
724bd9fb3000-724bd9fb4000 rw-p 00000000 00:00 0 
724bd9fb4000-724bd9fba000 r--p 00000000 08:03 4090059                    /home/fox/.cache/pypoetry/virtualenvs/app-nIQL6wxn-py3.11/lib/python3.11/site-packages/sqlalchemy/cyextension/collections.cpython-311-x86_64-linux-gnu.so
724bd9fba000-724bd9fe4000 r-xp 00006000 08:03 4090059                    /home/fox/.cache/pypoetry/virtualenvs/app-nIQL6wxn-py3.11/lib/python3.11/site-packages/sqlalchemy/cyextension/collections.cpython-311-x86_64-linux-gnu.so
724bd9fe4000-724bd9fec000 r--p 00030000 08:03 4090059                    /home/fox/.cache/pypoetry/virtualenvs/app-nIQL6wxn-py3.11/lib/python3.11/site-packages/sqlalchemy/cyextension/collections.cpython-311-x86_64-linux-gnu.so
724bd9fec000-724bd9fed000 r--p 00037000 08:03 4090059                    /home/fox/.cache/pypoetry/virtualenvs/app-nIQL6wxn-py3.11/lib/python3.11/site-packages/sqlalchemy/cyextension/collections.cpython-311-x86_64-linux-gnu.so
724bd9fed000-724bd9ff0000 rw-p 00038000 08:03 4090059                    /home/fox/.cache/pypoetry/virtualenvs/app-nIQL6wxn-py3.11/lib/python3.11/site-packages/sqlalchemy/cyextension/collections.cpython-311-x86_64-linux-gnu.so
724bd9ff0000-724bd9ff4000 r--p 00000000 08:03 3410773                    /usr/lib/python3.11/lib-dynload/_asyncio.cpython-311-x86_64-linux-gnu.so
724bd9ff4000-724bd9ff9000 r-xp 00004000 08:03 3410773                    /usr/lib/python3.11/lib-dynload/_asyncio.cpython-311-x86_64-linux-gnu.so
724bd9ff9000-724bd9ffd000 r--p 00009000 08:03 3410773                    /usr/lib/python3.11/lib-dynload/_asyncio.cpython-311-x86_64-linux-gnu.so
724bd9ffd000-724bd9ffe000 r--p 0000c000 08:03 3410773                    /usr/lib/python3.11/lib-dynload/_asyncio.cpython-311-x86_64-linux-gnu.so
724bd9ffe000-724bda000000 rw-p 0000d000 08:03 3410773                    /usr/lib/python3.11/lib-dynload/_asyncio.cpython-311-x86_64-linux-gnu.so
724bda000000-724bda028000 r--p 00000000 08:03 3410017                    /usr/lib/x86_64-linux-gnu/libc.so.6
724bda028000-724bda1bd000 r-xp 00028000 08:03 3410017                    /usr/lib/x86_64-linux-gnu/libc.so.6
724bda1bd000-724bda215000 r--p 001bd000 08:03 3410017                    /usr/lib/x86_64-linux-gnu/libc.so.6
724bda215000-724bda216000 ---p 00215000 08:03 3410017                    /usr/lib/x86_64-linux-gnu/libc.so.6
724bda216000-724bda21a000 r--p 00215000 08:03 3410017                    /usr/lib/x86_64-linux-gnu/libc.so.6
724bda21a000-724bda21c000 rw-p 00219000 08:03 3410017                    /usr/lib/x86_64-linux-gnu/libc.so.6
724bda21c000-724bda229000 rw-p 00000000 00:00 0 
724bda229000-724bda22b000 r--p 00000000 08:03 3410789                    /usr/lib/python3.11/lib-dynload/_json.cpython-311-x86_64-linux-gnu.so
724bda22b000-724bda232000 r-xp 00002000 08:03 3410789                    /usr/lib/python3.11/lib-dynload/_json.cpython-311-x86_64-linux-gnu.so
724bda232000-724bda234000 r--p 00009000 08:03 3410789                    /usr/lib/python3.11/lib-dynload/_json.cpython-311-x86_64-linux-gnu.so
724bda234000-724bda235000 r--p 0000a000 08:03 3410789                    /usr/lib/python3.11/lib-dynload/_json.cpython-311-x86_64-linux-gnu.so
724bda235000-724bda236000 rw-p 0000b000 08:03 3410789                    /usr/lib/python3.11/lib-dynload/_json.cpython-311-x86_64-linux-gnu.so
724bda236000-724bda237000 r--p 00000000 08:03 3410781                    /usr/lib/python3.11/lib-dynload/_contextvars.cpython-311-x86_64-linux-gnu.so
724bda237000-724bda238000 r-xp 00001000 08:03 3410781                    /usr/lib/python3.11/lib-dynload/_contextvars.cpython-311-x86_64-linux-gnu.so
724bda238000-724bda239000 r--p 00002000 08:03 3410781                    /usr/lib/python3.11/lib-dynload/_contextvars.cpython-311-x86_64-linux-gnu.so
724bda239000-724bda23a000 r--p 00002000 08:03 3410781                    /usr/lib/python3.11/lib-dynload/_contextvars.cpython-311-x86_64-linux-gnu.so
724bda23a000-724bda23b000 rw-p 00003000 08:03 3410781                    /usr/lib/python3.11/lib-dynload/_contextvars.cpython-311-x86_64-linux-gnu.so
724bda23b000-724bda24d000 r--p 00000000 08:03 3411125                    /usr/lib/python3.11/lib-dynload/_ssl.cpython-311-x86_64-linux-gnu.so
724bda24d000-724bda259000 r-xp 00012000 08:03 3411125                    /usr/lib/python3.11/lib-dynload/_ssl.cpython-311-x86_64-linux-gnu.so
724bda259000-724bda267000 r--p 0001e000 08:03 3411125                    /usr/lib/python3.11/lib-dynload/_ssl.cpython-311-x86_64-linux-gnu.so
724bda267000-724bda268000 r--p 0002b000 08:03 3411125                    /usr/lib/python3.11/lib-dynload/_ssl.cpython-311-x86_64-linux-gnu.so
724bda268000-724bda271000 rw-p 0002c000 08:03 3411125                    /usr/lib/python3.11/lib-dynload/_ssl.cpython-311-x86_64-linux-gnu.so
724bda271000-724bda272000 r--p 00000000 08:03 3410803                    /usr/lib/python3.11/lib-dynload/_typing.cpython-311-x86_64-linux-gnu.so
724bda272000-724bda273000 r-xp 00001000 08:03 3410803                    /usr/lib/python3.11/lib-dynload/_typing.cpython-311-x86_64-linux-gnu.so
724bda273000-724bda274000 r--p 00002000 08:03 3410803                    /usr/lib/python3.11/lib-dynload/_typing.cpython-311-x86_64-linux-gnu.so
724bda274000-724bda275000 r--p 00002000 08:03 3410803                    /usr/lib/python3.11/lib-dynload/_typing.cpython-311-x86_64-linux-gnu.so
724bda275000-724bda276000 rw-p 00003000 08:03 3410803                    /usr/lib/python3.11/lib-dynload/_typing.cpython-311-x86_64-linux-gnu.so
724bda276000-724bda277000 r--p 00000000 08:03 3410794                    /usr/lib/python3.11/lib-dynload/_posixshmem.cpython-311-x86_64-linux-gnu.so
724bda277000-724bda278000 r-xp 00001000 08:03 3410794                    /usr/lib/python3.11/lib-dynload/_posixshmem.cpython-311-x86_64-linux-gnu.so
724bda278000-724bda279000 r--p 00002000 08:03 3410794                    /usr/lib/python3.11/lib-dynload/_posixshmem.cpython-311-x86_64-linux-gnu.so
724bda279000-724bda27a000 r--p 00002000 08:03 3410794                    /usr/lib/python3.11/lib-dynload/_posixshmem.cpython-311-x86_64-linux-gnu.so
724bda27a000-724bda27b000 rw-p 00003000 08:03 3410794                    /usr/lib/python3.11/lib-dynload/_posixshmem.cpython-311-x86_64-linux-gnu.so
724bda27c000-724bda27d000 r--p 00000000 08:03 3410097                    /usr/lib/x86_64-linux-gnu/librt.so.1
724bda27d000-724bda27e000 r-xp 00001000 08:03 3410097                    /usr/lib/x86_64-linux-gnu/librt.so.1
724bda27e000-724bda27f000 r--p 00002000 08:03 3410097                    /usr/lib/x86_64-linux-gnu/librt.so.1
724bda27f000-724bda280000 r--p 00002000 08:03 3410097                    /usr/lib/x86_64-linux-gnu/librt.so.1
724bda280000-724bda281000 rw-p 00003000 08:03 3410097                    /usr/lib/x86_64-linux-gnu/librt.so.1
724bda281000-724bda285000 r--p 00000000 08:03 3411124                    /usr/lib/python3.11/lib-dynload/_hashlib.cpython-311-x86_64-linux-gnu.so
724bda285000-724bda28b000 r-xp 00004000 08:03 3411124                    /usr/lib/python3.11/lib-dynload/_hashlib.cpython-311-x86_64-linux-gnu.so
724bda28b000-724bda28f000 r--p 0000a000 08:03 3411124                    /usr/lib/python3.11/lib-dynload/_hashlib.cpython-311-x86_64-linux-gnu.so
724bda28f000-724bda290000 r--p 0000d000 08:03 3411124                    /usr/lib/python3.11/lib-dynload/_hashlib.cpython-311-x86_64-linux-gnu.so
724bda290000-724bda292000 rw-p 0000e000 08:03 3411124                    /usr/lib/python3.11/lib-dynload/_hashlib.cpython-311-x86_64-linux-gnu.so
724bda292000-724bda295000 r--p 00000000 08:03 3410791                    /usr/lib/python3.11/lib-dynload/_lzma.cpython-311-x86_64-linux-gnu.so
724bda295000-724bda29a000 r-xp 00003000 08:03 3410791                    /usr/lib/python3.11/lib-dynload/_lzma.cpython-311-x86_64-linux-gnu.so
724bda29a000-724bda29d000 r--p 00008000 08:03 3410791                    /usr/lib/python3.11/lib-dynload/_lzma.cpython-311-x86_64-linux-gnu.so
724bda29d000-724bda29e000 r--p 0000a000 08:03 3410791                    /usr/lib/python3.11/lib-dynload/_lzma.cpython-311-x86_64-linux-gnu.so
724bda29e000-724bda29f000 rw-p 0000b000 08:03 3410791                    /usr/lib/python3.11/lib-dynload/_lzma.cpython-311-x86_64-linux-gnu.so
724bda29f000-724bda2a1000 r--p 00000000 08:03 3410774                    /usr/lib/python3.11/lib-dynload/_bz2.cpython-311-x86_64-linux-gnu.so
724bda2a1000-724bda2a4000 r-xp 00002000 08:03 3410774                    /usr/lib/python3.11/lib-dynload/_bz2.cpython-311-x86_64-linux-gnu.so
724bda2a4000-724bda2a6000 r--p 00005000 08:03 3410774                    /usr/lib/python3.11/lib-dynload/_bz2.cpython-311-x86_64-linux-gnu.so
724bda2a6000-724bda2a7000 r--p 00006000 08:03 3410774                    /usr/lib/python3.11/lib-dynload/_bz2.cpython-311-x86_64-linux-gnu.so
724bda2a7000-724bda2a8000 rw-p 00007000 08:03 3410774                    /usr/lib/python3.11/lib-dynload/_bz2.cpython-311-x86_64-linux-gnu.so
724bda2a8000-724bda2aa000 r--p 00000000 08:03 3410795                    /usr/lib/python3.11/lib-dynload/_queue.cpython-311-x86_64-linux-gnu.so
724bda2aa000-724bda2ab000 r-xp 00002000 08:03 3410795                    /usr/lib/python3.11/lib-dynload/_queue.cpython-311-x86_64-linux-gnu.so
724bda2ab000-724bda2ac000 r--p 00003000 08:03 3410795                    /usr/lib/python3.11/lib-dynload/_queue.cpython-311-x86_64-linux-gnu.so
724bda2ac000-724bda2ad000 r--p 00003000 08:03 3410795                    /usr/lib/python3.11/lib-dynload/_queue.cpython-311-x86_64-linux-gnu.so
724bda2ad000-724bda2ae000 rw-p 00004000 08:03 3410795                    /usr/lib/python3.11/lib-dynload/_queue.cpython-311-x86_64-linux-gnu.so
724bda2ae000-724bda412000 rw-p 00000000 00:00 0 
724bda412000-724bda416000 r--p 00000000 08:03 3410412                    /usr/lib/x86_64-linux-gnu/libexpat.so.1.8.7
724bda416000-724bda435000 r-xp 00004000 08:03 3410412                    /usr/lib/x86_64-linux-gnu/libexpat.so.1.8.7
724bda435000-724bda43f000 r--p 00023000 08:03 3410412                    /usr/lib/x86_64-linux-gnu/libexpat.so.1.8.7
724bda43f000-724bda440000 ---p 0002d000 08:03 3410412                    /usr/lib/x86_64-linux-gnu/libexpat.so.1.8.7
724bda440000-724bda442000 r--p 0002d000 08:03 3410412                    /usr/lib/x86_64-linux-gnu/libexpat.so.1.8.7
724bda442000-724bda443000 rw-p 0002f000 08:03 3410412                    /usr/lib/x86_64-linux-gnu/libexpat.so.1.8.7
724bda443000-724bda445000 r--p 00000000 08:03 3431509                    /usr/lib/x86_64-linux-gnu/libz.so.1.2.11
724bda445000-724bda456000 r-xp 00002000 08:03 3431509                    /usr/lib/x86_64-linux-gnu/libz.so.1.2.11
724bda456000-724bda45c000 r--p 00013000 08:03 3431509                    /usr/lib/x86_64-linux-gnu/libz.so.1.2.11
724bda45c000-724bda45d000 ---p 00019000 08:03 3431509                    /usr/lib/x86_64-linux-gnu/libz.so.1.2.11
724bda45d000-724bda45e000 r--p 00019000 08:03 3431509                    /usr/lib/x86_64-linux-gnu/libz.so.1.2.11
724bda45e000-724bda45f000 rw-p 0001a000 08:03 3431509                    /usr/lib/x86_64-linux-gnu/libz.so.1.2.11
724bda45f000-724bda46d000 r--p 00000000 08:03 3410050                    /usr/lib/x86_64-linux-gnu/libm.so.6
724bda46d000-724bda4e9000 r-xp 0000e000 08:03 3410050                    /usr/lib/x86_64-linux-gnu/libm.so.6
724bda4e9000-724bda544000 r--p 0008a000 08:03 3410050                    /usr/lib/x86_64-linux-gnu/libm.so.6
724bda544000-724bda545000 r--p 000e4000 08:03 3410050                    /usr/lib/x86_64-linux-gnu/libm.so.6
724bda545000-724bda546000 rw-p 000e5000 08:03 3410050                    /usr/lib/x86_64-linux-gnu/libm.so.6
724bda546000-724bda548000 r--p 00000000 08:03 3410793                    /usr/lib/python3.11/lib-dynload/_multiprocessing.cpython-311-x86_64-linux-gnu.so
724bda548000-724bda54a000 r-xp 00002000 08:03 3410793                    /usr/lib/python3.11/lib-dynload/_multiprocessing.cpython-311-x86_64-linux-gnu.so
724bda54a000-724bda54b000 r--p 00004000 08:03 3410793                    /usr/lib/python3.11/lib-dynload/_multiprocessing.cpython-311-x86_64-linux-gnu.so
724bda54b000-724bda54c000 r--p 00004000 08:03 3410793                    /usr/lib/python3.11/lib-dynload/_multiprocessing.cpython-311-x86_64-linux-gnu.so
724bda54c000-724bda54d000 rw-p 00005000 08:03 3410793                    /usr/lib/python3.11/lib-dynload/_multiprocessing.cpython-311-x86_64-linux-gnu.so
724bda54d000-724bda551000 rw-p 00000000 00:00 0 
724bda551000-724bda558000 r--s 00000000 08:03 3447446                    /usr/lib/x86_64-linux-gnu/gconv/gconv-modules.cache
724bda558000-724bda55a000 rw-p 00000000 00:00 0 
724bda55a000-724bda55c000 r--p 00000000 08:03 3407946                    /usr/lib/x86_64-linux-gnu/ld-linux-x86-64.so.2
724bda55c000-724bda586000 r-xp 00002000 08:03 3407946                    /usr/lib/x86_64-linux-gnu/ld-linux-x86-64.so.2
724bda586000-724bda591000 r--p 0002c000 08:03 3407946                    /usr/lib/x86_64-linux-gnu/ld-linux-x86-64.so.2
724bda591000-724bda592000 r--p 00000000 00:00 0 
724bda592000-724bda594000 r--p 00037000 08:03 3407946                    /usr/lib/x86_64-linux-gnu/ld-linux-x86-64.so.2
724bda594000-724bda596000 rw-p 00039000 08:03 3407946                    /usr/lib/x86_64-linux-gnu/ld-linux-x86-64.so.2
7ffcc387d000-7ffcc3881000 ---p 00000000 00:00 0 
7ffcc3881000-7ffcc397d000 rw-p 00000000 00:00 0                          [stack]
7ffcc397f000-7ffcc3983000 r--p 00000000 00:00 0                          [vvar]
7ffcc3983000-7ffcc3985000 r-xp 00000000 00:00 0                          [vdso]
ffffffffff600000-ffffffffff601000 --xp 00000000 00:00 0                  [vsyscall]


VM Arguments:
java_command: <unknown>
java_class_path (initial): /home/fox/.cache/pypoetry/virtualenvs/app-nIQL6wxn-py3.11/lib/python3.11/site-packages/mpxj/lib/FastInfoset-1.2.16.jar:/home/fox/.cache/pypoetry/virtualenvs/app-nIQL6wxn-py3.11/lib/python3.11/site-packages/mpxj/lib/jaxb-runtime-2.3.2.jar:/home/fox/.cache/pypoetry/virtualenvs/app-nIQL6wxn-py3.11/lib/python3.11/site-packages/mpxj/lib/jgoodies-common-1.8.1.jar:/home/fox/.cache/pypoetry/virtualenvs/app-nIQL6wxn-py3.11/lib/python3.11/site-packages/mpxj/lib/jakarta.xml.bind-api-2.3.2.jar:/home/fox/.cache/pypoetry/virtualenvs/app-nIQL6wxn-py3.11/lib/python3.11/site-packages/mpxj/lib/txw2-2.3.2.jar:/home/fox/.cache/pypoetry/virtualenvs/app-nIQL6wxn-py3.11/lib/python3.11/site-packages/mpxj/lib/commons-logging-1.2.jar:/home/fox/.cache/pypoetry/virtualenvs/app-nIQL6wxn-py3.11/lib/python3.11/site-packages/mpxj/lib/jackcess-4.0.1.jar:/home/fox/.cache/pypoetry/virtualenvs/app-nIQL6wxn-py3.11/lib/python3.11/site-packages/mpxj/lib/commons-codec-1.15.jar:/home/fox/.cache/pypoetry/virtualenvs/app-nIQL6wxn-py3.11/lib/python3.11/site-packages/mpxj/lib/jakarta.activation-api-1.2.1.jar:/home/fox/.cache/pypoetry/virtualenvs/app-nIQL6wxn-py3.11/lib/python3.11/site-packages/mpxj/lib/jgoodies-binding-2.13.0.jar:/home/fox/.cache/pypoetry/virtualenvs/app-nIQL6wxn-py3.11/lib/python3.11/site-packages/mpxj/lib/hamcrest-core-1.3.jar:/home/fox/.cache/pypoetry/virtualenvs/app-nIQL6wxn-py3.11/lib/python3.11/site-packages/mpxj/lib/mpxj.jar:/home/fox/.cache/pypoetry/virtualenvs/app-nIQL6wxn-py3.11/lib/python3.11/site-packages/mpxj/lib/log4j-api-2.17.2.jar:/home/fox/.cache/pypoetry/virtualenvs/app-nIQL6wxn-py3.11/lib/python3.11/site-packages/mpxj/lib/commons-lang3-3.10.jar:/home/fox/.cache/pypoetry/virtualenvs/app-nIQL6wxn-py3.11/lib/python3.11/site-packages/mpxj/lib/sqlite-jdbc-3.42.0.0.jar:/home/fox/.cache/pypoetry/virtualenvs/app-nIQL6wxn-py3.11/lib/python3.11/site-packages/mpxj/lib/rtfparserkit-1.16.0.jar:/home/fox/.cache/pypoetry/virtualenvs/app-nIQL6wxn-py3.11/lib/pyth
Launcher Type: generic

[Global flags]
     intx CICompilerCount                          = 2                                         {product} {ergonomic}
     uint ConcGCThreads                            = 1                                         {product} {ergonomic}
     uint G1ConcRefinementThreads                  = 2                                         {product} {ergonomic}
   size_t G1HeapRegionSize                         = 1048576                                   {product} {ergonomic}
    uintx GCDrainStackTargetSize                   = 64                                        {product} {ergonomic}
   size_t InitialHeapSize                          = 65011712                                  {product} {ergonomic}
   size_t MarkStackSize                            = 4194304                                   {product} {ergonomic}
   size_t MaxHeapSize                              = 1015021568                                {product} {ergonomic}
   size_t MaxNewSize                               = 608174080                                 {product} {ergonomic}
   size_t MinHeapDeltaBytes                        = 1048576                                   {product} {ergonomic}
    uintx NonNMethodCodeHeapSize                   = 5825164                                {pd product} {ergonomic}
    uintx NonProfiledCodeHeapSize                  = 122916538                              {pd product} {ergonomic}
    uintx ProfiledCodeHeapSize                     = 122916538                              {pd product} {ergonomic}
    uintx ReservedCodeCacheSize                    = 251658240                              {pd product} {ergonomic}
     bool SegmentedCodeCache                       = true                                      {product} {ergonomic}
     bool UseCompressedClassPointers               = true                                 {lp64_product} {ergonomic}
     bool UseCompressedOops                        = true                                 {lp64_product} {ergonomic}
     bool UseG1GC                                  = true                                      {product} {ergonomic}

Logging:
Log output configuration:
 #0: stdout all=warning uptime,level,tags
 #1: stderr all=off uptime,level,tags

Environment Variables:
JAVA_HOME=/usr/lib/jvm/java-11-openjdk-amd64
PATH=/home/fox/.cache/pypoetry/virtualenvs/app-nIQL6wxn-py3.11/bin:/home/fox/.cargo/bin:/home/fox/go/bin:/usr/local/go/bin:/home/fox/.nvm/versions/node/v18.20.2/bin:/home/fox/.local/bin:/usr/local/sbin:/usr/local/bin:/usr/sbin:/usr/bin:/sbin:/bin:/usr/games:/usr/local/games:/snap/bin:/snap/bin:/usr/local/go/bin
USERNAME=fox
SHELL=/bin/bash
DISPLAY=:0
LANG=en_US.UTF-8
TERM=xterm-256color

Signal Handlers:
SIGSEGV: [libjvm.so+0xeadc00], sa_mask[0]=11111111011111111101111111111110, sa_flags=SA_RESTART|SA_SIGINFO
SIGBUS: [libjvm.so+0xeadc00], sa_mask[0]=11111111011111111101111111111110, sa_flags=SA_RESTART|SA_SIGINFO
SIGFPE: [libjvm.so+0xeadc00], sa_mask[0]=11111111011111111101111111111110, sa_flags=SA_RESTART|SA_SIGINFO
SIGPIPE: [libjvm.so+0xbeff10], sa_mask[0]=11111111011111111101111111111110, sa_flags=SA_RESTART|SA_SIGINFO
SIGXFSZ: [libjvm.so+0xbeff10], sa_mask[0]=11111111011111111101111111111110, sa_flags=SA_RESTART|SA_SIGINFO
SIGILL: [libjvm.so+0xeadc00], sa_mask[0]=11111111011111111101111111111110, sa_flags=SA_RESTART|SA_SIGINFO
SIGUSR2: [libjvm.so+0xbefdb0], sa_mask[0]=00100000000000000000000000000000, sa_flags=SA_RESTART|SA_SIGINFO
SIGHUP: [libjvm.so+0xbf0570], sa_mask[0]=11111111011111111101111111111110, sa_flags=SA_RESTART|SA_SIGINFO
SIGINT: [libjvm.so+0xbf0570], sa_mask[0]=11111111011111111101111111111110, sa_flags=SA_RESTART|SA_SIGINFO
SIGTERM: [libjvm.so+0xbf0570], sa_mask[0]=11111111011111111101111111111110, sa_flags=SA_RESTART|SA_SIGINFO
SIGQUIT: [libjvm.so+0xbf0570], sa_mask[0]=11111111011111111101111111111110, sa_flags=SA_RESTART|SA_SIGINFO


---------------  S Y S T E M  ---------------

OS:DISTRIB_ID=Ubuntu
DISTRIB_RELEASE=22.04
DISTRIB_CODENAME=jammy
DISTRIB_DESCRIPTION="Ubuntu 22.04.4 LTS"
uname:Linux 6.5.0-41-generic #41~22.04.2-Ubuntu SMP PREEMPT_DYNAMIC Mon Jun  3 11:32:55 UTC 2 x86_64
OS uptime: 0 days 21:50 hours
libc:glibc 2.35 NPTL 2.35 
rlimit (soft/hard): STACK 8192k/infinity , CORE 0k/infinity , NPROC 15180/15180 , NOFILE 1048576/1048576 , AS infinity/infinity , CPU infinity/infinity , DATA infinity/infinity , FSIZE infinity/infinity , MEMLOCK 495444k/495444k
load average:0.93 1.17 0.90

/proc/meminfo:
MemTotal:        3963568 kB
MemFree:          505924 kB
MemAvailable:    1071600 kB
Buffers:           16388 kB
Cached:           796276 kB
SwapCached:        52212 kB
Active:          1788556 kB
Inactive:         924080 kB
Active(anon):    1461088 kB
Inactive(anon):   531856 kB
Active(file):     327468 kB
Inactive(file):   392224 kB
Unevictable:          32 kB
Mlocked:              32 kB
SwapTotal:       3991548 kB
SwapFree:        3115312 kB
Zswap:                 0 kB
Zswapped:              0 kB
Dirty:               420 kB
Writeback:             4 kB
AnonPages:       1879528 kB
Mapped:           567832 kB
Shmem:             92872 kB
KReclaimable:     100880 kB
Slab:             268828 kB
SReclaimable:     100880 kB
SUnreclaim:       167948 kB
KernelStack:       17180 kB
PageTables:        37900 kB
SecPageTables:         0 kB
NFS_Unstable:          0 kB
Bounce:                0 kB
WritebackTmp:          0 kB
CommitLimit:     5973332 kB
Committed_AS:   10907084 kB
VmallocTotal:   34359738367 kB
VmallocUsed:       38968 kB
VmallocChunk:          0 kB
Percpu:           109568 kB
HardwareCorrupted:     0 kB
AnonHugePages:         0 kB
ShmemHugePages:        0 kB
ShmemPmdMapped:        0 kB
FileHugePages:         0 kB
FilePmdMapped:         0 kB
Unaccepted:            0 kB
HugePages_Total:       0
HugePages_Free:        0
HugePages_Rsvd:        0
HugePages_Surp:        0
Hugepagesize:       2048 kB
Hugetlb:               0 kB
DirectMap4k:      155520 kB
DirectMap2M:     4038656 kB
DirectMap1G:     2097152 kB

/sys/kernel/mm/transparent_hugepage/enabled:
always [madvise] never
/sys/kernel/mm/transparent_hugepage/defrag (defrag/compaction efforts parameter):
always defer defer+madvise [madvise] never

Process Memory:
Virtual Size: 3677540K (peak: 12432996K)
Resident Set Size: 134916K (peak: 137900K) (anon: 90244K, file: 44672K, shmem: 0K)
Swapped out: 0K
C-Heap outstanding allocations: 40021K, retained: 1938K
glibc malloc tunables: (default)

/proc/sys/kernel/threads-max (system-wide limit on the number of threads):
30361
/proc/sys/vm/max_map_count (maximum number of memory map areas a process may have):
65530
/proc/sys/kernel/pid_max (system-wide limit on number of process identifiers):
4194304

container (cgroup) information:
container_type: cgroupv2
cpu_cpuset_cpus: not supported
cpu_memory_nodes: not supported
active_processor_count: 2
cpu_quota: not supported
cpu_period: not supported
cpu_shares: not supported
memory_limit_in_bytes: unlimited
memory_and_swap_limit_in_bytes: unlimited
memory_soft_limit_in_bytes: unlimited
memory_usage_in_bytes: 271200 k
memory_max_usage_in_bytes: not supported
memory_swap_current_in_bytes: 60812 k
memory_swap_max_limit_in_bytes: unlimited
maximum number of tasks: 4554
current number of tasks: 41

VMWare virtualization detected
Steal ticks since vm start: 0
Steal ticks percentage since vm start:  0.000

CPU:total 2 (initial active 2) (1 cores per cpu, 1 threads per core) family 6 model 151 stepping 2 microcode 0x15, cmov, cx8, fxsr, mmx, sse, sse2, sse3, ssse3, sse4.1, sse4.2, popcnt, avx, avx2, aes, clmul, erms, 3dnowpref, lzcnt, tsc, tscinvbit, bmi1, bmi2, adx, sha, fma
CPU Model and flags from /proc/cpuinfo:
model name	: 12th Gen Intel(R) Core(TM) i7-12700
flags		: fpu vme de pse tsc msr pae mce cx8 apic sep mtrr pge mca cmov pat pse36 clflush mmx fxsr sse sse2 ss syscall nx pdpe1gb rdtscp lm constant_tsc arch_perfmon rep_good nopl xtopology tsc_reliable nonstop_tsc cpuid tsc_known_freq pni pclmulqdq ssse3 fma cx16 sse4_1 sse4_2 x2apic movbe popcnt tsc_deadline_timer aes xsave avx f16c rdrand hypervisor lahf_lm abm 3dnowprefetch ssbd ibrs ibpb stibp ibrs_enhanced fsgsbase tsc_adjust bmi1 avx2 smep bmi2 erms invpcid rdseed adx smap clflushopt clwb sha_ni xsaveopt xsavec xgetbv1 xsaves avx_vnni arat umip pku ospke gfni vaes vpclmulqdq rdpid movdiri movdir64b fsrm md_clear serialize flush_l1d arch_capabilities
Online cpus:
0-1
Offline cpus:
2-127
BIOS frequency limitation:
<Not Available>
Frequency switch latency (ns):
<Not Available>
Available cpu frequencies:
<Not Available>
Current governor:
<Not Available>
Core performance/turbo boost:
<Not Available>

Memory: 4k page, physical 3963568k(505924k free), swap 3991548k(3115312k free)

vm_info: OpenJDK 64-Bit Server VM (11.0.23+9-post-Ubuntu-1ubuntu122.04.1) for linux-amd64 JRE (11.0.23+9-post-Ubuntu-1ubuntu122.04.1), built on May 30 2024 05:25:53 by "unknown" with gcc 11.4.0

END.
